[0.547s] Invoking command in '/home/manoj/ros2_ws/src/my_py_pkg': PYTHONPATH=/home/manoj/ros2_ws/build/my_py_pkg/prefix_override:/home/manoj/ros2_ws/install/my_py_pkg/lib/python3.10/site-packages:${PYTHONPATH} /usr/bin/python3 setup.py egg_info --egg-base ../../build/my_py_pkg build --build-base /home/manoj/ros2_ws/build/my_py_pkg/build install --record /home/manoj/ros2_ws/build/my_py_pkg/install.log --single-version-externally-managed
[0.738s] running egg_info
[0.738s] creating ../../build/my_py_pkg/my_py_pkg.egg-info
[0.739s] writing ../../build/my_py_pkg/my_py_pkg.egg-info/PKG-INFO
[0.739s] writing dependency_links to ../../build/my_py_pkg/my_py_pkg.egg-info/dependency_links.txt
[0.739s] writing entry points to ../../build/my_py_pkg/my_py_pkg.egg-info/entry_points.txt
[0.739s] writing requirements to ../../build/my_py_pkg/my_py_pkg.egg-info/requires.txt
[0.739s] writing top-level names to ../../build/my_py_pkg/my_py_pkg.egg-info/top_level.txt
[0.741s] writing manifest file '../../build/my_py_pkg/my_py_pkg.egg-info/SOURCES.txt'
[0.742s] reading manifest file '../../build/my_py_pkg/my_py_pkg.egg-info/SOURCES.txt'
[0.743s] writing manifest file '../../build/my_py_pkg/my_py_pkg.egg-info/SOURCES.txt'
[0.743s] running build
[0.743s] running build_py
[0.743s] creating /home/manoj/ros2_ws/build/my_py_pkg/build
[0.744s] creating /home/manoj/ros2_ws/build/my_py_pkg/build/lib
[0.744s] creating /home/manoj/ros2_ws/build/my_py_pkg/build/lib/my_py_pkg
[0.744s] copying my_py_pkg/__init__.py -> /home/manoj/ros2_ws/build/my_py_pkg/build/lib/my_py_pkg
[0.744s] running install
[0.744s] running install_lib
[0.744s] /usr/lib/python3/dist-packages/setuptools/command/install.py:34: SetuptoolsDeprecationWarning: setup.py install is deprecated. Use build and pip and other standards-based tools.
[0.744s]   warnings.warn(
[0.744s] creating /home/manoj/ros2_ws/install/my_py_pkg/lib/python3.10/site-packages/my_py_pkg
[0.745s] copying /home/manoj/ros2_ws/build/my_py_pkg/build/lib/my_py_pkg/__init__.py -> /home/manoj/ros2_ws/install/my_py_pkg/lib/python3.10/site-packages/my_py_pkg
[0.745s] byte-compiling /home/manoj/ros2_ws/install/my_py_pkg/lib/python3.10/site-packages/my_py_pkg/__init__.py to __init__.cpython-310.pyc
[0.745s] running install_data
[0.746s] creating /home/manoj/ros2_ws/install/my_py_pkg/share/ament_index
[0.746s] creating /home/manoj/ros2_ws/install/my_py_pkg/share/ament_index/resource_index
[0.746s] creating /home/manoj/ros2_ws/install/my_py_pkg/share/ament_index/resource_index/packages
[0.746s] copying resource/my_py_pkg -> /home/manoj/ros2_ws/install/my_py_pkg/share/ament_index/resource_index/packages
[0.746s] copying package.xml -> /home/manoj/ros2_ws/install/my_py_pkg/share/my_py_pkg
[0.746s] running install_egg_info
[0.747s] Copying ../../build/my_py_pkg/my_py_pkg.egg-info to /home/manoj/ros2_ws/install/my_py_pkg/lib/python3.10/site-packages/my_py_pkg-0.0.0-py3.10.egg-info
[0.748s] running install_scripts
[0.763s] writing list of installed files to '/home/manoj/ros2_ws/build/my_py_pkg/install.log'
[0.791s] Invoked command in '/home/manoj/ros2_ws/src/my_py_pkg' returned '0': PYTHONPATH=/home/manoj/ros2_ws/build/my_py_pkg/prefix_override:/home/manoj/ros2_ws/install/my_py_pkg/lib/python3.10/site-packages:${PYTHONPATH} /usr/bin/python3 setup.py egg_info --egg-base ../../build/my_py_pkg build --build-base /home/manoj/ros2_ws/build/my_py_pkg/build install --record /home/manoj/ros2_ws/build/my_py_pkg/install.log --single-version-externally-managed
