[0.012s] Invoking command in '/home/manoj/ros2_ws/build/my_cpp_pkg': CMAKE_PREFIX_PATH=${CMAKE_PREFIX_PATH}:/home/manoj/ros2_ws/install/my_py_pkg:/opt/ros/humble /usr/bin/cmake --build /home/manoj/ros2_ws/build/my_cpp_pkg -- -j16 -l16
[0.041s] [35m[1mConsolidate compiler generated dependencies of target number_counter[0m
[0.042s] [35m[1mConsolidate compiler generated dependencies of target add_two_ints_client_no_oop[0m
[0.051s] [ 50%] Built target smartphone
[0.052s] [ 50%] Built target cpp_node
[0.052s] [ 50%] Built target robot_news_station
[0.052s] [ 66%] Built target add_two_ints_server
[0.055s] [ 91%] [32mBuilding CXX object CMakeFiles/add_two_ints_client_no_oop.dir/src/add_two_ints_client_no_oop.cpp.o[0m
[0.055s] [ 91%] Built target number_counter
[1.804s] [01m[K/home/manoj/ros2_ws/src/my_cpp_pkg/src/add_two_ints_client_no_oop.cpp:[m[K In function ‘[01m[Kint main(int, char**)[m[K’:
[1.805s] [01m[K/home/manoj/ros2_ws/src/my_cpp_pkg/src/add_two_ints_client_no_oop.cpp:57:22:[m[K [01;31m[Kerror: [m[K‘[01m[Kusing element_type = struct example_interfaces::srv::AddTwoInts_Response_<std::allocator<void> >[m[K’ {aka ‘[01m[Kstruct example_interfaces::srv::AddTwoInts_Response_<std::allocator<void> >[m[K’} has no member named ‘[01m[Kresult[m[K’
[1.805s]    57 |     if(future.get()->[01;31m[Kresult[m[K.success)
[1.805s]       |                      [01;31m[K^~~~~~[m[K
[1.805s] [01m[K/home/manoj/ros2_ws/src/my_cpp_pkg/src/add_two_ints_client_no_oop.cpp:59:34:[m[K [01;31m[Kerror: [m[K‘[01m[Kusing element_type = struct example_interfaces::srv::AddTwoInts_Response_<std::allocator<void> >[m[K’ {aka ‘[01m[Kstruct example_interfaces::srv::AddTwoInts_Response_<std::allocator<void> >[m[K’} has no member named ‘[01m[Kresult[m[K’
[1.805s]    59 |         auto sum = future.get()->[01;31m[Kresult[m[K.sum;
[1.805s]       |                                  [01;31m[K^~~~~~[m[K
[2.257s] gmake[2]: *** [CMakeFiles/add_two_ints_client_no_oop.dir/build.make:76: CMakeFiles/add_two_ints_client_no_oop.dir/src/add_two_ints_client_no_oop.cpp.o] Error 1
[2.257s] gmake[1]: *** [CMakeFiles/Makefile2:277: CMakeFiles/add_two_ints_client_no_oop.dir/all] Error 2
[2.258s] gmake: *** [Makefile:146: all] Error 2
[2.260s] Invoked command in '/home/manoj/ros2_ws/build/my_cpp_pkg' returned '2': CMAKE_PREFIX_PATH=${CMAKE_PREFIX_PATH}:/home/manoj/ros2_ws/install/my_py_pkg:/opt/ros/humble /usr/bin/cmake --build /home/manoj/ros2_ws/build/my_cpp_pkg -- -j16 -l16
