[0.547s] Invoking command in '/home/manoj/ros2_ws/build/my_py_pkg': PYTHONPATH=/home/manoj/ros2_ws/build/my_py_pkg/prefix_override:/home/manoj/ros2_ws/install/my_py_pkg/lib/python3.10/site-packages:${PYTHONPATH} /usr/bin/python3 setup.py develop --editable --build-directory /home/manoj/ros2_ws/build/my_py_pkg/build --no-deps install_data
[0.762s] running develop
[0.900s] running egg_info
[0.900s] writing my_py_pkg.egg-info/PKG-INFO
[0.900s] writing dependency_links to my_py_pkg.egg-info/dependency_links.txt
[0.901s] writing entry points to my_py_pkg.egg-info/entry_points.txt
[0.901s] writing requirements to my_py_pkg.egg-info/requires.txt
[0.901s] writing top-level names to my_py_pkg.egg-info/top_level.txt
[0.902s] reading manifest file 'my_py_pkg.egg-info/SOURCES.txt'
[0.903s] writing manifest file 'my_py_pkg.egg-info/SOURCES.txt'
[0.904s] running build_ext
[0.904s] Creating /home/manoj/ros2_ws/install/my_py_pkg/lib/python3.10/site-packages/my-py-pkg.egg-link (link to .)
[0.905s] Installing add_two_ints_client script to /home/manoj/ros2_ws/install/my_py_pkg/lib/my_py_pkg
[0.905s] Installing add_two_ints_client_no_oop script to /home/manoj/ros2_ws/install/my_py_pkg/lib/my_py_pkg
[0.905s] Installing add_two_ints_server script to /home/manoj/ros2_ws/install/my_py_pkg/lib/my_py_pkg
[0.905s] Installing led_panel script to /home/manoj/ros2_ws/install/my_py_pkg/lib/my_py_pkg
[0.905s] Installing number_publisher script to /home/manoj/ros2_ws/install/my_py_pkg/lib/my_py_pkg
[0.906s] Installing py_node script to /home/manoj/ros2_ws/install/my_py_pkg/lib/my_py_pkg
[0.906s] Installing robot_news_station script to /home/manoj/ros2_ws/install/my_py_pkg/lib/my_py_pkg
[0.906s] Installing robot_news_subscriber script to /home/manoj/ros2_ws/install/my_py_pkg/lib/my_py_pkg
[0.906s] 
[0.906s] Installed /home/manoj/ros2_ws/build/my_py_pkg
[0.906s] running install_data
[0.944s] Invoked command in '/home/manoj/ros2_ws/build/my_py_pkg' returned '0': PYTHONPATH=/home/manoj/ros2_ws/build/my_py_pkg/prefix_override:/home/manoj/ros2_ws/install/my_py_pkg/lib/python3.10/site-packages:${PYTHONPATH} /usr/bin/python3 setup.py develop --editable --build-directory /home/manoj/ros2_ws/build/my_py_pkg/build --no-deps install_data
