[0.012s] Invoking command in '/home/manoj/ros2_ws/build/my_cpp_pkg': CMAKE_PREFIX_PATH=${CMAKE_PREFIX_PATH}:/home/manoj/ros2_ws/install/my_py_pkg:/opt/ros/humble /usr/bin/cmake --build /home/manoj/ros2_ws/build/my_cpp_pkg -- -j16 -l16
[0.044s] [35m[1mConsolidate compiler generated dependencies of target add_two_ints_client_no_oop[0m
[0.044s] [35m[1mConsolidate compiler generated dependencies of target add_two_ints_server[0m
[0.044s] [35m[1mConsolidate compiler generated dependencies of target number_counter[0m
[0.054s] [ 50%] Built target smartphone
[0.054s] [ 50%] Built target cpp_node
[0.054s] [ 50%] Built target robot_news_station
[0.058s] [ 91%] [32mBuilding CXX object CMakeFiles/add_two_ints_client_no_oop.dir/src/add_two_ints_client_no_oop.cpp.o[0m
[0.058s] [ 91%] Built target number_counter
[0.058s] [ 91%] Built target add_two_ints_server
[2.561s] [100%] [32m[1mLinking CXX executable add_two_ints_client_no_oop[0m
[2.694s] [100%] Built target add_two_ints_client_no_oop
[2.703s] Invoked command in '/home/manoj/ros2_ws/build/my_cpp_pkg' returned '0': CMAKE_PREFIX_PATH=${CMAKE_PREFIX_PATH}:/home/manoj/ros2_ws/install/my_py_pkg:/opt/ros/humble /usr/bin/cmake --build /home/manoj/ros2_ws/build/my_cpp_pkg -- -j16 -l16
[2.738s] Invoking command in '/home/manoj/ros2_ws/build/my_cpp_pkg': CMAKE_PREFIX_PATH=${CMAKE_PREFIX_PATH}:/home/manoj/ros2_ws/install/my_py_pkg:/opt/ros/humble /usr/bin/cmake --install /home/manoj/ros2_ws/build/my_cpp_pkg
[2.743s] -- Install configuration: ""
[2.743s] -- Up-to-date: /home/manoj/ros2_ws/install/my_cpp_pkg/lib/my_cpp_pkg/cpp_node
[2.743s] -- Up-to-date: /home/manoj/ros2_ws/install/my_cpp_pkg/lib/my_cpp_pkg/robot_news_station
[2.743s] -- Up-to-date: /home/manoj/ros2_ws/install/my_cpp_pkg/lib/my_cpp_pkg/smartphone
[2.744s] -- Installing: /home/manoj/ros2_ws/install/my_cpp_pkg/lib/my_cpp_pkg/number_counter
[2.747s] -- Set runtime path of "/home/manoj/ros2_ws/install/my_cpp_pkg/lib/my_cpp_pkg/number_counter" to ""
[2.747s] -- Installing: /home/manoj/ros2_ws/install/my_cpp_pkg/lib/my_cpp_pkg/add_two_ints_server
[2.748s] -- Set runtime path of "/home/manoj/ros2_ws/install/my_cpp_pkg/lib/my_cpp_pkg/add_two_ints_server" to ""
[2.748s] -- Installing: /home/manoj/ros2_ws/install/my_cpp_pkg/lib/my_cpp_pkg/add_two_ints_client_no_oop
[2.749s] -- Set runtime path of "/home/manoj/ros2_ws/install/my_cpp_pkg/lib/my_cpp_pkg/add_two_ints_client_no_oop" to ""
[2.749s] -- Up-to-date: /home/manoj/ros2_ws/install/my_cpp_pkg/share/ament_index/resource_index/package_run_dependencies/my_cpp_pkg
[2.749s] -- Up-to-date: /home/manoj/ros2_ws/install/my_cpp_pkg/share/ament_index/resource_index/parent_prefix_path/my_cpp_pkg
[2.749s] -- Up-to-date: /home/manoj/ros2_ws/install/my_cpp_pkg/share/my_cpp_pkg/environment/ament_prefix_path.sh
[2.749s] -- Installing: /home/manoj/ros2_ws/install/my_cpp_pkg/share/my_cpp_pkg/environment/ament_prefix_path.dsv
[2.749s] -- Up-to-date: /home/manoj/ros2_ws/install/my_cpp_pkg/share/my_cpp_pkg/environment/path.sh
[2.749s] -- Installing: /home/manoj/ros2_ws/install/my_cpp_pkg/share/my_cpp_pkg/environment/path.dsv
[2.749s] -- Up-to-date: /home/manoj/ros2_ws/install/my_cpp_pkg/share/my_cpp_pkg/local_setup.bash
[2.749s] -- Up-to-date: /home/manoj/ros2_ws/install/my_cpp_pkg/share/my_cpp_pkg/local_setup.sh
[2.750s] -- Up-to-date: /home/manoj/ros2_ws/install/my_cpp_pkg/share/my_cpp_pkg/local_setup.zsh
[2.750s] -- Installing: /home/manoj/ros2_ws/install/my_cpp_pkg/share/my_cpp_pkg/local_setup.dsv
[2.750s] -- Installing: /home/manoj/ros2_ws/install/my_cpp_pkg/share/my_cpp_pkg/package.dsv
[2.750s] -- Up-to-date: /home/manoj/ros2_ws/install/my_cpp_pkg/share/ament_index/resource_index/packages/my_cpp_pkg
[2.750s] -- Up-to-date: /home/manoj/ros2_ws/install/my_cpp_pkg/share/my_cpp_pkg/cmake/my_cpp_pkgConfig.cmake
[2.750s] -- Up-to-date: /home/manoj/ros2_ws/install/my_cpp_pkg/share/my_cpp_pkg/cmake/my_cpp_pkgConfig-version.cmake
[2.750s] -- Up-to-date: /home/manoj/ros2_ws/install/my_cpp_pkg/share/my_cpp_pkg/package.xml
[2.751s] Invoked command in '/home/manoj/ros2_ws/build/my_cpp_pkg' returned '0': CMAKE_PREFIX_PATH=${CMAKE_PREFIX_PATH}:/home/manoj/ros2_ws/install/my_py_pkg:/opt/ros/humble /usr/bin/cmake --install /home/manoj/ros2_ws/build/my_cpp_pkg
