[0.564s] Invoking command in '/home/manoj/ros2_ws/build/my_py_pkg': PYTHONPATH=/home/manoj/ros2_ws/build/my_py_pkg/prefix_override:/home/manoj/ros2_ws/install/my_py_pkg/lib/python3.10/site-packages:${PYTHONPATH} /usr/bin/python3 setup.py develop --uninstall --editable --build-directory /home/manoj/ros2_ws/build/my_py_pkg/build
[0.784s] running develop
[0.930s] Removing /home/manoj/ros2_ws/install/my_py_pkg/lib/python3.10/site-packages/my-py-pkg.egg-link (link to .)
[0.966s] Invoked command in '/home/manoj/ros2_ws/build/my_py_pkg' returned '0': PYTHONPATH=/home/manoj/ros2_ws/build/my_py_pkg/prefix_override:/home/manoj/ros2_ws/install/my_py_pkg/lib/python3.10/site-packages:${PYTHONPATH} /usr/bin/python3 setup.py develop --uninstall --editable --build-directory /home/manoj/ros2_ws/build/my_py_pkg/build
[0.967s] Invoking command in '/home/manoj/ros2_ws/src/my_py_pkg': PYTHONPATH=/home/manoj/ros2_ws/build/my_py_pkg/prefix_override:/home/manoj/ros2_ws/install/my_py_pkg/lib/python3.10/site-packages:${PYTHONPATH} /usr/bin/python3 setup.py egg_info --egg-base ../../build/my_py_pkg build --build-base /home/manoj/ros2_ws/build/my_py_pkg/build install --record /home/manoj/ros2_ws/build/my_py_pkg/install.log --single-version-externally-managed
[1.167s] running egg_info
[1.168s] writing ../../build/my_py_pkg/my_py_pkg.egg-info/PKG-INFO
[1.168s] writing dependency_links to ../../build/my_py_pkg/my_py_pkg.egg-info/dependency_links.txt
[1.168s] writing entry points to ../../build/my_py_pkg/my_py_pkg.egg-info/entry_points.txt
[1.168s] writing requirements to ../../build/my_py_pkg/my_py_pkg.egg-info/requires.txt
[1.169s] writing top-level names to ../../build/my_py_pkg/my_py_pkg.egg-info/top_level.txt
[1.170s] reading manifest file '../../build/my_py_pkg/my_py_pkg.egg-info/SOURCES.txt'
[1.171s] writing manifest file '../../build/my_py_pkg/my_py_pkg.egg-info/SOURCES.txt'
[1.171s] running build
[1.171s] running build_py
[1.171s] copying my_py_pkg/add_two_ints_client.py -> /home/manoj/ros2_ws/build/my_py_pkg/build/lib/my_py_pkg
[1.172s] copying my_py_pkg/add_two_ints_server.py -> /home/manoj/ros2_ws/build/my_py_pkg/build/lib/my_py_pkg
[1.172s] copying my_py_pkg/add_two_ints_client_no_oop.py -> /home/manoj/ros2_ws/build/my_py_pkg/build/lib/my_py_pkg
[1.172s] copying my_py_pkg/ROS2_CLIENT_TEMPLATE.py -> /home/manoj/ros2_ws/build/my_py_pkg/build/lib/my_py_pkg
[1.172s] copying my_py_pkg/ROS2_NODE_TEMPLATE.py -> /home/manoj/ros2_ws/build/my_py_pkg/build/lib/my_py_pkg
[1.172s] running install
[1.172s] running install_lib
[1.173s] creating /home/manoj/ros2_ws/install/my_py_pkg/lib/python3.10/site-packages/my_py_pkg
[1.173s] copying /home/manoj/ros2_ws/build/my_py_pkg/build/lib/my_py_pkg/robot_news_station.py -> /home/manoj/ros2_ws/install/my_py_pkg/lib/python3.10/site-packages/my_py_pkg
[1.173s] copying /home/manoj/ros2_ws/build/my_py_pkg/build/lib/my_py_pkg/ROS_TEMPLATE.py -> /home/manoj/ros2_ws/install/my_py_pkg/lib/python3.10/site-packages/my_py_pkg
[1.173s] copying /home/manoj/ros2_ws/build/my_py_pkg/build/lib/my_py_pkg/__init__.py -> /home/manoj/ros2_ws/install/my_py_pkg/lib/python3.10/site-packages/my_py_pkg
[1.173s] copying /home/manoj/ros2_ws/build/my_py_pkg/build/lib/my_py_pkg/add_two_ints_client.py -> /home/manoj/ros2_ws/install/my_py_pkg/lib/python3.10/site-packages/my_py_pkg
[1.173s] copying /home/manoj/ros2_ws/build/my_py_pkg/build/lib/my_py_pkg/number_publisher.py -> /home/manoj/ros2_ws/install/my_py_pkg/lib/python3.10/site-packages/my_py_pkg
[1.173s] copying /home/manoj/ros2_ws/build/my_py_pkg/build/lib/my_py_pkg/my_first_node.py -> /home/manoj/ros2_ws/install/my_py_pkg/lib/python3.10/site-packages/my_py_pkg
[1.174s] copying /home/manoj/ros2_ws/build/my_py_pkg/build/lib/my_py_pkg/add_two_ints_server.py -> /home/manoj/ros2_ws/install/my_py_pkg/lib/python3.10/site-packages/my_py_pkg
[1.174s] copying /home/manoj/ros2_ws/build/my_py_pkg/build/lib/my_py_pkg/add_two_ints_client_no_oop.py -> /home/manoj/ros2_ws/install/my_py_pkg/lib/python3.10/site-packages/my_py_pkg
[1.174s] copying /home/manoj/ros2_ws/build/my_py_pkg/build/lib/my_py_pkg/robot_news_subscriber.py -> /home/manoj/ros2_ws/install/my_py_pkg/lib/python3.10/site-packages/my_py_pkg
[1.174s] copying /home/manoj/ros2_ws/build/my_py_pkg/build/lib/my_py_pkg/ROS2_CLIENT_TEMPLATE.py -> /home/manoj/ros2_ws/install/my_py_pkg/lib/python3.10/site-packages/my_py_pkg
[1.174s] copying /home/manoj/ros2_ws/build/my_py_pkg/build/lib/my_py_pkg/ROS2_NODE_TEMPLATE.py -> /home/manoj/ros2_ws/install/my_py_pkg/lib/python3.10/site-packages/my_py_pkg
[1.174s] byte-compiling /home/manoj/ros2_ws/install/my_py_pkg/lib/python3.10/site-packages/my_py_pkg/robot_news_station.py to robot_news_station.cpython-310.pyc
[1.174s] byte-compiling /home/manoj/ros2_ws/install/my_py_pkg/lib/python3.10/site-packages/my_py_pkg/ROS_TEMPLATE.py to ROS_TEMPLATE.cpython-310.pyc
[1.175s] byte-compiling /home/manoj/ros2_ws/install/my_py_pkg/lib/python3.10/site-packages/my_py_pkg/__init__.py to __init__.cpython-310.pyc
[1.175s] byte-compiling /home/manoj/ros2_ws/install/my_py_pkg/lib/python3.10/site-packages/my_py_pkg/add_two_ints_client.py to add_two_ints_client.cpython-310.pyc
[1.175s] byte-compiling /home/manoj/ros2_ws/install/my_py_pkg/lib/python3.10/site-packages/my_py_pkg/number_publisher.py to number_publisher.cpython-310.pyc
[1.175s] byte-compiling /home/manoj/ros2_ws/install/my_py_pkg/lib/python3.10/site-packages/my_py_pkg/my_first_node.py to my_first_node.cpython-310.pyc
[1.175s] byte-compiling /home/manoj/ros2_ws/install/my_py_pkg/lib/python3.10/site-packages/my_py_pkg/add_two_ints_server.py to add_two_ints_server.cpython-310.pyc
[1.176s] byte-compiling /home/manoj/ros2_ws/install/my_py_pkg/lib/python3.10/site-packages/my_py_pkg/add_two_ints_client_no_oop.py to add_two_ints_client_no_oop.cpython-310.pyc
[1.176s] byte-compiling /home/manoj/ros2_ws/install/my_py_pkg/lib/python3.10/site-packages/my_py_pkg/robot_news_subscriber.py to robot_news_subscriber.cpython-310.pyc
[1.176s] byte-compiling /home/manoj/ros2_ws/install/my_py_pkg/lib/python3.10/site-packages/my_py_pkg/ROS2_CLIENT_TEMPLATE.py to ROS2_CLIENT_TEMPLATE.cpython-310.pyc
[1.176s] byte-compiling /home/manoj/ros2_ws/install/my_py_pkg/lib/python3.10/site-packages/my_py_pkg/ROS2_NODE_TEMPLATE.py to ROS2_NODE_TEMPLATE.cpython-310.pyc
[1.177s] running install_data
[1.177s] running install_egg_info
[1.178s] Copying ../../build/my_py_pkg/my_py_pkg.egg-info to /home/manoj/ros2_ws/install/my_py_pkg/lib/python3.10/site-packages/my_py_pkg-0.0.0-py3.10.egg-info
[1.179s] running install_scripts
[1.194s] Installing add_two_ints_client script to /home/manoj/ros2_ws/install/my_py_pkg/lib/my_py_pkg
[1.194s] Installing add_two_ints_client_no_oop script to /home/manoj/ros2_ws/install/my_py_pkg/lib/my_py_pkg
[1.194s] Installing add_two_ints_server script to /home/manoj/ros2_ws/install/my_py_pkg/lib/my_py_pkg
[1.194s] Installing number_publisher script to /home/manoj/ros2_ws/install/my_py_pkg/lib/my_py_pkg
[1.194s] Installing py_node script to /home/manoj/ros2_ws/install/my_py_pkg/lib/my_py_pkg
[1.195s] Installing robot_news_station script to /home/manoj/ros2_ws/install/my_py_pkg/lib/my_py_pkg
[1.195s] Installing robot_news_subscriber script to /home/manoj/ros2_ws/install/my_py_pkg/lib/my_py_pkg
[1.195s] writing list of installed files to '/home/manoj/ros2_ws/build/my_py_pkg/install.log'
[1.224s] Invoked command in '/home/manoj/ros2_ws/src/my_py_pkg' returned '0': PYTHONPATH=/home/manoj/ros2_ws/build/my_py_pkg/prefix_override:/home/manoj/ros2_ws/install/my_py_pkg/lib/python3.10/site-packages:${PYTHONPATH} /usr/bin/python3 setup.py egg_info --egg-base ../../build/my_py_pkg build --build-base /home/manoj/ros2_ws/build/my_py_pkg/build install --record /home/manoj/ros2_ws/build/my_py_pkg/install.log --single-version-externally-managed
