[0.023s] Invoking command in '/home/manoj/ros2_ws/build/my_robot_bringup': AMENT_PREFIX_PATH=/home/manoj/ros2_ws/install/my_py_pkg:/home/manoj/ros2_ws/install/turtle_hunt_py_pkg:/home/manoj/ros2_ws/install/my_robot_bringup:/home/manoj/ros2_ws/install/my_cpp_pkg:/home/manoj/ros2_ws/install/my_robot_interfaces:/opt/ros/humble CMAKE_PREFIX_PATH=/home/manoj/ros2_ws/install/my_cpp_pkg:/home/manoj/ros2_ws/install/my_robot_interfaces:/home/manoj/ros2_ws/install/my_robot_bringup:/home/manoj/ros2_ws/install/turtle_hunt_py_pkg:/home/manoj/ros2_ws/install/my_py_pkg:/opt/ros/humble PYTHONPATH=/home/manoj/ros2_ws/build/my_py_pkg:/home/manoj/ros2_ws/install/my_py_pkg/lib/python3.10/site-packages:/home/manoj/ros2_ws/build/turtle_hunt_py_pkg:/home/manoj/ros2_ws/install/turtle_hunt_py_pkg/lib/python3.10/site-packages:/home/manoj/ros2_ws/install/my_robot_interfaces/local/lib/python3.10/dist-packages:/opt/ros/humble/lib/python3.10/site-packages:/opt/ros/humble/local/lib/python3.10/dist-packages /usr/bin/cmake /home/manoj/ros2_ws/src/my_robot_bringup -DCMAKE_INSTALL_PREFIX=/home/manoj/ros2_ws/install/my_robot_bringup
[0.041s] -- Found ament_cmake: 1.3.8 (/opt/ros/humble/share/ament_cmake/cmake)
[0.204s] -- Found Python3: /usr/bin/python3 (found version "3.10.12") found components: Interpreter 
[0.268s] -- Override CMake install command with custom implementation using symlinks instead of copying resources
[0.391s] -- Configuring done
[0.396s] -- Generating done
[0.397s] -- Build files have been written to: /home/manoj/ros2_ws/build/my_robot_bringup
[0.401s] Invoked command in '/home/manoj/ros2_ws/build/my_robot_bringup' returned '0': AMENT_PREFIX_PATH=/home/manoj/ros2_ws/install/my_py_pkg:/home/manoj/ros2_ws/install/turtle_hunt_py_pkg:/home/manoj/ros2_ws/install/my_robot_bringup:/home/manoj/ros2_ws/install/my_cpp_pkg:/home/manoj/ros2_ws/install/my_robot_interfaces:/opt/ros/humble CMAKE_PREFIX_PATH=/home/manoj/ros2_ws/install/my_cpp_pkg:/home/manoj/ros2_ws/install/my_robot_interfaces:/home/manoj/ros2_ws/install/my_robot_bringup:/home/manoj/ros2_ws/install/turtle_hunt_py_pkg:/home/manoj/ros2_ws/install/my_py_pkg:/opt/ros/humble PYTHONPATH=/home/manoj/ros2_ws/build/my_py_pkg:/home/manoj/ros2_ws/install/my_py_pkg/lib/python3.10/site-packages:/home/manoj/ros2_ws/build/turtle_hunt_py_pkg:/home/manoj/ros2_ws/install/turtle_hunt_py_pkg/lib/python3.10/site-packages:/home/manoj/ros2_ws/install/my_robot_interfaces/local/lib/python3.10/dist-packages:/opt/ros/humble/lib/python3.10/site-packages:/opt/ros/humble/local/lib/python3.10/dist-packages /usr/bin/cmake /home/manoj/ros2_ws/src/my_robot_bringup -DCMAKE_INSTALL_PREFIX=/home/manoj/ros2_ws/install/my_robot_bringup
[0.404s] Invoking command in '/home/manoj/ros2_ws/build/my_robot_bringup': AMENT_PREFIX_PATH=/home/manoj/ros2_ws/install/my_py_pkg:/home/manoj/ros2_ws/install/turtle_hunt_py_pkg:/home/manoj/ros2_ws/install/my_robot_bringup:/home/manoj/ros2_ws/install/my_cpp_pkg:/home/manoj/ros2_ws/install/my_robot_interfaces:/opt/ros/humble CMAKE_PREFIX_PATH=/home/manoj/ros2_ws/install/my_cpp_pkg:/home/manoj/ros2_ws/install/my_robot_interfaces:/home/manoj/ros2_ws/install/my_robot_bringup:/home/manoj/ros2_ws/install/turtle_hunt_py_pkg:/home/manoj/ros2_ws/install/my_py_pkg:/opt/ros/humble PYTHONPATH=/home/manoj/ros2_ws/build/my_py_pkg:/home/manoj/ros2_ws/install/my_py_pkg/lib/python3.10/site-packages:/home/manoj/ros2_ws/build/turtle_hunt_py_pkg:/home/manoj/ros2_ws/install/turtle_hunt_py_pkg/lib/python3.10/site-packages:/home/manoj/ros2_ws/install/my_robot_interfaces/local/lib/python3.10/dist-packages:/opt/ros/humble/lib/python3.10/site-packages:/opt/ros/humble/local/lib/python3.10/dist-packages /usr/bin/cmake --build /home/manoj/ros2_ws/build/my_robot_bringup -- -j16 -l16
[0.458s] Invoked command in '/home/manoj/ros2_ws/build/my_robot_bringup' returned '0': AMENT_PREFIX_PATH=/home/manoj/ros2_ws/install/my_py_pkg:/home/manoj/ros2_ws/install/turtle_hunt_py_pkg:/home/manoj/ros2_ws/install/my_robot_bringup:/home/manoj/ros2_ws/install/my_cpp_pkg:/home/manoj/ros2_ws/install/my_robot_interfaces:/opt/ros/humble CMAKE_PREFIX_PATH=/home/manoj/ros2_ws/install/my_cpp_pkg:/home/manoj/ros2_ws/install/my_robot_interfaces:/home/manoj/ros2_ws/install/my_robot_bringup:/home/manoj/ros2_ws/install/turtle_hunt_py_pkg:/home/manoj/ros2_ws/install/my_py_pkg:/opt/ros/humble PYTHONPATH=/home/manoj/ros2_ws/build/my_py_pkg:/home/manoj/ros2_ws/install/my_py_pkg/lib/python3.10/site-packages:/home/manoj/ros2_ws/build/turtle_hunt_py_pkg:/home/manoj/ros2_ws/install/turtle_hunt_py_pkg/lib/python3.10/site-packages:/home/manoj/ros2_ws/install/my_robot_interfaces/local/lib/python3.10/dist-packages:/opt/ros/humble/lib/python3.10/site-packages:/opt/ros/humble/local/lib/python3.10/dist-packages /usr/bin/cmake --build /home/manoj/ros2_ws/build/my_robot_bringup -- -j16 -l16
[0.505s] Invoking command in '/home/manoj/ros2_ws/build/my_robot_bringup': AMENT_PREFIX_PATH=/home/manoj/ros2_ws/install/my_py_pkg:/home/manoj/ros2_ws/install/turtle_hunt_py_pkg:/home/manoj/ros2_ws/install/my_robot_bringup:/home/manoj/ros2_ws/install/my_cpp_pkg:/home/manoj/ros2_ws/install/my_robot_interfaces:/opt/ros/humble CMAKE_PREFIX_PATH=/home/manoj/ros2_ws/install/my_cpp_pkg:/home/manoj/ros2_ws/install/my_robot_interfaces:/home/manoj/ros2_ws/install/my_robot_bringup:/home/manoj/ros2_ws/install/turtle_hunt_py_pkg:/home/manoj/ros2_ws/install/my_py_pkg:/opt/ros/humble PYTHONPATH=/home/manoj/ros2_ws/build/my_py_pkg:/home/manoj/ros2_ws/install/my_py_pkg/lib/python3.10/site-packages:/home/manoj/ros2_ws/build/turtle_hunt_py_pkg:/home/manoj/ros2_ws/install/turtle_hunt_py_pkg/lib/python3.10/site-packages:/home/manoj/ros2_ws/install/my_robot_interfaces/local/lib/python3.10/dist-packages:/opt/ros/humble/lib/python3.10/site-packages:/opt/ros/humble/local/lib/python3.10/dist-packages /usr/bin/cmake --install /home/manoj/ros2_ws/build/my_robot_bringup
[0.513s] -- Install configuration: ""
[0.514s] -- Execute custom install script
[0.514s] -- Up-to-date symlink: /home/manoj/ros2_ws/install/my_robot_bringup/share/my_robot_bringup/launch/number_app.launch.py
[0.514s] -- Up-to-date symlink: /home/manoj/ros2_ws/install/my_robot_bringup/share/my_robot_bringup/launch/robot_news_radio.launch.py
[0.514s] -- Symlinking: /home/manoj/ros2_ws/install/my_robot_bringup/share/my_robot_bringup/launch/turtle_hunt.launch.py
[0.528s] -- Up-to-date symlink: /home/manoj/ros2_ws/install/my_robot_bringup/share/ament_index/resource_index/package_run_dependencies/my_robot_bringup
[0.528s] -- Up-to-date symlink: /home/manoj/ros2_ws/install/my_robot_bringup/share/ament_index/resource_index/parent_prefix_path/my_robot_bringup
[0.529s] -- Up-to-date symlink: /home/manoj/ros2_ws/install/my_robot_bringup/share/my_robot_bringup/environment/ament_prefix_path.sh
[0.529s] -- Up-to-date symlink: /home/manoj/ros2_ws/install/my_robot_bringup/share/my_robot_bringup/environment/ament_prefix_path.dsv
[0.530s] -- Up-to-date symlink: /home/manoj/ros2_ws/install/my_robot_bringup/share/my_robot_bringup/environment/path.sh
[0.530s] -- Up-to-date symlink: /home/manoj/ros2_ws/install/my_robot_bringup/share/my_robot_bringup/environment/path.dsv
[0.530s] -- Up-to-date symlink: /home/manoj/ros2_ws/install/my_robot_bringup/share/my_robot_bringup/local_setup.bash
[0.530s] -- Up-to-date symlink: /home/manoj/ros2_ws/install/my_robot_bringup/share/my_robot_bringup/local_setup.sh
[0.531s] -- Up-to-date symlink: /home/manoj/ros2_ws/install/my_robot_bringup/share/my_robot_bringup/local_setup.zsh
[0.531s] -- Up-to-date symlink: /home/manoj/ros2_ws/install/my_robot_bringup/share/my_robot_bringup/local_setup.dsv
[0.531s] -- Symlinking: /home/manoj/ros2_ws/install/my_robot_bringup/share/my_robot_bringup/package.dsv
[0.543s] -- Up-to-date symlink: /home/manoj/ros2_ws/install/my_robot_bringup/share/ament_index/resource_index/packages/my_robot_bringup
[0.544s] -- Up-to-date symlink: /home/manoj/ros2_ws/install/my_robot_bringup/share/my_robot_bringup/cmake/my_robot_bringupConfig.cmake
[0.544s] -- Up-to-date symlink: /home/manoj/ros2_ws/install/my_robot_bringup/share/my_robot_bringup/cmake/my_robot_bringupConfig-version.cmake
[0.544s] -- Up-to-date symlink: /home/manoj/ros2_ws/install/my_robot_bringup/share/my_robot_bringup/package.xml
[0.547s] Invoked command in '/home/manoj/ros2_ws/build/my_robot_bringup' returned '0': AMENT_PREFIX_PATH=/home/manoj/ros2_ws/install/my_py_pkg:/home/manoj/ros2_ws/install/turtle_hunt_py_pkg:/home/manoj/ros2_ws/install/my_robot_bringup:/home/manoj/ros2_ws/install/my_cpp_pkg:/home/manoj/ros2_ws/install/my_robot_interfaces:/opt/ros/humble CMAKE_PREFIX_PATH=/home/manoj/ros2_ws/install/my_cpp_pkg:/home/manoj/ros2_ws/install/my_robot_interfaces:/home/manoj/ros2_ws/install/my_robot_bringup:/home/manoj/ros2_ws/install/turtle_hunt_py_pkg:/home/manoj/ros2_ws/install/my_py_pkg:/opt/ros/humble PYTHONPATH=/home/manoj/ros2_ws/build/my_py_pkg:/home/manoj/ros2_ws/install/my_py_pkg/lib/python3.10/site-packages:/home/manoj/ros2_ws/build/turtle_hunt_py_pkg:/home/manoj/ros2_ws/install/turtle_hunt_py_pkg/lib/python3.10/site-packages:/home/manoj/ros2_ws/install/my_robot_interfaces/local/lib/python3.10/dist-packages:/opt/ros/humble/lib/python3.10/site-packages:/opt/ros/humble/local/lib/python3.10/dist-packages /usr/bin/cmake --install /home/manoj/ros2_ws/build/my_robot_bringup
