[0.012s] Invoking command in '/home/manoj/ros2_ws/build/my_cpp_pkg': CMAKE_PREFIX_PATH=${CMAKE_PREFIX_PATH}:/home/manoj/ros2_ws/install/my_py_pkg:/opt/ros/humble /usr/bin/cmake --build /home/manoj/ros2_ws/build/my_cpp_pkg -- -j16 -l16
[0.046s] [35m[1mConsolidate compiler generated dependencies of target cpp_node[0m
[0.059s] [ 50%] [32mBuilding CXX object CMakeFiles/cpp_node.dir/src/my_first_node.cpp.o[0m
[1.806s] In file included from [01m[K/opt/ros/humble/include/rclcpp/rclcpp/logging.hpp:24[m[K,
[1.806s]                  from [01m[K/opt/ros/humble/include/rclcpp/rclcpp/client.hpp:40[m[K,
[1.806s]                  from [01m[K/opt/ros/humble/include/rclcpp/rclcpp/callback_group.hpp:24[m[K,
[1.807s]                  from [01m[K/opt/ros/humble/include/rclcpp/rclcpp/any_executable.hpp:20[m[K,
[1.807s]                  from [01m[K/opt/ros/humble/include/rclcpp/rclcpp/memory_strategy.hpp:25[m[K,
[1.807s]                  from [01m[K/opt/ros/humble/include/rclcpp/rclcpp/memory_strategies.hpp:18[m[K,
[1.807s]                  from [01m[K/opt/ros/humble/include/rclcpp/rclcpp/executor_options.hpp:20[m[K,
[1.807s]                  from [01m[K/opt/ros/humble/include/rclcpp/rclcpp/executor.hpp:37[m[K,
[1.807s]                  from [01m[K/opt/ros/humble/include/rclcpp/rclcpp/executors/multi_threaded_executor.hpp:25[m[K,
[1.807s]                  from [01m[K/opt/ros/humble/include/rclcpp/rclcpp/executors.hpp:21[m[K,
[1.807s]                  from [01m[K/opt/ros/humble/include/rclcpp/rclcpp/rclcpp.hpp:155[m[K,
[1.808s]                  from [01m[K/home/manoj/ros2_ws/src/my_cpp_pkg/src/my_first_node.cpp:1[m[K:
[1.808s] [01m[K/home/manoj/ros2_ws/src/my_cpp_pkg/src/my_first_node.cpp:[m[K In member function ‘[01m[Kvoid MyNode::timerCallback()[m[K’:
[1.808s] [01m[K/home/manoj/ros2_ws/src/my_cpp_pkg/src/my_first_node.cpp:24:41:[m[K [01;35m[Kwarning: [m[Kformat ‘[01m[K%d[m[K’ expects argument of type ‘[01m[Kint[m[K’, but argument 5 has type ‘[01m[Ksize_t[m[K’ {aka ‘[01m[Klong unsigned int[m[K’} [[01;35m[K]8;;https://gcc.gnu.org/onlinedocs/gcc/Warning-Options.html#index-Wformat=-Wformat=]8;;[m[K]
[1.808s]    24 |         RCLCPP_INFO(this->get_logger(), [01;35m[K"Hello: %d"[m[K, [32m[Kthis->counter_[m[K);
[1.808s]       |                                         [01;35m[K^~~~~~~~~~~[m[K  [32m[K~~~~~~~~~~~~~~[m[K
[1.808s]       |                                                            [32m[K|[m[K
[1.808s]       |                                                            [32m[Ksize_t {aka long unsigned int}[m[K
[1.808s] [01m[K/home/manoj/ros2_ws/src/my_cpp_pkg/src/my_first_node.cpp:24:50:[m[K [01;36m[Knote: [m[Kformat string is defined here
[1.808s]    24 |         RCLCPP_INFO(this->get_logger(), "Hello: [01;36m[K%d[m[K", this->counter_);
[1.808s]       |                                                 [01;36m[K~^[m[K
[1.809s]       |                                                  [01;36m[K|[m[K
[1.809s]       |                                                  [01;36m[Kint[m[K
[1.809s]       |                                                 [32m[K%ld[m[K
[2.312s] [100%] [32m[1mLinking CXX executable cpp_node[0m
[2.424s] [100%] Built target cpp_node
[2.434s] Invoked command in '/home/manoj/ros2_ws/build/my_cpp_pkg' returned '0': CMAKE_PREFIX_PATH=${CMAKE_PREFIX_PATH}:/home/manoj/ros2_ws/install/my_py_pkg:/opt/ros/humble /usr/bin/cmake --build /home/manoj/ros2_ws/build/my_cpp_pkg -- -j16 -l16
[2.463s] Invoking command in '/home/manoj/ros2_ws/build/my_cpp_pkg': CMAKE_PREFIX_PATH=${CMAKE_PREFIX_PATH}:/home/manoj/ros2_ws/install/my_py_pkg:/opt/ros/humble /usr/bin/cmake --install /home/manoj/ros2_ws/build/my_cpp_pkg
[2.469s] -- Install configuration: ""
[2.469s] -- Installing: /home/manoj/ros2_ws/install/my_cpp_pkg/lib/my_cpp_pkg/cpp_node
[2.469s] -- Set runtime path of "/home/manoj/ros2_ws/install/my_cpp_pkg/lib/my_cpp_pkg/cpp_node" to ""
[2.470s] -- Up-to-date: /home/manoj/ros2_ws/install/my_cpp_pkg/share/ament_index/resource_index/package_run_dependencies/my_cpp_pkg
[2.470s] -- Up-to-date: /home/manoj/ros2_ws/install/my_cpp_pkg/share/ament_index/resource_index/parent_prefix_path/my_cpp_pkg
[2.470s] -- Up-to-date: /home/manoj/ros2_ws/install/my_cpp_pkg/share/my_cpp_pkg/environment/ament_prefix_path.sh
[2.470s] -- Up-to-date: /home/manoj/ros2_ws/install/my_cpp_pkg/share/my_cpp_pkg/environment/ament_prefix_path.dsv
[2.470s] -- Up-to-date: /home/manoj/ros2_ws/install/my_cpp_pkg/share/my_cpp_pkg/environment/path.sh
[2.470s] -- Up-to-date: /home/manoj/ros2_ws/install/my_cpp_pkg/share/my_cpp_pkg/environment/path.dsv
[2.470s] -- Up-to-date: /home/manoj/ros2_ws/install/my_cpp_pkg/share/my_cpp_pkg/local_setup.bash
[2.470s] -- Up-to-date: /home/manoj/ros2_ws/install/my_cpp_pkg/share/my_cpp_pkg/local_setup.sh
[2.470s] -- Up-to-date: /home/manoj/ros2_ws/install/my_cpp_pkg/share/my_cpp_pkg/local_setup.zsh
[2.470s] -- Up-to-date: /home/manoj/ros2_ws/install/my_cpp_pkg/share/my_cpp_pkg/local_setup.dsv
[2.470s] -- Installing: /home/manoj/ros2_ws/install/my_cpp_pkg/share/my_cpp_pkg/package.dsv
[2.471s] -- Up-to-date: /home/manoj/ros2_ws/install/my_cpp_pkg/share/ament_index/resource_index/packages/my_cpp_pkg
[2.471s] -- Up-to-date: /home/manoj/ros2_ws/install/my_cpp_pkg/share/my_cpp_pkg/cmake/my_cpp_pkgConfig.cmake
[2.471s] -- Up-to-date: /home/manoj/ros2_ws/install/my_cpp_pkg/share/my_cpp_pkg/cmake/my_cpp_pkgConfig-version.cmake
[2.471s] -- Up-to-date: /home/manoj/ros2_ws/install/my_cpp_pkg/share/my_cpp_pkg/package.xml
[2.471s] Invoked command in '/home/manoj/ros2_ws/build/my_cpp_pkg' returned '0': CMAKE_PREFIX_PATH=${CMAKE_PREFIX_PATH}:/home/manoj/ros2_ws/install/my_py_pkg:/opt/ros/humble /usr/bin/cmake --install /home/manoj/ros2_ws/build/my_cpp_pkg
