[0.536s] Invoking command in '/home/manoj/ros2_ws/build/my_py_pkg': PYTHONPATH=/home/manoj/ros2_ws/build/my_py_pkg/prefix_override:/home/manoj/ros2_ws/install/my_py_pkg/lib/python3.10/site-packages:${PYTHONPATH} /usr/bin/python3 setup.py develop --uninstall --editable --build-directory /home/manoj/ros2_ws/build/my_py_pkg/build
[0.749s] running develop
[0.893s] Removing /home/manoj/ros2_ws/install/my_py_pkg/lib/python3.10/site-packages/my-py-pkg.egg-link (link to .)
[0.927s] Invoked command in '/home/manoj/ros2_ws/build/my_py_pkg' returned '0': PYTHONPATH=/home/manoj/ros2_ws/build/my_py_pkg/prefix_override:/home/manoj/ros2_ws/install/my_py_pkg/lib/python3.10/site-packages:${PYTHONPATH} /usr/bin/python3 setup.py develop --uninstall --editable --build-directory /home/manoj/ros2_ws/build/my_py_pkg/build
[0.930s] Invoking command in '/home/manoj/ros2_ws/src/my_py_pkg': PYTHONPATH=/home/manoj/ros2_ws/build/my_py_pkg/prefix_override:/home/manoj/ros2_ws/install/my_py_pkg/lib/python3.10/site-packages:${PYTHONPATH} /usr/bin/python3 setup.py egg_info --egg-base ../../build/my_py_pkg build --build-base /home/manoj/ros2_ws/build/my_py_pkg/build install --record /home/manoj/ros2_ws/build/my_py_pkg/install.log --single-version-externally-managed
[1.131s] running egg_info
[1.132s] writing ../../build/my_py_pkg/my_py_pkg.egg-info/PKG-INFO
[1.132s] writing dependency_links to ../../build/my_py_pkg/my_py_pkg.egg-info/dependency_links.txt
[1.132s] writing entry points to ../../build/my_py_pkg/my_py_pkg.egg-info/entry_points.txt
[1.132s] writing requirements to ../../build/my_py_pkg/my_py_pkg.egg-info/requires.txt
[1.132s] writing top-level names to ../../build/my_py_pkg/my_py_pkg.egg-info/top_level.txt
[1.134s] reading manifest file '../../build/my_py_pkg/my_py_pkg.egg-info/SOURCES.txt'
[1.135s] writing manifest file '../../build/my_py_pkg/my_py_pkg.egg-info/SOURCES.txt'
[1.135s] running build
[1.135s] running build_py
[1.135s] copying my_py_pkg/robot_news_station.py -> /home/manoj/ros2_ws/build/my_py_pkg/build/lib/my_py_pkg
[1.136s] copying my_py_pkg/ROS_TEMPLATE.py -> /home/manoj/ros2_ws/build/my_py_pkg/build/lib/my_py_pkg
[1.136s] copying my_py_pkg/number_publisher.py -> /home/manoj/ros2_ws/build/my_py_pkg/build/lib/my_py_pkg
[1.136s] copying my_py_pkg/robot_news_subscriber.py -> /home/manoj/ros2_ws/build/my_py_pkg/build/lib/my_py_pkg
[1.136s] running install
[1.136s] running install_lib
[1.136s] creating /home/manoj/ros2_ws/install/my_py_pkg/lib/python3.10/site-packages/my_py_pkg
[1.137s] copying /home/manoj/ros2_ws/build/my_py_pkg/build/lib/my_py_pkg/robot_news_station.py -> /home/manoj/ros2_ws/install/my_py_pkg/lib/python3.10/site-packages/my_py_pkg
[1.137s] copying /home/manoj/ros2_ws/build/my_py_pkg/build/lib/my_py_pkg/ROS_TEMPLATE.py -> /home/manoj/ros2_ws/install/my_py_pkg/lib/python3.10/site-packages/my_py_pkg
[1.137s] copying /home/manoj/ros2_ws/build/my_py_pkg/build/lib/my_py_pkg/__init__.py -> /home/manoj/ros2_ws/install/my_py_pkg/lib/python3.10/site-packages/my_py_pkg
[1.137s] copying /home/manoj/ros2_ws/build/my_py_pkg/build/lib/my_py_pkg/number_publisher.py -> /home/manoj/ros2_ws/install/my_py_pkg/lib/python3.10/site-packages/my_py_pkg
[1.137s] copying /home/manoj/ros2_ws/build/my_py_pkg/build/lib/my_py_pkg/my_first_node.py -> /home/manoj/ros2_ws/install/my_py_pkg/lib/python3.10/site-packages/my_py_pkg
[1.137s] copying /home/manoj/ros2_ws/build/my_py_pkg/build/lib/my_py_pkg/robot_news_subscriber.py -> /home/manoj/ros2_ws/install/my_py_pkg/lib/python3.10/site-packages/my_py_pkg
[1.137s] byte-compiling /home/manoj/ros2_ws/install/my_py_pkg/lib/python3.10/site-packages/my_py_pkg/robot_news_station.py to robot_news_station.cpython-310.pyc
[1.138s] byte-compiling /home/manoj/ros2_ws/install/my_py_pkg/lib/python3.10/site-packages/my_py_pkg/ROS_TEMPLATE.py to ROS_TEMPLATE.cpython-310.pyc
[1.138s] byte-compiling /home/manoj/ros2_ws/install/my_py_pkg/lib/python3.10/site-packages/my_py_pkg/__init__.py to __init__.cpython-310.pyc
[1.138s] byte-compiling /home/manoj/ros2_ws/install/my_py_pkg/lib/python3.10/site-packages/my_py_pkg/number_publisher.py to number_publisher.cpython-310.pyc
[1.138s] byte-compiling /home/manoj/ros2_ws/install/my_py_pkg/lib/python3.10/site-packages/my_py_pkg/my_first_node.py to my_first_node.cpython-310.pyc
[1.138s] byte-compiling /home/manoj/ros2_ws/install/my_py_pkg/lib/python3.10/site-packages/my_py_pkg/robot_news_subscriber.py to robot_news_subscriber.cpython-310.pyc
[1.138s] running install_data
[1.139s] copying package.xml -> /home/manoj/ros2_ws/install/my_py_pkg/share/my_py_pkg
[1.139s] running install_egg_info
[1.140s] Copying ../../build/my_py_pkg/my_py_pkg.egg-info to /home/manoj/ros2_ws/install/my_py_pkg/lib/python3.10/site-packages/my_py_pkg-0.0.0-py3.10.egg-info
[1.141s] running install_scripts
[1.155s] Installing py_node script to /home/manoj/ros2_ws/install/my_py_pkg/lib/my_py_pkg
[1.156s] Installing robot_news_station script to /home/manoj/ros2_ws/install/my_py_pkg/lib/my_py_pkg
[1.156s] Installing robot_news_subscriber = my_py_pkg.robot_news_subscriber:mainnumber_publisher script to /home/manoj/ros2_ws/install/my_py_pkg/lib/my_py_pkg
[1.156s] writing list of installed files to '/home/manoj/ros2_ws/build/my_py_pkg/install.log'
[1.184s] Invoked command in '/home/manoj/ros2_ws/src/my_py_pkg' returned '0': PYTHONPATH=/home/manoj/ros2_ws/build/my_py_pkg/prefix_override:/home/manoj/ros2_ws/install/my_py_pkg/lib/python3.10/site-packages:${PYTHONPATH} /usr/bin/python3 setup.py egg_info --egg-base ../../build/my_py_pkg build --build-base /home/manoj/ros2_ws/build/my_py_pkg/build install --record /home/manoj/ros2_ws/build/my_py_pkg/install.log --single-version-externally-managed
