[0.015s] Invoking command in '/home/manoj/ros2_ws/build/my_robot_bringup': CMAKE_PREFIX_PATH=${CMAKE_PREFIX_PATH}:/home/manoj/ros2_ws/install/my_py_pkg:/opt/ros/humble /usr/bin/cmake --build /home/manoj/ros2_ws/build/my_robot_bringup -- -j16 -l16
[0.044s] Invoked command in '/home/manoj/ros2_ws/build/my_robot_bringup' returned '0': CMAKE_PREFIX_PATH=${CMAKE_PREFIX_PATH}:/home/manoj/ros2_ws/install/my_py_pkg:/opt/ros/humble /usr/bin/cmake --build /home/manoj/ros2_ws/build/my_robot_bringup -- -j16 -l16
[0.067s] Invoking command in '/home/manoj/ros2_ws/build/my_robot_bringup': CMAKE_PREFIX_PATH=${CMAKE_PREFIX_PATH}:/home/manoj/ros2_ws/install/my_py_pkg:/opt/ros/humble /usr/bin/cmake --install /home/manoj/ros2_ws/build/my_robot_bringup
[0.074s] -- Install configuration: ""
[0.074s] -- Execute custom install script
[0.074s] -- Up-to-date symlink: /home/manoj/ros2_ws/install/my_robot_bringup/share/my_robot_bringup/launch/number_app.launch.py
[0.074s] -- Up-to-date symlink: /home/manoj/ros2_ws/install/my_robot_bringup/share/my_robot_bringup/launch/robot_news_radio.launch.py
[0.075s] -- Up-to-date symlink: /home/manoj/ros2_ws/install/my_robot_bringup/share/ament_index/resource_index/package_run_dependencies/my_robot_bringup
[0.075s] -- Up-to-date symlink: /home/manoj/ros2_ws/install/my_robot_bringup/share/ament_index/resource_index/parent_prefix_path/my_robot_bringup
[0.075s] -- Up-to-date symlink: /home/manoj/ros2_ws/install/my_robot_bringup/share/my_robot_bringup/environment/ament_prefix_path.sh
[0.075s] -- Up-to-date symlink: /home/manoj/ros2_ws/install/my_robot_bringup/share/my_robot_bringup/environment/ament_prefix_path.dsv
[0.075s] -- Up-to-date symlink: /home/manoj/ros2_ws/install/my_robot_bringup/share/my_robot_bringup/environment/path.sh
[0.075s] -- Up-to-date symlink: /home/manoj/ros2_ws/install/my_robot_bringup/share/my_robot_bringup/environment/path.dsv
[0.075s] -- Up-to-date symlink: /home/manoj/ros2_ws/install/my_robot_bringup/share/my_robot_bringup/local_setup.bash
[0.075s] -- Up-to-date symlink: /home/manoj/ros2_ws/install/my_robot_bringup/share/my_robot_bringup/local_setup.sh
[0.075s] -- Up-to-date symlink: /home/manoj/ros2_ws/install/my_robot_bringup/share/my_robot_bringup/local_setup.zsh
[0.075s] -- Up-to-date symlink: /home/manoj/ros2_ws/install/my_robot_bringup/share/my_robot_bringup/local_setup.dsv
[0.075s] -- Symlinking: /home/manoj/ros2_ws/install/my_robot_bringup/share/my_robot_bringup/package.dsv
[0.082s] -- Up-to-date symlink: /home/manoj/ros2_ws/install/my_robot_bringup/share/ament_index/resource_index/packages/my_robot_bringup
[0.082s] -- Up-to-date symlink: /home/manoj/ros2_ws/install/my_robot_bringup/share/my_robot_bringup/cmake/my_robot_bringupConfig.cmake
[0.082s] -- Up-to-date symlink: /home/manoj/ros2_ws/install/my_robot_bringup/share/my_robot_bringup/cmake/my_robot_bringupConfig-version.cmake
[0.083s] -- Up-to-date symlink: /home/manoj/ros2_ws/install/my_robot_bringup/share/my_robot_bringup/package.xml
[0.084s] Invoked command in '/home/manoj/ros2_ws/build/my_robot_bringup' returned '0': CMAKE_PREFIX_PATH=${CMAKE_PREFIX_PATH}:/home/manoj/ros2_ws/install/my_py_pkg:/opt/ros/humble /usr/bin/cmake --install /home/manoj/ros2_ws/build/my_robot_bringup
