[0.015s] Invoking command in '/home/manoj/ros2_ws/build/my_cpp_pkg': CMAKE_PREFIX_PATH=${CMAKE_PREFIX_PATH}:/home/manoj/ros2_ws/install/my_py_pkg:/opt/ros/humble /usr/bin/cmake --build /home/manoj/ros2_ws/build/my_cpp_pkg -- -j16 -l16
[0.035s] -- Found ament_cmake: 1.3.5 (/opt/ros/humble/share/ament_cmake/cmake)
[0.154s] -- Found rclcpp: 16.0.5 (/opt/ros/humble/share/rclcpp/cmake)
[0.184s] -- Found rosidl_generator_c: 3.1.5 (/opt/ros/humble/share/rosidl_generator_c/cmake)
[0.186s] -- Found rosidl_adapter: 3.1.5 (/opt/ros/humble/share/rosidl_adapter/cmake)
[0.191s] -- Found rosidl_generator_cpp: 3.1.5 (/opt/ros/humble/share/rosidl_generator_cpp/cmake)
[0.200s] -- Using all available rosidl_typesupport_c: rosidl_typesupport_fastrtps_c;rosidl_typesupport_introspection_c
[0.212s] -- Using all available rosidl_typesupport_cpp: rosidl_typesupport_fastrtps_cpp;rosidl_typesupport_introspection_cpp
[0.263s] -- Found rmw_implementation_cmake: 6.1.1 (/opt/ros/humble/share/rmw_implementation_cmake/cmake)
[0.265s] -- Found rmw_fastrtps_cpp: 6.2.3 (/opt/ros/humble/share/rmw_fastrtps_cpp/cmake)
[0.379s] -- Using RMW implementation 'rmw_fastrtps_cpp' as default
[0.517s] -- Found example_interfaces: 0.9.3 (/opt/ros/humble/share/example_interfaces/cmake)
[0.635s] -- Found my_robot_interfaces: 0.0.0 (/home/manoj/ros2_ws/install/my_robot_interfaces/share/my_robot_interfaces/cmake)
[0.653s] -- Found ament_lint_auto: 0.12.7 (/opt/ros/humble/share/ament_lint_auto/cmake)
[0.710s] -- Added test 'cppcheck' to perform static code analysis on C / C++ code
[0.710s] -- Configured cppcheck include dirs: 
[0.710s] -- Configured cppcheck exclude dirs and/or files: 
[0.710s] -- Added test 'lint_cmake' to check CMake code style
[0.711s] -- Added test 'uncrustify' to check C / C++ code style
[0.711s] -- Configured uncrustify additional arguments: 
[0.711s] -- Added test 'xmllint' to check XML markup files
[0.712s] -- Configuring done
[0.740s] -- Generating done
[0.742s] -- Build files have been written to: /home/manoj/ros2_ws/build/my_cpp_pkg
[0.765s] [35m[1mConsolidate compiler generated dependencies of target add_two_ints_client_no_oop[0m
[0.765s] [35m[1mConsolidate compiler generated dependencies of target add_two_ints_server[0m
[0.765s] [35m[1mConsolidate compiler generated dependencies of target number_counter[0m
[0.765s] [35m[1mConsolidate compiler generated dependencies of target smartphone[0m
[0.766s] [35m[1mConsolidate compiler generated dependencies of target robot_news_station[0m
[0.766s] [35m[1mConsolidate compiler generated dependencies of target cpp_node[0m
[0.767s] [35m[1mConsolidate compiler generated dependencies of target add_two_ints_client[0m
[0.774s] [  6%] [32mBuilding CXX object CMakeFiles/battery.dir/src/battery.cpp.o[0m
[0.781s] [ 50%] Built target cpp_node
[0.781s] [ 50%] Built target add_two_ints_server
[0.781s] [ 50%] Built target robot_news_station
[0.781s] [ 68%] Built target number_counter
[0.782s] [ 68%] Built target smartphone
[0.782s] [ 81%] Built target add_two_ints_client_no_oop
[0.785s] [ 93%] Built target add_two_ints_client
[3.484s] [100%] [32m[1mLinking CXX executable battery[0m
[3.647s] [100%] Built target battery
[3.657s] Invoked command in '/home/manoj/ros2_ws/build/my_cpp_pkg' returned '0': CMAKE_PREFIX_PATH=${CMAKE_PREFIX_PATH}:/home/manoj/ros2_ws/install/my_py_pkg:/opt/ros/humble /usr/bin/cmake --build /home/manoj/ros2_ws/build/my_cpp_pkg -- -j16 -l16
[3.692s] Invoking command in '/home/manoj/ros2_ws/build/my_cpp_pkg': CMAKE_PREFIX_PATH=${CMAKE_PREFIX_PATH}:/home/manoj/ros2_ws/install/my_py_pkg:/opt/ros/humble /usr/bin/cmake --install /home/manoj/ros2_ws/build/my_cpp_pkg
[3.698s] -- Install configuration: ""
[3.699s] -- Up-to-date: /home/manoj/ros2_ws/install/my_cpp_pkg/lib/my_cpp_pkg/cpp_node
[3.699s] -- Up-to-date: /home/manoj/ros2_ws/install/my_cpp_pkg/lib/my_cpp_pkg/robot_news_station
[3.699s] -- Up-to-date: /home/manoj/ros2_ws/install/my_cpp_pkg/lib/my_cpp_pkg/smartphone
[3.699s] -- Up-to-date: /home/manoj/ros2_ws/install/my_cpp_pkg/lib/my_cpp_pkg/number_counter
[3.699s] -- Up-to-date: /home/manoj/ros2_ws/install/my_cpp_pkg/lib/my_cpp_pkg/add_two_ints_server
[3.699s] -- Up-to-date: /home/manoj/ros2_ws/install/my_cpp_pkg/lib/my_cpp_pkg/add_two_ints_client_no_oop
[3.700s] -- Up-to-date: /home/manoj/ros2_ws/install/my_cpp_pkg/lib/my_cpp_pkg/add_two_ints_client
[3.700s] -- Installing: /home/manoj/ros2_ws/install/my_cpp_pkg/lib/my_cpp_pkg/battery
[3.700s] -- Set runtime path of "/home/manoj/ros2_ws/install/my_cpp_pkg/lib/my_cpp_pkg/battery" to ""
[3.700s] -- Installing: /home/manoj/ros2_ws/install/my_cpp_pkg/share/ament_index/resource_index/package_run_dependencies/my_cpp_pkg
[3.701s] -- Installing: /home/manoj/ros2_ws/install/my_cpp_pkg/share/ament_index/resource_index/parent_prefix_path/my_cpp_pkg
[3.701s] -- Up-to-date: /home/manoj/ros2_ws/install/my_cpp_pkg/share/my_cpp_pkg/environment/ament_prefix_path.sh
[3.701s] -- Installing: /home/manoj/ros2_ws/install/my_cpp_pkg/share/my_cpp_pkg/environment/ament_prefix_path.dsv
[3.701s] -- Up-to-date: /home/manoj/ros2_ws/install/my_cpp_pkg/share/my_cpp_pkg/environment/path.sh
[3.701s] -- Installing: /home/manoj/ros2_ws/install/my_cpp_pkg/share/my_cpp_pkg/environment/path.dsv
[3.701s] -- Up-to-date: /home/manoj/ros2_ws/install/my_cpp_pkg/share/my_cpp_pkg/local_setup.bash
[3.701s] -- Up-to-date: /home/manoj/ros2_ws/install/my_cpp_pkg/share/my_cpp_pkg/local_setup.sh
[3.701s] -- Up-to-date: /home/manoj/ros2_ws/install/my_cpp_pkg/share/my_cpp_pkg/local_setup.zsh
[3.701s] -- Installing: /home/manoj/ros2_ws/install/my_cpp_pkg/share/my_cpp_pkg/local_setup.dsv
[3.701s] -- Installing: /home/manoj/ros2_ws/install/my_cpp_pkg/share/my_cpp_pkg/package.dsv
[3.701s] -- Up-to-date: /home/manoj/ros2_ws/install/my_cpp_pkg/share/ament_index/resource_index/packages/my_cpp_pkg
[3.701s] -- Up-to-date: /home/manoj/ros2_ws/install/my_cpp_pkg/share/my_cpp_pkg/cmake/my_cpp_pkgConfig.cmake
[3.701s] -- Up-to-date: /home/manoj/ros2_ws/install/my_cpp_pkg/share/my_cpp_pkg/cmake/my_cpp_pkgConfig-version.cmake
[3.701s] -- Installing: /home/manoj/ros2_ws/install/my_cpp_pkg/share/my_cpp_pkg/package.xml
[3.703s] Invoked command in '/home/manoj/ros2_ws/build/my_cpp_pkg' returned '0': CMAKE_PREFIX_PATH=${CMAKE_PREFIX_PATH}:/home/manoj/ros2_ws/install/my_py_pkg:/opt/ros/humble /usr/bin/cmake --install /home/manoj/ros2_ws/build/my_cpp_pkg
