[0.013s] Invoking command in '/home/manoj/ros2_ws/build/my_cpp_pkg': CMAKE_PREFIX_PATH=${CMAKE_PREFIX_PATH}:/home/manoj/ros2_ws/install/my_py_pkg:/opt/ros/humble /usr/bin/cmake --build /home/manoj/ros2_ws/build/my_cpp_pkg -- -j16 -l16
[0.046s] [35m[1mConsolidate compiler generated dependencies of target add_two_ints_server[0m
[0.053s] [ 20%] Built target cpp_node
[0.055s] [ 60%] Built target smartphone
[0.055s] [ 60%] Built target robot_news_station
[0.055s] [ 80%] Built target number_counter
[0.060s] [ 90%] [32mBuilding CXX object CMakeFiles/add_two_ints_server.dir/src/add_two_ints_server.cpp.o[0m
[1.720s] In file included from [01m[K/opt/ros/humble/include/rclcpp/rclcpp/client.hpp:40[m[K,
[1.721s]                  from [01m[K/opt/ros/humble/include/rclcpp/rclcpp/callback_group.hpp:24[m[K,
[1.721s]                  from [01m[K/opt/ros/humble/include/rclcpp/rclcpp/any_executable.hpp:20[m[K,
[1.721s]                  from [01m[K/opt/ros/humble/include/rclcpp/rclcpp/memory_strategy.hpp:25[m[K,
[1.721s]                  from [01m[K/opt/ros/humble/include/rclcpp/rclcpp/memory_strategies.hpp:18[m[K,
[1.721s]                  from [01m[K/opt/ros/humble/include/rclcpp/rclcpp/executor_options.hpp:20[m[K,
[1.721s]                  from [01m[K/opt/ros/humble/include/rclcpp/rclcpp/executor.hpp:37[m[K,
[1.721s]                  from [01m[K/opt/ros/humble/include/rclcpp/rclcpp/executors/multi_threaded_executor.hpp:25[m[K,
[1.721s]                  from [01m[K/opt/ros/humble/include/rclcpp/rclcpp/executors.hpp:21[m[K,
[1.721s]                  from [01m[K/opt/ros/humble/include/rclcpp/rclcpp/rclcpp.hpp:155[m[K,
[1.722s]                  from [01m[K/home/manoj/ros2_ws/src/my_cpp_pkg/src/add_two_ints_server.cpp:1[m[K:
[1.722s] [01m[K/home/manoj/ros2_ws/src/my_cpp_pkg/src/add_two_ints_server.cpp:[m[K In constructor ‘[01m[KAddTwoIntsNode::AddTwoIntsNode()[m[K’:
[1.722s] [01m[K/home/manoj/ros2_ws/src/my_cpp_pkg/src/add_two_ints_server.cpp:17:13:[m[K [01;31m[Kerror: [m[Kstatic assertion failed: First argument to logging macros must be an rclcpp::Logger
[1.722s]    17 |             [01;31m[KRCLCPP_INFO[m[K("add_two_ints Server is up and running...");
[1.722s]       |             [01;31m[K^~~~~~~~~~~[m[K
[1.722s] In file included from [01m[K/opt/ros/humble/include/rclcpp/rclcpp/logging.hpp:24[m[K,
[1.722s]                  from [01m[K/opt/ros/humble/include/rclcpp/rclcpp/client.hpp:40[m[K,
[1.722s]                  from [01m[K/opt/ros/humble/include/rclcpp/rclcpp/callback_group.hpp:24[m[K,
[1.722s]                  from [01m[K/opt/ros/humble/include/rclcpp/rclcpp/any_executable.hpp:20[m[K,
[1.722s]                  from [01m[K/opt/ros/humble/include/rclcpp/rclcpp/memory_strategy.hpp:25[m[K,
[1.723s]                  from [01m[K/opt/ros/humble/include/rclcpp/rclcpp/memory_strategies.hpp:18[m[K,
[1.723s]                  from [01m[K/opt/ros/humble/include/rclcpp/rclcpp/executor_options.hpp:20[m[K,
[1.723s]                  from [01m[K/opt/ros/humble/include/rclcpp/rclcpp/executor.hpp:37[m[K,
[1.723s]                  from [01m[K/opt/ros/humble/include/rclcpp/rclcpp/executors/multi_threaded_executor.hpp:25[m[K,
[1.723s]                  from [01m[K/opt/ros/humble/include/rclcpp/rclcpp/executors.hpp:21[m[K,
[1.723s]                  from [01m[K/opt/ros/humble/include/rclcpp/rclcpp/rclcpp.hpp:155[m[K,
[1.723s]                  from [01m[K/home/manoj/ros2_ws/src/my_cpp_pkg/src/add_two_ints_server.cpp:1[m[K:
[1.723s] [01m[K/home/manoj/ros2_ws/src/my_cpp_pkg/src/add_two_ints_server.cpp:17:13:[m[K [01;31m[Kerror: [m[Krequest for member ‘[01m[Kget_name[m[K’ in ‘[01m[K("add_two_ints Server is up and running...")[m[K’, which is of non-class type ‘[01m[Kconst char [41][m[K’
[1.723s]    17 |             [01;31m[KRCLCPP_INFO[m[K("add_two_ints Server is up and running...");
[1.723s]       |             [01;31m[K^~~~~~~~~~~[m[K
[1.724s] [01m[K/home/manoj/ros2_ws/src/my_cpp_pkg/src/add_two_ints_server.cpp:17:13:[m[K [01;31m[Kerror: [m[Krequest for member ‘[01m[Kget_name[m[K’ in ‘[01m[K("add_two_ints Server is up and running...")[m[K’, which is of non-class type ‘[01m[Kconst char [41][m[K’
[1.724s]    17 |             [01;31m[KRCLCPP_INFO[m[K("add_two_ints Server is up and running...");
[1.724s]       |             [01;31m[K^~~~~~~~~~~[m[K
[1.724s] [01m[K/home/manoj/ros2_ws/src/my_cpp_pkg/src/add_two_ints_server.cpp:17:13:[m[K [01;31m[Kerror: [m[Kexpected primary-expression before ‘[01m[K)[m[K’ token
[1.724s]    17 |             [01;31m[KRCLCPP_INFO[m[K("add_two_ints Server is up and running...");
[1.724s]       |             [01;31m[K^~~~~~~~~~~[m[K
[2.198s] gmake[2]: *** [CMakeFiles/add_two_ints_server.dir/build.make:76: CMakeFiles/add_two_ints_server.dir/src/add_two_ints_server.cpp.o] Error 1
[2.198s] gmake[1]: *** [CMakeFiles/Makefile2:249: CMakeFiles/add_two_ints_server.dir/all] Error 2
[2.199s] gmake: *** [Makefile:146: all] Error 2
[2.200s] Invoked command in '/home/manoj/ros2_ws/build/my_cpp_pkg' returned '2': CMAKE_PREFIX_PATH=${CMAKE_PREFIX_PATH}:/home/manoj/ros2_ws/install/my_py_pkg:/opt/ros/humble /usr/bin/cmake --build /home/manoj/ros2_ws/build/my_cpp_pkg -- -j16 -l16
