[0.015s] Invoking command in '/home/manoj/ros2_ws/build/my_robot_bringup': CMAKE_PREFIX_PATH=${CMAKE_PREFIX_PATH}:/home/manoj/ros2_ws/install/my_py_pkg:/opt/ros/humble /usr/bin/cmake /home/manoj/ros2_ws/src/my_robot_bringup -DAMENT_CMAKE_SYMLINK_INSTALL=1 -DCMAKE_INSTALL_PREFIX=/home/manoj/ros2_ws/install/my_robot_bringup
[0.058s] -- The C compiler identification is GNU 11.4.0
[0.101s] -- The CXX compiler identification is GNU 11.4.0
[0.107s] -- Detecting C compiler ABI info
[0.161s] -- Detecting C compiler ABI info - done
[0.167s] -- Check for working C compiler: /usr/bin/cc - skipped
[0.168s] -- Detecting C compile features
[0.168s] -- Detecting C compile features - done
[0.170s] -- Detecting CXX compiler ABI info
[0.236s] -- Detecting CXX compiler ABI info - done
[0.243s] -- Check for working CXX compiler: /usr/bin/c++ - skipped
[0.243s] -- Detecting CXX compile features
[0.243s] -- Detecting CXX compile features - done
[0.245s] -- Found ament_cmake: 1.3.5 (/opt/ros/humble/share/ament_cmake/cmake)
[0.380s] -- Found Python3: /usr/bin/python3.10 (found version "3.10.12") found components: Interpreter 
[0.430s] -- Override CMake install command with custom implementation using symlinks instead of copying resources
[0.505s] -- Configuring done
[0.507s] -- Generating done
[0.507s] -- Build files have been written to: /home/manoj/ros2_ws/build/my_robot_bringup
[0.511s] Invoked command in '/home/manoj/ros2_ws/build/my_robot_bringup' returned '0': CMAKE_PREFIX_PATH=${CMAKE_PREFIX_PATH}:/home/manoj/ros2_ws/install/my_py_pkg:/opt/ros/humble /usr/bin/cmake /home/manoj/ros2_ws/src/my_robot_bringup -DAMENT_CMAKE_SYMLINK_INSTALL=1 -DCMAKE_INSTALL_PREFIX=/home/manoj/ros2_ws/install/my_robot_bringup
[0.513s] Invoking command in '/home/manoj/ros2_ws/build/my_robot_bringup': CMAKE_PREFIX_PATH=${CMAKE_PREFIX_PATH}:/home/manoj/ros2_ws/install/my_py_pkg:/opt/ros/humble /usr/bin/cmake --build /home/manoj/ros2_ws/build/my_robot_bringup -- -j16 -l16
[0.543s] Invoked command in '/home/manoj/ros2_ws/build/my_robot_bringup' returned '0': CMAKE_PREFIX_PATH=${CMAKE_PREFIX_PATH}:/home/manoj/ros2_ws/install/my_py_pkg:/opt/ros/humble /usr/bin/cmake --build /home/manoj/ros2_ws/build/my_robot_bringup -- -j16 -l16
[0.566s] Invoking command in '/home/manoj/ros2_ws/build/my_robot_bringup': CMAKE_PREFIX_PATH=${CMAKE_PREFIX_PATH}:/home/manoj/ros2_ws/install/my_py_pkg:/opt/ros/humble /usr/bin/cmake --install /home/manoj/ros2_ws/build/my_robot_bringup
[0.571s] -- Install configuration: ""
[0.571s] -- Execute custom install script
[0.572s] -- Symlinking: /home/manoj/ros2_ws/install/my_robot_bringup/share/my_robot_bringup/launch/number_app.launch.py
[0.579s] -- Symlinking: /home/manoj/ros2_ws/install/my_robot_bringup/share/ament_index/resource_index/package_run_dependencies/my_robot_bringup
[0.585s] -- Symlinking: /home/manoj/ros2_ws/install/my_robot_bringup/share/ament_index/resource_index/parent_prefix_path/my_robot_bringup
[0.592s] -- Symlinking: /home/manoj/ros2_ws/install/my_robot_bringup/share/my_robot_bringup/environment/ament_prefix_path.sh
[0.598s] -- Symlinking: /home/manoj/ros2_ws/install/my_robot_bringup/share/my_robot_bringup/environment/ament_prefix_path.dsv
[0.605s] -- Symlinking: /home/manoj/ros2_ws/install/my_robot_bringup/share/my_robot_bringup/environment/path.sh
[0.612s] -- Symlinking: /home/manoj/ros2_ws/install/my_robot_bringup/share/my_robot_bringup/environment/path.dsv
[0.619s] -- Symlinking: /home/manoj/ros2_ws/install/my_robot_bringup/share/my_robot_bringup/local_setup.bash
[0.627s] -- Symlinking: /home/manoj/ros2_ws/install/my_robot_bringup/share/my_robot_bringup/local_setup.sh
[0.635s] -- Symlinking: /home/manoj/ros2_ws/install/my_robot_bringup/share/my_robot_bringup/local_setup.zsh
[0.642s] -- Symlinking: /home/manoj/ros2_ws/install/my_robot_bringup/share/my_robot_bringup/local_setup.dsv
[0.649s] -- Symlinking: /home/manoj/ros2_ws/install/my_robot_bringup/share/my_robot_bringup/package.dsv
[0.657s] -- Symlinking: /home/manoj/ros2_ws/install/my_robot_bringup/share/ament_index/resource_index/packages/my_robot_bringup
[0.664s] -- Symlinking: /home/manoj/ros2_ws/install/my_robot_bringup/share/my_robot_bringup/cmake/my_robot_bringupConfig.cmake
[0.671s] -- Symlinking: /home/manoj/ros2_ws/install/my_robot_bringup/share/my_robot_bringup/cmake/my_robot_bringupConfig-version.cmake
[0.678s] -- Symlinking: /home/manoj/ros2_ws/install/my_robot_bringup/share/my_robot_bringup/package.xml
[0.688s] Invoked command in '/home/manoj/ros2_ws/build/my_robot_bringup' returned '0': CMAKE_PREFIX_PATH=${CMAKE_PREFIX_PATH}:/home/manoj/ros2_ws/install/my_py_pkg:/opt/ros/humble /usr/bin/cmake --install /home/manoj/ros2_ws/build/my_robot_bringup
