[0.101s] DEBUG:colcon:Command line arguments: ['/usr/bin/colcon', 'build', '--packages-select', 'my_robot_bringup']
[0.101s] DEBUG:colcon:Parsed command line arguments: Namespace(log_base=None, log_level=None, verb_name='build', build_base='build', install_base='install', merge_install=False, symlink_install=False, test_result_base=None, continue_on_error=False, executor='parallel', parallel_workers=16, event_handlers=None, ignore_user_meta=False, metas=['./colcon.meta'], base_paths=['.'], packages_ignore=None, packages_ignore_regex=None, paths=None, packages_up_to=None, packages_up_to_regex=None, packages_above=None, packages_above_and_dependencies=None, packages_above_depth=None, packages_select_by_dep=None, packages_skip_by_dep=None, packages_skip_up_to=None, packages_select_build_failed=False, packages_skip_build_finished=False, packages_select_test_failures=False, packages_skip_test_passed=False, packages_select=['my_robot_bringup'], packages_skip=None, packages_select_regex=None, packages_skip_regex=None, packages_start=None, packages_end=None, allow_overriding=[], cmake_args=None, cmake_target=None, cmake_target_skip_unavailable=False, cmake_clean_cache=False, cmake_clean_first=False, cmake_force_configure=False, ament_cmake_args=None, catkin_cmake_args=None, catkin_skip_building_tests=False, verb_parser=<colcon_defaults.argument_parser.defaults.DefaultArgumentsDecorator object at 0x785d402ff310>, verb_extension=<colcon_core.verb.build.BuildVerb object at 0x785d404908b0>, main=<bound method BuildVerb.main of <colcon_core.verb.build.BuildVerb object at 0x785d404908b0>>)
[0.296s] Level 1:colcon.colcon_core.package_discovery:discover_packages(colcon_meta) check parameters
[0.297s] Level 1:colcon.colcon_core.package_discovery:discover_packages(recursive) check parameters
[0.297s] Level 1:colcon.colcon_core.package_discovery:discover_packages(ignore) check parameters
[0.297s] Level 1:colcon.colcon_core.package_discovery:discover_packages(path) check parameters
[0.297s] Level 1:colcon.colcon_core.package_discovery:discover_packages(colcon_meta) discover
[0.297s] Level 1:colcon.colcon_core.package_discovery:discover_packages(recursive) discover
[0.297s] INFO:colcon.colcon_core.package_discovery:Crawling recursively for packages in '/home/manoj/ros2_ws'
[0.297s] Level 1:colcon.colcon_core.package_identification:_identify(.) by extensions ['ignore', 'ignore_ament_install']
[0.297s] Level 1:colcon.colcon_core.package_identification:_identify(.) by extension 'ignore'
[0.297s] Level 1:colcon.colcon_core.package_identification:_identify(.) by extension 'ignore_ament_install'
[0.297s] Level 1:colcon.colcon_core.package_identification:_identify(.) by extensions ['colcon_pkg']
[0.297s] Level 1:colcon.colcon_core.package_identification:_identify(.) by extension 'colcon_pkg'
[0.297s] Level 1:colcon.colcon_core.package_identification:_identify(.) by extensions ['colcon_meta']
[0.297s] Level 1:colcon.colcon_core.package_identification:_identify(.) by extension 'colcon_meta'
[0.297s] Level 1:colcon.colcon_core.package_identification:_identify(.) by extensions ['ros']
[0.297s] Level 1:colcon.colcon_core.package_identification:_identify(.) by extension 'ros'
[0.334s] Level 1:colcon.colcon_core.package_identification:_identify(.) by extensions ['cmake', 'python']
[0.334s] Level 1:colcon.colcon_core.package_identification:_identify(.) by extension 'cmake'
[0.334s] Level 1:colcon.colcon_core.package_identification:_identify(.) by extension 'python'
[0.334s] Level 1:colcon.colcon_core.package_identification:_identify(.) by extensions ['python_setup_py']
[0.334s] Level 1:colcon.colcon_core.package_identification:_identify(.) by extension 'python_setup_py'
[0.334s] Level 1:colcon.colcon_core.package_identification:_identify(#__REFS) by extensions ['ignore', 'ignore_ament_install']
[0.334s] Level 1:colcon.colcon_core.package_identification:_identify(#__REFS) by extension 'ignore'
[0.334s] Level 1:colcon.colcon_core.package_identification:_identify(#__REFS) by extension 'ignore_ament_install'
[0.334s] Level 1:colcon.colcon_core.package_identification:_identify(#__REFS) by extensions ['colcon_pkg']
[0.334s] Level 1:colcon.colcon_core.package_identification:_identify(#__REFS) by extension 'colcon_pkg'
[0.334s] Level 1:colcon.colcon_core.package_identification:_identify(#__REFS) by extensions ['colcon_meta']
[0.334s] Level 1:colcon.colcon_core.package_identification:_identify(#__REFS) by extension 'colcon_meta'
[0.334s] Level 1:colcon.colcon_core.package_identification:_identify(#__REFS) by extensions ['ros']
[0.334s] Level 1:colcon.colcon_core.package_identification:_identify(#__REFS) by extension 'ros'
[0.335s] Level 1:colcon.colcon_core.package_identification:_identify(#__REFS) by extensions ['cmake', 'python']
[0.335s] Level 1:colcon.colcon_core.package_identification:_identify(#__REFS) by extension 'cmake'
[0.335s] Level 1:colcon.colcon_core.package_identification:_identify(#__REFS) by extension 'python'
[0.335s] Level 1:colcon.colcon_core.package_identification:_identify(#__REFS) by extensions ['python_setup_py']
[0.335s] Level 1:colcon.colcon_core.package_identification:_identify(#__REFS) by extension 'python_setup_py'
[0.335s] Level 1:colcon.colcon_core.package_identification:_identify(#__REFS/COURSE_activities) by extensions ['ignore', 'ignore_ament_install']
[0.335s] Level 1:colcon.colcon_core.package_identification:_identify(#__REFS/COURSE_activities) by extension 'ignore'
[0.335s] Level 1:colcon.colcon_core.package_identification:_identify(#__REFS/COURSE_activities) by extension 'ignore_ament_install'
[0.335s] Level 1:colcon.colcon_core.package_identification:_identify(#__REFS/COURSE_activities) by extensions ['colcon_pkg']
[0.335s] Level 1:colcon.colcon_core.package_identification:_identify(#__REFS/COURSE_activities) by extension 'colcon_pkg'
[0.335s] Level 1:colcon.colcon_core.package_identification:_identify(#__REFS/COURSE_activities) by extensions ['colcon_meta']
[0.335s] Level 1:colcon.colcon_core.package_identification:_identify(#__REFS/COURSE_activities) by extension 'colcon_meta'
[0.335s] Level 1:colcon.colcon_core.package_identification:_identify(#__REFS/COURSE_activities) by extensions ['ros']
[0.335s] Level 1:colcon.colcon_core.package_identification:_identify(#__REFS/COURSE_activities) by extension 'ros'
[0.335s] Level 1:colcon.colcon_core.package_identification:_identify(#__REFS/COURSE_activities) by extensions ['cmake', 'python']
[0.335s] Level 1:colcon.colcon_core.package_identification:_identify(#__REFS/COURSE_activities) by extension 'cmake'
[0.335s] Level 1:colcon.colcon_core.package_identification:_identify(#__REFS/COURSE_activities) by extension 'python'
[0.335s] Level 1:colcon.colcon_core.package_identification:_identify(#__REFS/COURSE_activities) by extensions ['python_setup_py']
[0.335s] Level 1:colcon.colcon_core.package_identification:_identify(#__REFS/COURSE_activities) by extension 'python_setup_py'
[0.335s] Level 1:colcon.colcon_core.package_identification:_identify(#__REFS/get_ros2_msg_metadata) by extensions ['ignore', 'ignore_ament_install']
[0.335s] Level 1:colcon.colcon_core.package_identification:_identify(#__REFS/get_ros2_msg_metadata) by extension 'ignore'
[0.335s] Level 1:colcon.colcon_core.package_identification:_identify(#__REFS/get_ros2_msg_metadata) by extension 'ignore_ament_install'
[0.335s] Level 1:colcon.colcon_core.package_identification:_identify(#__REFS/get_ros2_msg_metadata) by extensions ['colcon_pkg']
[0.335s] Level 1:colcon.colcon_core.package_identification:_identify(#__REFS/get_ros2_msg_metadata) by extension 'colcon_pkg'
[0.335s] Level 1:colcon.colcon_core.package_identification:_identify(#__REFS/get_ros2_msg_metadata) by extensions ['colcon_meta']
[0.335s] Level 1:colcon.colcon_core.package_identification:_identify(#__REFS/get_ros2_msg_metadata) by extension 'colcon_meta'
[0.336s] Level 1:colcon.colcon_core.package_identification:_identify(#__REFS/get_ros2_msg_metadata) by extensions ['ros']
[0.336s] Level 1:colcon.colcon_core.package_identification:_identify(#__REFS/get_ros2_msg_metadata) by extension 'ros'
[0.336s] Level 1:colcon.colcon_core.package_identification:_identify(#__REFS/get_ros2_msg_metadata) by extensions ['cmake', 'python']
[0.336s] Level 1:colcon.colcon_core.package_identification:_identify(#__REFS/get_ros2_msg_metadata) by extension 'cmake'
[0.336s] Level 1:colcon.colcon_core.package_identification:_identify(#__REFS/get_ros2_msg_metadata) by extension 'python'
[0.336s] Level 1:colcon.colcon_core.package_identification:_identify(#__REFS/get_ros2_msg_metadata) by extensions ['python_setup_py']
[0.336s] Level 1:colcon.colcon_core.package_identification:_identify(#__REFS/get_ros2_msg_metadata) by extension 'python_setup_py'
[0.336s] Level 1:colcon.colcon_core.package_identification:_identify(build) by extensions ['ignore', 'ignore_ament_install']
[0.336s] Level 1:colcon.colcon_core.package_identification:_identify(build) by extension 'ignore'
[0.336s] Level 1:colcon.colcon_core.package_identification:_identify(build) ignored
[0.336s] Level 1:colcon.colcon_core.package_identification:_identify(install) by extensions ['ignore', 'ignore_ament_install']
[0.336s] Level 1:colcon.colcon_core.package_identification:_identify(install) by extension 'ignore'
[0.336s] Level 1:colcon.colcon_core.package_identification:_identify(install) ignored
[0.336s] Level 1:colcon.colcon_core.package_identification:_identify(log) by extensions ['ignore', 'ignore_ament_install']
[0.336s] Level 1:colcon.colcon_core.package_identification:_identify(log) by extension 'ignore'
[0.336s] Level 1:colcon.colcon_core.package_identification:_identify(log) ignored
[0.336s] Level 1:colcon.colcon_core.package_identification:_identify(src) by extensions ['ignore', 'ignore_ament_install']
[0.336s] Level 1:colcon.colcon_core.package_identification:_identify(src) by extension 'ignore'
[0.336s] Level 1:colcon.colcon_core.package_identification:_identify(src) by extension 'ignore_ament_install'
[0.336s] Level 1:colcon.colcon_core.package_identification:_identify(src) by extensions ['colcon_pkg']
[0.336s] Level 1:colcon.colcon_core.package_identification:_identify(src) by extension 'colcon_pkg'
[0.337s] Level 1:colcon.colcon_core.package_identification:_identify(src) by extensions ['colcon_meta']
[0.337s] Level 1:colcon.colcon_core.package_identification:_identify(src) by extension 'colcon_meta'
[0.337s] Level 1:colcon.colcon_core.package_identification:_identify(src) by extensions ['ros']
[0.337s] Level 1:colcon.colcon_core.package_identification:_identify(src) by extension 'ros'
[0.337s] Level 1:colcon.colcon_core.package_identification:_identify(src) by extensions ['cmake', 'python']
[0.337s] Level 1:colcon.colcon_core.package_identification:_identify(src) by extension 'cmake'
[0.337s] Level 1:colcon.colcon_core.package_identification:_identify(src) by extension 'python'
[0.337s] Level 1:colcon.colcon_core.package_identification:_identify(src) by extensions ['python_setup_py']
[0.337s] Level 1:colcon.colcon_core.package_identification:_identify(src) by extension 'python_setup_py'
[0.337s] Level 1:colcon.colcon_core.package_identification:_identify(src/my_cpp_pkg) by extensions ['ignore', 'ignore_ament_install']
[0.337s] Level 1:colcon.colcon_core.package_identification:_identify(src/my_cpp_pkg) by extension 'ignore'
[0.337s] Level 1:colcon.colcon_core.package_identification:_identify(src/my_cpp_pkg) by extension 'ignore_ament_install'
[0.337s] Level 1:colcon.colcon_core.package_identification:_identify(src/my_cpp_pkg) by extensions ['colcon_pkg']
[0.337s] Level 1:colcon.colcon_core.package_identification:_identify(src/my_cpp_pkg) by extension 'colcon_pkg'
[0.337s] Level 1:colcon.colcon_core.package_identification:_identify(src/my_cpp_pkg) by extensions ['colcon_meta']
[0.337s] Level 1:colcon.colcon_core.package_identification:_identify(src/my_cpp_pkg) by extension 'colcon_meta'
[0.337s] Level 1:colcon.colcon_core.package_identification:_identify(src/my_cpp_pkg) by extensions ['ros']
[0.337s] Level 1:colcon.colcon_core.package_identification:_identify(src/my_cpp_pkg) by extension 'ros'
[0.340s] DEBUG:colcon.colcon_core.package_identification:Package 'src/my_cpp_pkg' with type 'ros.ament_cmake' and name 'my_cpp_pkg'
[0.340s] Level 1:colcon.colcon_core.package_identification:_identify(src/my_py_pkg) by extensions ['ignore', 'ignore_ament_install']
[0.340s] Level 1:colcon.colcon_core.package_identification:_identify(src/my_py_pkg) by extension 'ignore'
[0.340s] Level 1:colcon.colcon_core.package_identification:_identify(src/my_py_pkg) by extension 'ignore_ament_install'
[0.340s] Level 1:colcon.colcon_core.package_identification:_identify(src/my_py_pkg) by extensions ['colcon_pkg']
[0.340s] Level 1:colcon.colcon_core.package_identification:_identify(src/my_py_pkg) by extension 'colcon_pkg'
[0.340s] Level 1:colcon.colcon_core.package_identification:_identify(src/my_py_pkg) by extensions ['colcon_meta']
[0.340s] Level 1:colcon.colcon_core.package_identification:_identify(src/my_py_pkg) by extension 'colcon_meta'
[0.340s] Level 1:colcon.colcon_core.package_identification:_identify(src/my_py_pkg) by extensions ['ros']
[0.340s] Level 1:colcon.colcon_core.package_identification:_identify(src/my_py_pkg) by extension 'ros'
[0.341s] DEBUG:colcon.colcon_core.package_identification:Package 'src/my_py_pkg' with type 'ros.ament_python' and name 'my_py_pkg'
[0.341s] Level 1:colcon.colcon_core.package_identification:_identify(src/my_robot_bringup) by extensions ['ignore', 'ignore_ament_install']
[0.341s] Level 1:colcon.colcon_core.package_identification:_identify(src/my_robot_bringup) by extension 'ignore'
[0.341s] Level 1:colcon.colcon_core.package_identification:_identify(src/my_robot_bringup) by extension 'ignore_ament_install'
[0.341s] Level 1:colcon.colcon_core.package_identification:_identify(src/my_robot_bringup) by extensions ['colcon_pkg']
[0.341s] Level 1:colcon.colcon_core.package_identification:_identify(src/my_robot_bringup) by extension 'colcon_pkg'
[0.341s] Level 1:colcon.colcon_core.package_identification:_identify(src/my_robot_bringup) by extensions ['colcon_meta']
[0.341s] Level 1:colcon.colcon_core.package_identification:_identify(src/my_robot_bringup) by extension 'colcon_meta'
[0.341s] Level 1:colcon.colcon_core.package_identification:_identify(src/my_robot_bringup) by extensions ['ros']
[0.341s] Level 1:colcon.colcon_core.package_identification:_identify(src/my_robot_bringup) by extension 'ros'
[0.341s] DEBUG:colcon.colcon_core.package_identification:Package 'src/my_robot_bringup' with type 'ros.ament_cmake' and name 'my_robot_bringup'
[0.342s] Level 1:colcon.colcon_core.package_identification:_identify(src/my_robot_interfaces) by extensions ['ignore', 'ignore_ament_install']
[0.342s] Level 1:colcon.colcon_core.package_identification:_identify(src/my_robot_interfaces) by extension 'ignore'
[0.342s] Level 1:colcon.colcon_core.package_identification:_identify(src/my_robot_interfaces) by extension 'ignore_ament_install'
[0.342s] Level 1:colcon.colcon_core.package_identification:_identify(src/my_robot_interfaces) by extensions ['colcon_pkg']
[0.342s] Level 1:colcon.colcon_core.package_identification:_identify(src/my_robot_interfaces) by extension 'colcon_pkg'
[0.342s] Level 1:colcon.colcon_core.package_identification:_identify(src/my_robot_interfaces) by extensions ['colcon_meta']
[0.342s] Level 1:colcon.colcon_core.package_identification:_identify(src/my_robot_interfaces) by extension 'colcon_meta'
[0.342s] Level 1:colcon.colcon_core.package_identification:_identify(src/my_robot_interfaces) by extensions ['ros']
[0.342s] Level 1:colcon.colcon_core.package_identification:_identify(src/my_robot_interfaces) by extension 'ros'
[0.342s] DEBUG:colcon.colcon_core.package_identification:Package 'src/my_robot_interfaces' with type 'ros.ament_cmake' and name 'my_robot_interfaces'
[0.342s] Level 1:colcon.colcon_core.package_identification:_identify(src/turtle_hunt_py_pkg) by extensions ['ignore', 'ignore_ament_install']
[0.342s] Level 1:colcon.colcon_core.package_identification:_identify(src/turtle_hunt_py_pkg) by extension 'ignore'
[0.342s] Level 1:colcon.colcon_core.package_identification:_identify(src/turtle_hunt_py_pkg) by extension 'ignore_ament_install'
[0.342s] Level 1:colcon.colcon_core.package_identification:_identify(src/turtle_hunt_py_pkg) by extensions ['colcon_pkg']
[0.342s] Level 1:colcon.colcon_core.package_identification:_identify(src/turtle_hunt_py_pkg) by extension 'colcon_pkg'
[0.342s] Level 1:colcon.colcon_core.package_identification:_identify(src/turtle_hunt_py_pkg) by extensions ['colcon_meta']
[0.342s] Level 1:colcon.colcon_core.package_identification:_identify(src/turtle_hunt_py_pkg) by extension 'colcon_meta'
[0.342s] Level 1:colcon.colcon_core.package_identification:_identify(src/turtle_hunt_py_pkg) by extensions ['ros']
[0.343s] Level 1:colcon.colcon_core.package_identification:_identify(src/turtle_hunt_py_pkg) by extension 'ros'
[0.343s] DEBUG:colcon.colcon_core.package_identification:Package 'src/turtle_hunt_py_pkg' with type 'ros.ament_python' and name 'turtle_hunt_py_pkg'
[0.343s] Level 1:colcon.colcon_core.package_discovery:discover_packages(recursive) using defaults
[0.343s] Level 1:colcon.colcon_core.package_discovery:discover_packages(ignore) discover
[0.343s] Level 1:colcon.colcon_core.package_discovery:discover_packages(ignore) using defaults
[0.343s] Level 1:colcon.colcon_core.package_discovery:discover_packages(path) discover
[0.343s] Level 1:colcon.colcon_core.package_discovery:discover_packages(path) using defaults
[0.360s] INFO:colcon.colcon_core.package_selection:Skipping not selected package 'my_robot_interfaces' in 'src/my_robot_interfaces'
[0.361s] INFO:colcon.colcon_core.package_selection:Skipping not selected package 'turtle_hunt_py_pkg' in 'src/turtle_hunt_py_pkg'
[0.361s] INFO:colcon.colcon_core.package_selection:Skipping not selected package 'my_cpp_pkg' in 'src/my_cpp_pkg'
[0.361s] INFO:colcon.colcon_core.package_selection:Skipping not selected package 'my_py_pkg' in 'src/my_py_pkg'
[0.361s] Level 1:colcon.colcon_core.package_discovery:discover_packages(prefix_path) check parameters
[0.361s] Level 1:colcon.colcon_core.package_discovery:discover_packages(prefix_path) discover
[0.362s] DEBUG:colcon.colcon_installed_package_information.package_discovery:Found 5 installed packages in /home/manoj/ros2_ws/install
[0.364s] DEBUG:colcon.colcon_installed_package_information.package_discovery:Found 322 installed packages in /opt/ros/humble
[0.366s] Level 1:colcon.colcon_core.package_discovery:discover_packages(prefix_path) using defaults
[0.400s] Level 5:colcon.colcon_core.verb:set package 'my_robot_bringup' build argument 'cmake_args' from command line to 'None'
[0.400s] Level 5:colcon.colcon_core.verb:set package 'my_robot_bringup' build argument 'cmake_target' from command line to 'None'
[0.400s] Level 5:colcon.colcon_core.verb:set package 'my_robot_bringup' build argument 'cmake_target_skip_unavailable' from command line to 'False'
[0.400s] Level 5:colcon.colcon_core.verb:set package 'my_robot_bringup' build argument 'cmake_clean_cache' from command line to 'False'
[0.400s] Level 5:colcon.colcon_core.verb:set package 'my_robot_bringup' build argument 'cmake_clean_first' from command line to 'False'
[0.400s] Level 5:colcon.colcon_core.verb:set package 'my_robot_bringup' build argument 'cmake_force_configure' from command line to 'False'
[0.401s] Level 5:colcon.colcon_core.verb:set package 'my_robot_bringup' build argument 'ament_cmake_args' from command line to 'None'
[0.401s] Level 5:colcon.colcon_core.verb:set package 'my_robot_bringup' build argument 'catkin_cmake_args' from command line to 'None'
[0.401s] Level 5:colcon.colcon_core.verb:set package 'my_robot_bringup' build argument 'catkin_skip_building_tests' from command line to 'False'
[0.401s] DEBUG:colcon.colcon_core.verb:Building package 'my_robot_bringup' with the following arguments: {'ament_cmake_args': None, 'build_base': '/home/manoj/ros2_ws/build/my_robot_bringup', 'catkin_cmake_args': None, 'catkin_skip_building_tests': False, 'cmake_args': None, 'cmake_clean_cache': False, 'cmake_clean_first': False, 'cmake_force_configure': False, 'cmake_target': None, 'cmake_target_skip_unavailable': False, 'install_base': '/home/manoj/ros2_ws/install/my_robot_bringup', 'merge_install': False, 'path': '/home/manoj/ros2_ws/src/my_robot_bringup', 'symlink_install': False, 'test_result_base': None}
[0.401s] INFO:colcon.colcon_core.executor:Executing jobs using 'parallel' executor
[0.402s] DEBUG:colcon.colcon_parallel_executor.executor.parallel:run_until_complete
[0.403s] INFO:colcon.colcon_ros.task.ament_cmake.build:Building ROS package in '/home/manoj/ros2_ws/src/my_robot_bringup' with build type 'ament_cmake'
[0.403s] INFO:colcon.colcon_cmake.task.cmake.build:Building CMake package in '/home/manoj/ros2_ws/src/my_robot_bringup'
[0.405s] INFO:colcon.colcon_core.plugin_system:Skipping extension 'colcon_core.shell.bat': Not used on non-Windows systems
[0.406s] INFO:colcon.colcon_core.shell:Skip shell extension 'powershell' for command environment: Not usable outside of PowerShell
[0.406s] DEBUG:colcon.colcon_core.shell:Skip shell extension 'dsv' for command environment
[0.427s] DEBUG:colcon.colcon_core.event_handler.log_command:Invoking command in '/home/manoj/ros2_ws/build/my_robot_bringup': AMENT_PREFIX_PATH=/home/manoj/ros2_ws/install/my_py_pkg:/home/manoj/ros2_ws/install/turtle_hunt_py_pkg:/home/manoj/ros2_ws/install/my_robot_bringup:/home/manoj/ros2_ws/install/my_cpp_pkg:/home/manoj/ros2_ws/install/my_robot_interfaces:/opt/ros/humble CMAKE_PREFIX_PATH=/home/manoj/ros2_ws/install/my_cpp_pkg:/home/manoj/ros2_ws/install/my_robot_interfaces:/home/manoj/ros2_ws/install/my_robot_bringup:/home/manoj/ros2_ws/install/turtle_hunt_py_pkg:/home/manoj/ros2_ws/install/my_py_pkg:/opt/ros/humble PYTHONPATH=/home/manoj/ros2_ws/build/my_py_pkg:/home/manoj/ros2_ws/install/my_py_pkg/lib/python3.10/site-packages:/home/manoj/ros2_ws/build/turtle_hunt_py_pkg:/home/manoj/ros2_ws/install/turtle_hunt_py_pkg/lib/python3.10/site-packages:/home/manoj/ros2_ws/install/my_robot_interfaces/local/lib/python3.10/dist-packages:/opt/ros/humble/lib/python3.10/site-packages:/opt/ros/humble/local/lib/python3.10/dist-packages /usr/bin/cmake /home/manoj/ros2_ws/src/my_robot_bringup -DCMAKE_INSTALL_PREFIX=/home/manoj/ros2_ws/install/my_robot_bringup
[0.806s] DEBUG:colcon.colcon_core.event_handler.log_command:Invoked command in '/home/manoj/ros2_ws/build/my_robot_bringup' returned '0': AMENT_PREFIX_PATH=/home/manoj/ros2_ws/install/my_py_pkg:/home/manoj/ros2_ws/install/turtle_hunt_py_pkg:/home/manoj/ros2_ws/install/my_robot_bringup:/home/manoj/ros2_ws/install/my_cpp_pkg:/home/manoj/ros2_ws/install/my_robot_interfaces:/opt/ros/humble CMAKE_PREFIX_PATH=/home/manoj/ros2_ws/install/my_cpp_pkg:/home/manoj/ros2_ws/install/my_robot_interfaces:/home/manoj/ros2_ws/install/my_robot_bringup:/home/manoj/ros2_ws/install/turtle_hunt_py_pkg:/home/manoj/ros2_ws/install/my_py_pkg:/opt/ros/humble PYTHONPATH=/home/manoj/ros2_ws/build/my_py_pkg:/home/manoj/ros2_ws/install/my_py_pkg/lib/python3.10/site-packages:/home/manoj/ros2_ws/build/turtle_hunt_py_pkg:/home/manoj/ros2_ws/install/turtle_hunt_py_pkg/lib/python3.10/site-packages:/home/manoj/ros2_ws/install/my_robot_interfaces/local/lib/python3.10/dist-packages:/opt/ros/humble/lib/python3.10/site-packages:/opt/ros/humble/local/lib/python3.10/dist-packages /usr/bin/cmake /home/manoj/ros2_ws/src/my_robot_bringup -DCMAKE_INSTALL_PREFIX=/home/manoj/ros2_ws/install/my_robot_bringup
[0.808s] DEBUG:colcon.colcon_core.event_handler.log_command:Invoking command in '/home/manoj/ros2_ws/build/my_robot_bringup': AMENT_PREFIX_PATH=/home/manoj/ros2_ws/install/my_py_pkg:/home/manoj/ros2_ws/install/turtle_hunt_py_pkg:/home/manoj/ros2_ws/install/my_robot_bringup:/home/manoj/ros2_ws/install/my_cpp_pkg:/home/manoj/ros2_ws/install/my_robot_interfaces:/opt/ros/humble CMAKE_PREFIX_PATH=/home/manoj/ros2_ws/install/my_cpp_pkg:/home/manoj/ros2_ws/install/my_robot_interfaces:/home/manoj/ros2_ws/install/my_robot_bringup:/home/manoj/ros2_ws/install/turtle_hunt_py_pkg:/home/manoj/ros2_ws/install/my_py_pkg:/opt/ros/humble PYTHONPATH=/home/manoj/ros2_ws/build/my_py_pkg:/home/manoj/ros2_ws/install/my_py_pkg/lib/python3.10/site-packages:/home/manoj/ros2_ws/build/turtle_hunt_py_pkg:/home/manoj/ros2_ws/install/turtle_hunt_py_pkg/lib/python3.10/site-packages:/home/manoj/ros2_ws/install/my_robot_interfaces/local/lib/python3.10/dist-packages:/opt/ros/humble/lib/python3.10/site-packages:/opt/ros/humble/local/lib/python3.10/dist-packages /usr/bin/cmake --build /home/manoj/ros2_ws/build/my_robot_bringup -- -j16 -l16
[0.863s] DEBUG:colcon.colcon_core.event_handler.log_command:Invoked command in '/home/manoj/ros2_ws/build/my_robot_bringup' returned '0': AMENT_PREFIX_PATH=/home/manoj/ros2_ws/install/my_py_pkg:/home/manoj/ros2_ws/install/turtle_hunt_py_pkg:/home/manoj/ros2_ws/install/my_robot_bringup:/home/manoj/ros2_ws/install/my_cpp_pkg:/home/manoj/ros2_ws/install/my_robot_interfaces:/opt/ros/humble CMAKE_PREFIX_PATH=/home/manoj/ros2_ws/install/my_cpp_pkg:/home/manoj/ros2_ws/install/my_robot_interfaces:/home/manoj/ros2_ws/install/my_robot_bringup:/home/manoj/ros2_ws/install/turtle_hunt_py_pkg:/home/manoj/ros2_ws/install/my_py_pkg:/opt/ros/humble PYTHONPATH=/home/manoj/ros2_ws/build/my_py_pkg:/home/manoj/ros2_ws/install/my_py_pkg/lib/python3.10/site-packages:/home/manoj/ros2_ws/build/turtle_hunt_py_pkg:/home/manoj/ros2_ws/install/turtle_hunt_py_pkg/lib/python3.10/site-packages:/home/manoj/ros2_ws/install/my_robot_interfaces/local/lib/python3.10/dist-packages:/opt/ros/humble/lib/python3.10/site-packages:/opt/ros/humble/local/lib/python3.10/dist-packages /usr/bin/cmake --build /home/manoj/ros2_ws/build/my_robot_bringup -- -j16 -l16
[0.910s] DEBUG:colcon.colcon_core.event_handler.log_command:Invoking command in '/home/manoj/ros2_ws/build/my_robot_bringup': AMENT_PREFIX_PATH=/home/manoj/ros2_ws/install/my_py_pkg:/home/manoj/ros2_ws/install/turtle_hunt_py_pkg:/home/manoj/ros2_ws/install/my_robot_bringup:/home/manoj/ros2_ws/install/my_cpp_pkg:/home/manoj/ros2_ws/install/my_robot_interfaces:/opt/ros/humble CMAKE_PREFIX_PATH=/home/manoj/ros2_ws/install/my_cpp_pkg:/home/manoj/ros2_ws/install/my_robot_interfaces:/home/manoj/ros2_ws/install/my_robot_bringup:/home/manoj/ros2_ws/install/turtle_hunt_py_pkg:/home/manoj/ros2_ws/install/my_py_pkg:/opt/ros/humble PYTHONPATH=/home/manoj/ros2_ws/build/my_py_pkg:/home/manoj/ros2_ws/install/my_py_pkg/lib/python3.10/site-packages:/home/manoj/ros2_ws/build/turtle_hunt_py_pkg:/home/manoj/ros2_ws/install/turtle_hunt_py_pkg/lib/python3.10/site-packages:/home/manoj/ros2_ws/install/my_robot_interfaces/local/lib/python3.10/dist-packages:/opt/ros/humble/lib/python3.10/site-packages:/opt/ros/humble/local/lib/python3.10/dist-packages /usr/bin/cmake --install /home/manoj/ros2_ws/build/my_robot_bringup
[0.951s] Level 1:colcon.colcon_core.environment:create_environment_scripts_only(my_robot_bringup)
[0.952s] DEBUG:colcon.colcon_core.event_handler.log_command:Invoked command in '/home/manoj/ros2_ws/build/my_robot_bringup' returned '0': AMENT_PREFIX_PATH=/home/manoj/ros2_ws/install/my_py_pkg:/home/manoj/ros2_ws/install/turtle_hunt_py_pkg:/home/manoj/ros2_ws/install/my_robot_bringup:/home/manoj/ros2_ws/install/my_cpp_pkg:/home/manoj/ros2_ws/install/my_robot_interfaces:/opt/ros/humble CMAKE_PREFIX_PATH=/home/manoj/ros2_ws/install/my_cpp_pkg:/home/manoj/ros2_ws/install/my_robot_interfaces:/home/manoj/ros2_ws/install/my_robot_bringup:/home/manoj/ros2_ws/install/turtle_hunt_py_pkg:/home/manoj/ros2_ws/install/my_py_pkg:/opt/ros/humble PYTHONPATH=/home/manoj/ros2_ws/build/my_py_pkg:/home/manoj/ros2_ws/install/my_py_pkg/lib/python3.10/site-packages:/home/manoj/ros2_ws/build/turtle_hunt_py_pkg:/home/manoj/ros2_ws/install/turtle_hunt_py_pkg/lib/python3.10/site-packages:/home/manoj/ros2_ws/install/my_robot_interfaces/local/lib/python3.10/dist-packages:/opt/ros/humble/lib/python3.10/site-packages:/opt/ros/humble/local/lib/python3.10/dist-packages /usr/bin/cmake --install /home/manoj/ros2_ws/build/my_robot_bringup
[0.953s] Level 1:colcon.colcon_core.environment:checking '/home/manoj/ros2_ws/install/my_robot_bringup' for CMake module files
[0.954s] Level 1:colcon.colcon_core.environment:checking '/home/manoj/ros2_ws/install/my_robot_bringup' for CMake config files
[0.954s] Level 1:colcon.colcon_core.shell:create_environment_hook('my_robot_bringup', 'cmake_prefix_path')
[0.955s] INFO:colcon.colcon_core.shell:Creating environment hook '/home/manoj/ros2_ws/install/my_robot_bringup/share/my_robot_bringup/hook/cmake_prefix_path.ps1'
[0.955s] INFO:colcon.colcon_core.shell:Creating environment descriptor '/home/manoj/ros2_ws/install/my_robot_bringup/share/my_robot_bringup/hook/cmake_prefix_path.dsv'
[0.956s] INFO:colcon.colcon_core.shell:Creating environment hook '/home/manoj/ros2_ws/install/my_robot_bringup/share/my_robot_bringup/hook/cmake_prefix_path.sh'
[0.956s] Level 1:colcon.colcon_core.environment:checking '/home/manoj/ros2_ws/install/my_robot_bringup/bin'
[0.956s] Level 1:colcon.colcon_core.environment:checking '/home/manoj/ros2_ws/install/my_robot_bringup/lib/pkgconfig/my_robot_bringup.pc'
[0.957s] Level 1:colcon.colcon_core.environment:checking '/home/manoj/ros2_ws/install/my_robot_bringup/lib/python3.10/site-packages'
[0.957s] Level 1:colcon.colcon_core.environment:checking '/home/manoj/ros2_ws/install/my_robot_bringup/bin'
[0.957s] INFO:colcon.colcon_core.shell:Creating package script '/home/manoj/ros2_ws/install/my_robot_bringup/share/my_robot_bringup/package.ps1'
[0.958s] INFO:colcon.colcon_core.shell:Creating package descriptor '/home/manoj/ros2_ws/install/my_robot_bringup/share/my_robot_bringup/package.dsv'
[0.958s] INFO:colcon.colcon_core.shell:Creating package script '/home/manoj/ros2_ws/install/my_robot_bringup/share/my_robot_bringup/package.sh'
[0.959s] INFO:colcon.colcon_core.shell:Creating package script '/home/manoj/ros2_ws/install/my_robot_bringup/share/my_robot_bringup/package.bash'
[0.959s] INFO:colcon.colcon_core.shell:Creating package script '/home/manoj/ros2_ws/install/my_robot_bringup/share/my_robot_bringup/package.zsh'
[0.960s] Level 1:colcon.colcon_core.environment:create_file_with_runtime_dependencies(/home/manoj/ros2_ws/install/my_robot_bringup/share/colcon-core/packages/my_robot_bringup)
[0.986s] Level 1:colcon.colcon_core.environment:create_environment_scripts_only(my_robot_bringup)
[0.986s] Level 1:colcon.colcon_core.environment:checking '/home/manoj/ros2_ws/install/my_robot_bringup' for CMake module files
[0.986s] Level 1:colcon.colcon_core.environment:checking '/home/manoj/ros2_ws/install/my_robot_bringup' for CMake config files
[0.987s] Level 1:colcon.colcon_core.shell:create_environment_hook('my_robot_bringup', 'cmake_prefix_path')
[0.987s] INFO:colcon.colcon_core.shell:Creating environment hook '/home/manoj/ros2_ws/install/my_robot_bringup/share/my_robot_bringup/hook/cmake_prefix_path.ps1'
[0.987s] INFO:colcon.colcon_core.shell:Creating environment descriptor '/home/manoj/ros2_ws/install/my_robot_bringup/share/my_robot_bringup/hook/cmake_prefix_path.dsv'
[0.988s] INFO:colcon.colcon_core.shell:Creating environment hook '/home/manoj/ros2_ws/install/my_robot_bringup/share/my_robot_bringup/hook/cmake_prefix_path.sh'
[0.988s] Level 1:colcon.colcon_core.environment:checking '/home/manoj/ros2_ws/install/my_robot_bringup/bin'
[0.988s] Level 1:colcon.colcon_core.environment:checking '/home/manoj/ros2_ws/install/my_robot_bringup/lib/pkgconfig/my_robot_bringup.pc'
[0.989s] Level 1:colcon.colcon_core.environment:checking '/home/manoj/ros2_ws/install/my_robot_bringup/lib/python3.10/site-packages'
[0.989s] Level 1:colcon.colcon_core.environment:checking '/home/manoj/ros2_ws/install/my_robot_bringup/bin'
[0.989s] INFO:colcon.colcon_core.shell:Creating package script '/home/manoj/ros2_ws/install/my_robot_bringup/share/my_robot_bringup/package.ps1'
[0.990s] INFO:colcon.colcon_core.shell:Creating package descriptor '/home/manoj/ros2_ws/install/my_robot_bringup/share/my_robot_bringup/package.dsv'
[0.990s] INFO:colcon.colcon_core.shell:Creating package script '/home/manoj/ros2_ws/install/my_robot_bringup/share/my_robot_bringup/package.sh'
[0.990s] INFO:colcon.colcon_core.shell:Creating package script '/home/manoj/ros2_ws/install/my_robot_bringup/share/my_robot_bringup/package.bash'
[0.991s] INFO:colcon.colcon_core.shell:Creating package script '/home/manoj/ros2_ws/install/my_robot_bringup/share/my_robot_bringup/package.zsh'
[0.991s] Level 1:colcon.colcon_core.environment:create_file_with_runtime_dependencies(/home/manoj/ros2_ws/install/my_robot_bringup/share/colcon-core/packages/my_robot_bringup)
[0.991s] DEBUG:colcon.colcon_parallel_executor.executor.parallel:closing loop
[0.992s] DEBUG:colcon.colcon_parallel_executor.executor.parallel:loop closed
[0.992s] DEBUG:colcon.colcon_parallel_executor.executor.parallel:run_until_complete finished with '0'
[0.992s] DEBUG:colcon.colcon_core.event_reactor:joining thread
[0.997s] INFO:colcon.colcon_core.plugin_system:Skipping extension 'colcon_notification.desktop_notification.terminal_notifier': Not used on non-Darwin systems
[0.997s] INFO:colcon.colcon_core.plugin_system:Skipping extension 'colcon_notification.desktop_notification.win32': Not used on non-Windows systems
[0.997s] INFO:colcon.colcon_notification.desktop_notification:Sending desktop notification using 'notify2'
[1.015s] DEBUG:colcon.colcon_core.event_reactor:joined thread
[1.015s] INFO:colcon.colcon_core.shell:Creating prefix script '/home/manoj/ros2_ws/install/local_setup.ps1'
[1.017s] INFO:colcon.colcon_core.shell:Creating prefix util module '/home/manoj/ros2_ws/install/_local_setup_util_ps1.py'
[1.019s] INFO:colcon.colcon_core.shell:Creating prefix chain script '/home/manoj/ros2_ws/install/setup.ps1'
[1.020s] INFO:colcon.colcon_core.shell:Creating prefix script '/home/manoj/ros2_ws/install/local_setup.sh'
[1.021s] INFO:colcon.colcon_core.shell:Creating prefix util module '/home/manoj/ros2_ws/install/_local_setup_util_sh.py'
[1.021s] INFO:colcon.colcon_core.shell:Creating prefix chain script '/home/manoj/ros2_ws/install/setup.sh'
[1.022s] INFO:colcon.colcon_core.shell:Creating prefix script '/home/manoj/ros2_ws/install/local_setup.bash'
[1.022s] INFO:colcon.colcon_core.shell:Creating prefix chain script '/home/manoj/ros2_ws/install/setup.bash'
[1.023s] INFO:colcon.colcon_core.shell:Creating prefix script '/home/manoj/ros2_ws/install/local_setup.zsh'
[1.023s] INFO:colcon.colcon_core.shell:Creating prefix chain script '/home/manoj/ros2_ws/install/setup.zsh'
