[0.014s] Invoking command in '/home/manoj/ros2_ws/build/my_cpp_pkg': CMAKE_PREFIX_PATH=${CMAKE_PREFIX_PATH}:/home/manoj/ros2_ws/install/my_py_pkg:/opt/ros/humble /usr/bin/cmake --build /home/manoj/ros2_ws/build/my_cpp_pkg -- -j16 -l16
[0.032s] -- Found ament_cmake: 1.3.5 (/opt/ros/humble/share/ament_cmake/cmake)
[0.145s] -- Found rclcpp: 16.0.5 (/opt/ros/humble/share/rclcpp/cmake)
[0.169s] -- Found rosidl_generator_c: 3.1.5 (/opt/ros/humble/share/rosidl_generator_c/cmake)
[0.170s] -- Found rosidl_adapter: 3.1.5 (/opt/ros/humble/share/rosidl_adapter/cmake)
[0.175s] -- Found rosidl_generator_cpp: 3.1.5 (/opt/ros/humble/share/rosidl_generator_cpp/cmake)
[0.185s] -- Using all available rosidl_typesupport_c: rosidl_typesupport_fastrtps_c;rosidl_typesupport_introspection_c
[0.197s] -- Using all available rosidl_typesupport_cpp: rosidl_typesupport_fastrtps_cpp;rosidl_typesupport_introspection_cpp
[0.245s] -- Found rmw_implementation_cmake: 6.1.1 (/opt/ros/humble/share/rmw_implementation_cmake/cmake)
[0.246s] -- Found rmw_fastrtps_cpp: 6.2.3 (/opt/ros/humble/share/rmw_fastrtps_cpp/cmake)
[0.355s] -- Using RMW implementation 'rmw_fastrtps_cpp' as default
[0.489s] -- Found example_interfaces: 0.9.3 (/opt/ros/humble/share/example_interfaces/cmake)
[0.609s] -- Found ament_lint_auto: 0.12.7 (/opt/ros/humble/share/ament_lint_auto/cmake)
[0.662s] -- Added test 'cppcheck' to perform static code analysis on C / C++ code
[0.663s] -- Configured cppcheck include dirs: 
[0.663s] -- Configured cppcheck exclude dirs and/or files: 
[0.663s] -- Added test 'lint_cmake' to check CMake code style
[0.663s] -- Added test 'uncrustify' to check C / C++ code style
[0.664s] -- Configured uncrustify additional arguments: 
[0.664s] -- Added test 'xmllint' to check XML markup files
[0.664s] -- Configuring done
[0.685s] -- Generating done
[0.687s] -- Build files have been written to: /home/manoj/ros2_ws/build/my_cpp_pkg
[0.710s] [35m[1mConsolidate compiler generated dependencies of target robot_news_station[0m
[0.710s] [35m[1mConsolidate compiler generated dependencies of target add_two_ints_server[0m
[0.710s] [35m[1mConsolidate compiler generated dependencies of target add_two_ints_client_no_oop[0m
[0.710s] [35m[1mConsolidate compiler generated dependencies of target number_counter[0m
[0.710s] [35m[1mConsolidate compiler generated dependencies of target cpp_node[0m
[0.710s] [35m[1mConsolidate compiler generated dependencies of target smartphone[0m
[0.717s] [  7%] [32mBuilding CXX object CMakeFiles/add_two_ints_client.dir/src/add_two_ints_client.cpp.o[0m
[0.725s] [ 71%] [32mBuilding CXX object CMakeFiles/add_two_ints_client_no_oop.dir/src/add_two_ints_client_no_oop.cpp.o[0m
[0.725s] [ 71%] Built target robot_news_station
[0.725s] [ 71%] Built target smartphone
[0.725s] [ 71%] Built target add_two_ints_server
[0.726s] [ 71%] Built target cpp_node
[0.726s] [ 85%] Built target number_counter
[2.684s] In file included from [01m[K/usr/include/x86_64-linux-gnu/c++/11/bits/c++allocator.h:33[m[K,
[2.684s]                  from [01m[K/usr/include/c++/11/bits/allocator.h:46[m[K,
[2.684s]                  from [01m[K/usr/include/c++/11/memory:64[m[K,
[2.684s]                  from [01m[K/opt/ros/humble/include/rclcpp/rclcpp/rclcpp.hpp:153[m[K,
[2.684s]                  from [01m[K/home/manoj/ros2_ws/src/my_cpp_pkg/src/add_two_ints_client.cpp:1[m[K:
[2.684s] /usr/include/c++/11/ext/new_allocator.h: In instantiation of ‘[01m[Kvoid __gnu_cxx::new_allocator<_Tp>::construct(_Up*, _Args&& ...) [with _Up = std::thread; _Args = {const std::thread&}; _Tp = std::thread][m[K’:
[2.685s] [01m[K/usr/include/c++/11/bits/alloc_traits.h:516:17:[m[K   required from ‘[01m[Kstatic void std::allocator_traits<std::allocator<_Tp1> >::construct(std::allocator_traits<std::allocator<_Tp1> >::allocator_type&, _Up*, _Args&& ...) [with _Up = std::thread; _Args = {const std::thread&}; _Tp = std::thread; std::allocator_traits<std::allocator<_Tp1> >::allocator_type = std::allocator<std::thread>][m[K’
[2.685s] [01m[K/usr/include/c++/11/bits/stl_vector.h:1192:30:[m[K   required from ‘[01m[Kvoid std::vector<_Tp, _Alloc>::push_back(const value_type&) [with _Tp = std::thread; _Alloc = std::allocator<std::thread>; std::vector<_Tp, _Alloc>::value_type = std::thread][m[K’
[2.685s] [01m[K/home/manoj/ros2_ws/src/my_cpp_pkg/src/add_two_ints_client.cpp:13:31:[m[K   required from here
[2.685s] [01m[K/usr/include/c++/11/ext/new_allocator.h:162:11:[m[K [01;31m[Kerror: [m[Kuse of deleted function ‘[01m[Kstd::thread::thread(const std::thread&)[m[K’
[2.685s]   162 |         { [01;31m[K::new((void *)__p) _Up(std::forward<_Args>(__args)...)[m[K; }
[2.685s]       |           [01;31m[K^~~~~~~~~~~~~~~~~~~~~~~~~~~~~~~~~~~~~~~~~~~~~~~~~~~~~~[m[K
[2.685s] In file included from [01m[K/usr/include/c++/11/future:48[m[K,
[2.685s]                  from [01m[K/opt/ros/humble/include/rclcpp/rclcpp/executors.hpp:18[m[K,
[2.685s]                  from [01m[K/opt/ros/humble/include/rclcpp/rclcpp/rclcpp.hpp:155[m[K,
[2.685s]                  from [01m[K/home/manoj/ros2_ws/src/my_cpp_pkg/src/add_two_ints_client.cpp:1[m[K:
[2.686s] [01m[K/usr/include/c++/11/bits/std_thread.h:155:5:[m[K [01;36m[Knote: [m[Kdeclared here
[2.686s]   155 |     [01;36m[Kthread[m[K(const thread&) = delete;
[2.686s]       |     [01;36m[K^~~~~~[m[K
[2.926s] gmake[2]: *** [CMakeFiles/add_two_ints_client.dir/build.make:76: CMakeFiles/add_two_ints_client.dir/src/add_two_ints_client.cpp.o] Error 1
[2.926s] gmake[1]: *** [CMakeFiles/Makefile2:305: CMakeFiles/add_two_ints_client.dir/all] Error 2
[2.926s] gmake[1]: *** Waiting for unfinished jobs....
[3.336s] [ 92%] [32m[1mLinking CXX executable add_two_ints_client_no_oop[0m
[3.473s] [ 92%] Built target add_two_ints_client_no_oop
[3.473s] gmake: *** [Makefile:146: all] Error 2
[3.476s] Invoked command in '/home/manoj/ros2_ws/build/my_cpp_pkg' returned '2': CMAKE_PREFIX_PATH=${CMAKE_PREFIX_PATH}:/home/manoj/ros2_ws/install/my_py_pkg:/opt/ros/humble /usr/bin/cmake --build /home/manoj/ros2_ws/build/my_cpp_pkg -- -j16 -l16
