[0.012s] Invoking command in '/home/manoj/ros2_ws/build/my_cpp_pkg': CMAKE_PREFIX_PATH=${CMAKE_PREFIX_PATH}:/home/manoj/ros2_ws/install/my_py_pkg:/opt/ros/humble /usr/bin/cmake --build /home/manoj/ros2_ws/build/my_cpp_pkg -- -j16 -l16
[0.031s] -- Found ament_cmake: 1.3.5 (/opt/ros/humble/share/ament_cmake/cmake)
[0.141s] -- Found rclcpp: 16.0.5 (/opt/ros/humble/share/rclcpp/cmake)
[0.164s] -- Found rosidl_generator_c: 3.1.5 (/opt/ros/humble/share/rosidl_generator_c/cmake)
[0.166s] -- Found rosidl_adapter: 3.1.5 (/opt/ros/humble/share/rosidl_adapter/cmake)
[0.171s] -- Found rosidl_generator_cpp: 3.1.5 (/opt/ros/humble/share/rosidl_generator_cpp/cmake)
[0.179s] -- Using all available rosidl_typesupport_c: rosidl_typesupport_fastrtps_c;rosidl_typesupport_introspection_c
[0.192s] -- Using all available rosidl_typesupport_cpp: rosidl_typesupport_fastrtps_cpp;rosidl_typesupport_introspection_cpp
[0.238s] -- Found rmw_implementation_cmake: 6.1.1 (/opt/ros/humble/share/rmw_implementation_cmake/cmake)
[0.239s] -- Found rmw_fastrtps_cpp: 6.2.3 (/opt/ros/humble/share/rmw_fastrtps_cpp/cmake)
[0.345s] -- Using RMW implementation 'rmw_fastrtps_cpp' as default
[0.473s] -- Found example_interfaces: 0.9.3 (/opt/ros/humble/share/example_interfaces/cmake)
[0.585s] -- Found ament_lint_auto: 0.12.7 (/opt/ros/humble/share/ament_lint_auto/cmake)
[0.638s] -- Added test 'cppcheck' to perform static code analysis on C / C++ code
[0.639s] -- Configured cppcheck include dirs: 
[0.639s] -- Configured cppcheck exclude dirs and/or files: 
[0.639s] -- Added test 'lint_cmake' to check CMake code style
[0.639s] -- Added test 'uncrustify' to check C / C++ code style
[0.639s] -- Configured uncrustify additional arguments: 
[0.640s] -- Added test 'xmllint' to check XML markup files
[0.640s] -- Configuring done
[0.653s] -- Generating done
[0.654s] -- Build files have been written to: /home/manoj/ros2_ws/build/my_cpp_pkg
[0.675s] [35m[1mConsolidate compiler generated dependencies of target cpp_node[0m
[0.675s] [35m[1mConsolidate compiler generated dependencies of target robot_news_station[0m
[0.676s] [35m[1mConsolidate compiler generated dependencies of target smartphone[0m
[0.682s] [ 12%] [32mBuilding CXX object CMakeFiles/number_counter.dir/src/number_counter.cpp.o[0m
[0.688s] [ 50%] Built target cpp_node
[0.688s] [ 50%] [32mBuilding CXX object CMakeFiles/robot_news_station.dir/src/robot_news_station.cpp.o[0m
[0.690s] [ 62%] [32mBuilding CXX object CMakeFiles/smartphone.dir/src/smartphone.cpp.o[0m
[3.820s] [ 75%] [32m[1mLinking CXX executable robot_news_station[0m
[3.988s] [ 75%] Built target robot_news_station
[6.924s] [ 87%] [32m[1mLinking CXX executable smartphone[0m
[7.056s] [100%] [32m[1mLinking CXX executable number_counter[0m
[7.291s] [100%] Built target smartphone
[7.418s] [100%] Built target number_counter
[7.427s] Invoked command in '/home/manoj/ros2_ws/build/my_cpp_pkg' returned '0': CMAKE_PREFIX_PATH=${CMAKE_PREFIX_PATH}:/home/manoj/ros2_ws/install/my_py_pkg:/opt/ros/humble /usr/bin/cmake --build /home/manoj/ros2_ws/build/my_cpp_pkg -- -j16 -l16
[7.458s] Invoking command in '/home/manoj/ros2_ws/build/my_cpp_pkg': CMAKE_PREFIX_PATH=${CMAKE_PREFIX_PATH}:/home/manoj/ros2_ws/install/my_py_pkg:/opt/ros/humble /usr/bin/cmake --install /home/manoj/ros2_ws/build/my_cpp_pkg
[7.464s] -- Install configuration: ""
[7.464s] -- Up-to-date: /home/manoj/ros2_ws/install/my_cpp_pkg/lib/my_cpp_pkg/cpp_node
[7.464s] -- Installing: /home/manoj/ros2_ws/install/my_cpp_pkg/lib/my_cpp_pkg/robot_news_station
[7.465s] -- Set runtime path of "/home/manoj/ros2_ws/install/my_cpp_pkg/lib/my_cpp_pkg/robot_news_station" to ""
[7.465s] -- Installing: /home/manoj/ros2_ws/install/my_cpp_pkg/lib/my_cpp_pkg/smartphone
[7.468s] -- Set runtime path of "/home/manoj/ros2_ws/install/my_cpp_pkg/lib/my_cpp_pkg/smartphone" to ""
[7.468s] -- Installing: /home/manoj/ros2_ws/install/my_cpp_pkg/lib/my_cpp_pkg/number_counter
[7.470s] -- Set runtime path of "/home/manoj/ros2_ws/install/my_cpp_pkg/lib/my_cpp_pkg/number_counter" to ""
[7.471s] -- Installing: /home/manoj/ros2_ws/install/my_cpp_pkg/share/ament_index/resource_index/package_run_dependencies/my_cpp_pkg
[7.471s] -- Up-to-date: /home/manoj/ros2_ws/install/my_cpp_pkg/share/ament_index/resource_index/parent_prefix_path/my_cpp_pkg
[7.471s] -- Up-to-date: /home/manoj/ros2_ws/install/my_cpp_pkg/share/my_cpp_pkg/environment/ament_prefix_path.sh
[7.471s] -- Installing: /home/manoj/ros2_ws/install/my_cpp_pkg/share/my_cpp_pkg/environment/ament_prefix_path.dsv
[7.471s] -- Up-to-date: /home/manoj/ros2_ws/install/my_cpp_pkg/share/my_cpp_pkg/environment/path.sh
[7.471s] -- Installing: /home/manoj/ros2_ws/install/my_cpp_pkg/share/my_cpp_pkg/environment/path.dsv
[7.472s] -- Up-to-date: /home/manoj/ros2_ws/install/my_cpp_pkg/share/my_cpp_pkg/local_setup.bash
[7.472s] -- Up-to-date: /home/manoj/ros2_ws/install/my_cpp_pkg/share/my_cpp_pkg/local_setup.sh
[7.472s] -- Up-to-date: /home/manoj/ros2_ws/install/my_cpp_pkg/share/my_cpp_pkg/local_setup.zsh
[7.472s] -- Installing: /home/manoj/ros2_ws/install/my_cpp_pkg/share/my_cpp_pkg/local_setup.dsv
[7.472s] -- Installing: /home/manoj/ros2_ws/install/my_cpp_pkg/share/my_cpp_pkg/package.dsv
[7.472s] -- Up-to-date: /home/manoj/ros2_ws/install/my_cpp_pkg/share/ament_index/resource_index/packages/my_cpp_pkg
[7.472s] -- Up-to-date: /home/manoj/ros2_ws/install/my_cpp_pkg/share/my_cpp_pkg/cmake/my_cpp_pkgConfig.cmake
[7.472s] -- Up-to-date: /home/manoj/ros2_ws/install/my_cpp_pkg/share/my_cpp_pkg/cmake/my_cpp_pkgConfig-version.cmake
[7.472s] -- Installing: /home/manoj/ros2_ws/install/my_cpp_pkg/share/my_cpp_pkg/package.xml
[7.473s] Invoked command in '/home/manoj/ros2_ws/build/my_cpp_pkg' returned '0': CMAKE_PREFIX_PATH=${CMAKE_PREFIX_PATH}:/home/manoj/ros2_ws/install/my_py_pkg:/opt/ros/humble /usr/bin/cmake --install /home/manoj/ros2_ws/build/my_cpp_pkg
