[0.280s] DEBUG:colcon:Command line arguments: ['/usr/bin/colcon', 'build', '--packages-select', 'my_py_pkg']
[0.280s] DEBUG:colcon:Parsed command line arguments: Namespace(log_base=None, log_level=None, verb_name='build', build_base='build', install_base='install', merge_install=False, symlink_install=False, test_result_base=None, continue_on_error=False, executor='parallel', parallel_workers=16, event_handlers=None, ignore_user_meta=False, metas=['./colcon.meta'], base_paths=['.'], packages_ignore=None, packages_ignore_regex=None, paths=None, packages_up_to=None, packages_up_to_regex=None, packages_above=None, packages_above_and_dependencies=None, packages_above_depth=None, packages_select_by_dep=None, packages_skip_by_dep=None, packages_skip_up_to=None, packages_select_build_failed=False, packages_skip_build_finished=False, packages_select_test_failures=False, packages_skip_test_passed=False, packages_select=['my_py_pkg'], packages_skip=None, packages_select_regex=None, packages_skip_regex=None, packages_start=None, packages_end=None, allow_overriding=[], cmake_args=None, cmake_target=None, cmake_target_skip_unavailable=False, cmake_clean_cache=False, cmake_clean_first=False, cmake_force_configure=False, ament_cmake_args=None, catkin_cmake_args=None, catkin_skip_building_tests=False, verb_parser=<colcon_defaults.argument_parser.defaults.DefaultArgumentsDecorator object at 0x7f01708ccc70>, verb_extension=<colcon_core.verb.build.BuildVerb object at 0x7f01708cc700>, main=<bound method BuildVerb.main of <colcon_core.verb.build.BuildVerb object at 0x7f01708cc700>>)
[0.297s] Level 1:colcon.colcon_core.package_discovery:discover_packages(colcon_meta) check parameters
[0.297s] Level 1:colcon.colcon_core.package_discovery:discover_packages(recursive) check parameters
[0.297s] Level 1:colcon.colcon_core.package_discovery:discover_packages(ignore) check parameters
[0.297s] Level 1:colcon.colcon_core.package_discovery:discover_packages(path) check parameters
[0.297s] Level 1:colcon.colcon_core.package_discovery:discover_packages(colcon_meta) discover
[0.297s] Level 1:colcon.colcon_core.package_discovery:discover_packages(recursive) discover
[0.297s] INFO:colcon.colcon_core.package_discovery:Crawling recursively for packages in '/home/manoj/ros2_ws'
[0.298s] Level 1:colcon.colcon_core.package_identification:_identify(.) by extensions ['ignore', 'ignore_ament_install']
[0.298s] Level 1:colcon.colcon_core.package_identification:_identify(.) by extension 'ignore'
[0.298s] Level 1:colcon.colcon_core.package_identification:_identify(.) by extension 'ignore_ament_install'
[0.298s] Level 1:colcon.colcon_core.package_identification:_identify(.) by extensions ['colcon_pkg']
[0.298s] Level 1:colcon.colcon_core.package_identification:_identify(.) by extension 'colcon_pkg'
[0.298s] Level 1:colcon.colcon_core.package_identification:_identify(.) by extensions ['colcon_meta']
[0.298s] Level 1:colcon.colcon_core.package_identification:_identify(.) by extension 'colcon_meta'
[0.298s] Level 1:colcon.colcon_core.package_identification:_identify(.) by extensions ['ros']
[0.298s] Level 1:colcon.colcon_core.package_identification:_identify(.) by extension 'ros'
[0.307s] Level 1:colcon.colcon_core.package_identification:_identify(.) by extensions ['cmake', 'python']
[0.307s] Level 1:colcon.colcon_core.package_identification:_identify(.) by extension 'cmake'
[0.307s] Level 1:colcon.colcon_core.package_identification:_identify(.) by extension 'python'
[0.307s] Level 1:colcon.colcon_core.package_identification:_identify(.) by extensions ['python_setup_py']
[0.307s] Level 1:colcon.colcon_core.package_identification:_identify(.) by extension 'python_setup_py'
[0.307s] Level 1:colcon.colcon_core.package_identification:_identify(#__REFS) by extensions ['ignore', 'ignore_ament_install']
[0.307s] Level 1:colcon.colcon_core.package_identification:_identify(#__REFS) by extension 'ignore'
[0.307s] Level 1:colcon.colcon_core.package_identification:_identify(#__REFS) by extension 'ignore_ament_install'
[0.307s] Level 1:colcon.colcon_core.package_identification:_identify(#__REFS) by extensions ['colcon_pkg']
[0.307s] Level 1:colcon.colcon_core.package_identification:_identify(#__REFS) by extension 'colcon_pkg'
[0.307s] Level 1:colcon.colcon_core.package_identification:_identify(#__REFS) by extensions ['colcon_meta']
[0.307s] Level 1:colcon.colcon_core.package_identification:_identify(#__REFS) by extension 'colcon_meta'
[0.307s] Level 1:colcon.colcon_core.package_identification:_identify(#__REFS) by extensions ['ros']
[0.307s] Level 1:colcon.colcon_core.package_identification:_identify(#__REFS) by extension 'ros'
[0.307s] Level 1:colcon.colcon_core.package_identification:_identify(#__REFS) by extensions ['cmake', 'python']
[0.307s] Level 1:colcon.colcon_core.package_identification:_identify(#__REFS) by extension 'cmake'
[0.307s] Level 1:colcon.colcon_core.package_identification:_identify(#__REFS) by extension 'python'
[0.307s] Level 1:colcon.colcon_core.package_identification:_identify(#__REFS) by extensions ['python_setup_py']
[0.307s] Level 1:colcon.colcon_core.package_identification:_identify(#__REFS) by extension 'python_setup_py'
[0.307s] Level 1:colcon.colcon_core.package_identification:_identify(#__REFS/COURSE_activities) by extensions ['ignore', 'ignore_ament_install']
[0.307s] Level 1:colcon.colcon_core.package_identification:_identify(#__REFS/COURSE_activities) by extension 'ignore'
[0.307s] Level 1:colcon.colcon_core.package_identification:_identify(#__REFS/COURSE_activities) by extension 'ignore_ament_install'
[0.307s] Level 1:colcon.colcon_core.package_identification:_identify(#__REFS/COURSE_activities) by extensions ['colcon_pkg']
[0.307s] Level 1:colcon.colcon_core.package_identification:_identify(#__REFS/COURSE_activities) by extension 'colcon_pkg'
[0.308s] Level 1:colcon.colcon_core.package_identification:_identify(#__REFS/COURSE_activities) by extensions ['colcon_meta']
[0.308s] Level 1:colcon.colcon_core.package_identification:_identify(#__REFS/COURSE_activities) by extension 'colcon_meta'
[0.308s] Level 1:colcon.colcon_core.package_identification:_identify(#__REFS/COURSE_activities) by extensions ['ros']
[0.308s] Level 1:colcon.colcon_core.package_identification:_identify(#__REFS/COURSE_activities) by extension 'ros'
[0.308s] Level 1:colcon.colcon_core.package_identification:_identify(#__REFS/COURSE_activities) by extensions ['cmake', 'python']
[0.308s] Level 1:colcon.colcon_core.package_identification:_identify(#__REFS/COURSE_activities) by extension 'cmake'
[0.308s] Level 1:colcon.colcon_core.package_identification:_identify(#__REFS/COURSE_activities) by extension 'python'
[0.308s] Level 1:colcon.colcon_core.package_identification:_identify(#__REFS/COURSE_activities) by extensions ['python_setup_py']
[0.308s] Level 1:colcon.colcon_core.package_identification:_identify(#__REFS/COURSE_activities) by extension 'python_setup_py'
[0.308s] Level 1:colcon.colcon_core.package_identification:_identify(#__REFS/get_ros2_msg_metadata) by extensions ['ignore', 'ignore_ament_install']
[0.308s] Level 1:colcon.colcon_core.package_identification:_identify(#__REFS/get_ros2_msg_metadata) by extension 'ignore'
[0.308s] Level 1:colcon.colcon_core.package_identification:_identify(#__REFS/get_ros2_msg_metadata) by extension 'ignore_ament_install'
[0.308s] Level 1:colcon.colcon_core.package_identification:_identify(#__REFS/get_ros2_msg_metadata) by extensions ['colcon_pkg']
[0.308s] Level 1:colcon.colcon_core.package_identification:_identify(#__REFS/get_ros2_msg_metadata) by extension 'colcon_pkg'
[0.308s] Level 1:colcon.colcon_core.package_identification:_identify(#__REFS/get_ros2_msg_metadata) by extensions ['colcon_meta']
[0.308s] Level 1:colcon.colcon_core.package_identification:_identify(#__REFS/get_ros2_msg_metadata) by extension 'colcon_meta'
[0.308s] Level 1:colcon.colcon_core.package_identification:_identify(#__REFS/get_ros2_msg_metadata) by extensions ['ros']
[0.308s] Level 1:colcon.colcon_core.package_identification:_identify(#__REFS/get_ros2_msg_metadata) by extension 'ros'
[0.308s] Level 1:colcon.colcon_core.package_identification:_identify(#__REFS/get_ros2_msg_metadata) by extensions ['cmake', 'python']
[0.308s] Level 1:colcon.colcon_core.package_identification:_identify(#__REFS/get_ros2_msg_metadata) by extension 'cmake'
[0.308s] Level 1:colcon.colcon_core.package_identification:_identify(#__REFS/get_ros2_msg_metadata) by extension 'python'
[0.308s] Level 1:colcon.colcon_core.package_identification:_identify(#__REFS/get_ros2_msg_metadata) by extensions ['python_setup_py']
[0.308s] Level 1:colcon.colcon_core.package_identification:_identify(#__REFS/get_ros2_msg_metadata) by extension 'python_setup_py'
[0.308s] Level 1:colcon.colcon_core.package_identification:_identify(build) by extensions ['ignore', 'ignore_ament_install']
[0.308s] Level 1:colcon.colcon_core.package_identification:_identify(build) by extension 'ignore'
[0.308s] Level 1:colcon.colcon_core.package_identification:_identify(build) ignored
[0.309s] Level 1:colcon.colcon_core.package_identification:_identify(install) by extensions ['ignore', 'ignore_ament_install']
[0.309s] Level 1:colcon.colcon_core.package_identification:_identify(install) by extension 'ignore'
[0.309s] Level 1:colcon.colcon_core.package_identification:_identify(install) ignored
[0.309s] Level 1:colcon.colcon_core.package_identification:_identify(log) by extensions ['ignore', 'ignore_ament_install']
[0.309s] Level 1:colcon.colcon_core.package_identification:_identify(log) by extension 'ignore'
[0.309s] Level 1:colcon.colcon_core.package_identification:_identify(log) ignored
[0.309s] Level 1:colcon.colcon_core.package_identification:_identify(src) by extensions ['ignore', 'ignore_ament_install']
[0.309s] Level 1:colcon.colcon_core.package_identification:_identify(src) by extension 'ignore'
[0.309s] Level 1:colcon.colcon_core.package_identification:_identify(src) by extension 'ignore_ament_install'
[0.309s] Level 1:colcon.colcon_core.package_identification:_identify(src) by extensions ['colcon_pkg']
[0.309s] Level 1:colcon.colcon_core.package_identification:_identify(src) by extension 'colcon_pkg'
[0.309s] Level 1:colcon.colcon_core.package_identification:_identify(src) by extensions ['colcon_meta']
[0.309s] Level 1:colcon.colcon_core.package_identification:_identify(src) by extension 'colcon_meta'
[0.309s] Level 1:colcon.colcon_core.package_identification:_identify(src) by extensions ['ros']
[0.309s] Level 1:colcon.colcon_core.package_identification:_identify(src) by extension 'ros'
[0.309s] Level 1:colcon.colcon_core.package_identification:_identify(src) by extensions ['cmake', 'python']
[0.309s] Level 1:colcon.colcon_core.package_identification:_identify(src) by extension 'cmake'
[0.309s] Level 1:colcon.colcon_core.package_identification:_identify(src) by extension 'python'
[0.309s] Level 1:colcon.colcon_core.package_identification:_identify(src) by extensions ['python_setup_py']
[0.309s] Level 1:colcon.colcon_core.package_identification:_identify(src) by extension 'python_setup_py'
[0.309s] Level 1:colcon.colcon_core.package_identification:_identify(src/my_cpp_pkg) by extensions ['ignore', 'ignore_ament_install']
[0.309s] Level 1:colcon.colcon_core.package_identification:_identify(src/my_cpp_pkg) by extension 'ignore'
[0.309s] Level 1:colcon.colcon_core.package_identification:_identify(src/my_cpp_pkg) by extension 'ignore_ament_install'
[0.309s] Level 1:colcon.colcon_core.package_identification:_identify(src/my_cpp_pkg) by extensions ['colcon_pkg']
[0.310s] Level 1:colcon.colcon_core.package_identification:_identify(src/my_cpp_pkg) by extension 'colcon_pkg'
[0.310s] Level 1:colcon.colcon_core.package_identification:_identify(src/my_cpp_pkg) by extensions ['colcon_meta']
[0.310s] Level 1:colcon.colcon_core.package_identification:_identify(src/my_cpp_pkg) by extension 'colcon_meta'
[0.310s] Level 1:colcon.colcon_core.package_identification:_identify(src/my_cpp_pkg) by extensions ['ros']
[0.310s] Level 1:colcon.colcon_core.package_identification:_identify(src/my_cpp_pkg) by extension 'ros'
[0.312s] DEBUG:colcon.colcon_core.package_identification:Package 'src/my_cpp_pkg' with type 'ros.ament_cmake' and name 'my_cpp_pkg'
[0.312s] Level 1:colcon.colcon_core.package_identification:_identify(src/my_py_pkg) by extensions ['ignore', 'ignore_ament_install']
[0.312s] Level 1:colcon.colcon_core.package_identification:_identify(src/my_py_pkg) by extension 'ignore'
[0.312s] Level 1:colcon.colcon_core.package_identification:_identify(src/my_py_pkg) by extension 'ignore_ament_install'
[0.312s] Level 1:colcon.colcon_core.package_identification:_identify(src/my_py_pkg) by extensions ['colcon_pkg']
[0.312s] Level 1:colcon.colcon_core.package_identification:_identify(src/my_py_pkg) by extension 'colcon_pkg'
[0.312s] Level 1:colcon.colcon_core.package_identification:_identify(src/my_py_pkg) by extensions ['colcon_meta']
[0.312s] Level 1:colcon.colcon_core.package_identification:_identify(src/my_py_pkg) by extension 'colcon_meta'
[0.312s] Level 1:colcon.colcon_core.package_identification:_identify(src/my_py_pkg) by extensions ['ros']
[0.312s] Level 1:colcon.colcon_core.package_identification:_identify(src/my_py_pkg) by extension 'ros'
[0.313s] DEBUG:colcon.colcon_core.package_identification:Package 'src/my_py_pkg' with type 'ros.ament_python' and name 'my_py_pkg'
[0.313s] Level 1:colcon.colcon_core.package_identification:_identify(src/my_robot_interfaces) by extensions ['ignore', 'ignore_ament_install']
[0.313s] Level 1:colcon.colcon_core.package_identification:_identify(src/my_robot_interfaces) by extension 'ignore'
[0.313s] Level 1:colcon.colcon_core.package_identification:_identify(src/my_robot_interfaces) by extension 'ignore_ament_install'
[0.313s] Level 1:colcon.colcon_core.package_identification:_identify(src/my_robot_interfaces) by extensions ['colcon_pkg']
[0.313s] Level 1:colcon.colcon_core.package_identification:_identify(src/my_robot_interfaces) by extension 'colcon_pkg'
[0.313s] Level 1:colcon.colcon_core.package_identification:_identify(src/my_robot_interfaces) by extensions ['colcon_meta']
[0.313s] Level 1:colcon.colcon_core.package_identification:_identify(src/my_robot_interfaces) by extension 'colcon_meta'
[0.313s] Level 1:colcon.colcon_core.package_identification:_identify(src/my_robot_interfaces) by extensions ['ros']
[0.313s] Level 1:colcon.colcon_core.package_identification:_identify(src/my_robot_interfaces) by extension 'ros'
[0.313s] DEBUG:colcon.colcon_core.package_identification:Package 'src/my_robot_interfaces' with type 'ros.ament_cmake' and name 'my_robot_interfaces'
[0.313s] Level 1:colcon.colcon_core.package_discovery:discover_packages(recursive) using defaults
[0.314s] Level 1:colcon.colcon_core.package_discovery:discover_packages(ignore) discover
[0.314s] Level 1:colcon.colcon_core.package_discovery:discover_packages(ignore) using defaults
[0.314s] Level 1:colcon.colcon_core.package_discovery:discover_packages(path) discover
[0.314s] Level 1:colcon.colcon_core.package_discovery:discover_packages(path) using defaults
[0.331s] INFO:colcon.colcon_core.package_selection:Skipping not selected package 'my_cpp_pkg' in 'src/my_cpp_pkg'
[0.332s] INFO:colcon.colcon_core.package_selection:Skipping not selected package 'my_robot_interfaces' in 'src/my_robot_interfaces'
[0.332s] Level 1:colcon.colcon_core.package_discovery:discover_packages(prefix_path) check parameters
[0.332s] Level 1:colcon.colcon_core.package_discovery:discover_packages(prefix_path) discover
[0.334s] DEBUG:colcon.colcon_installed_package_information.package_discovery:Found 3 installed packages in /home/manoj/ros2_ws/install
[0.335s] DEBUG:colcon.colcon_installed_package_information.package_discovery:Found 321 installed packages in /opt/ros/humble
[0.337s] Level 1:colcon.colcon_core.package_discovery:discover_packages(prefix_path) using defaults
[0.385s] Level 5:colcon.colcon_core.verb:set package 'my_py_pkg' build argument 'cmake_args' from command line to 'None'
[0.385s] Level 5:colcon.colcon_core.verb:set package 'my_py_pkg' build argument 'cmake_target' from command line to 'None'
[0.385s] Level 5:colcon.colcon_core.verb:set package 'my_py_pkg' build argument 'cmake_target_skip_unavailable' from command line to 'False'
[0.386s] Level 5:colcon.colcon_core.verb:set package 'my_py_pkg' build argument 'cmake_clean_cache' from command line to 'False'
[0.386s] Level 5:colcon.colcon_core.verb:set package 'my_py_pkg' build argument 'cmake_clean_first' from command line to 'False'
[0.386s] Level 5:colcon.colcon_core.verb:set package 'my_py_pkg' build argument 'cmake_force_configure' from command line to 'False'
[0.386s] Level 5:colcon.colcon_core.verb:set package 'my_py_pkg' build argument 'ament_cmake_args' from command line to 'None'
[0.386s] Level 5:colcon.colcon_core.verb:set package 'my_py_pkg' build argument 'catkin_cmake_args' from command line to 'None'
[0.386s] Level 5:colcon.colcon_core.verb:set package 'my_py_pkg' build argument 'catkin_skip_building_tests' from command line to 'False'
[0.386s] DEBUG:colcon.colcon_core.verb:Building package 'my_py_pkg' with the following arguments: {'ament_cmake_args': None, 'build_base': '/home/manoj/ros2_ws/build/my_py_pkg', 'catkin_cmake_args': None, 'catkin_skip_building_tests': False, 'cmake_args': None, 'cmake_clean_cache': False, 'cmake_clean_first': False, 'cmake_force_configure': False, 'cmake_target': None, 'cmake_target_skip_unavailable': False, 'install_base': '/home/manoj/ros2_ws/install/my_py_pkg', 'merge_install': False, 'path': '/home/manoj/ros2_ws/src/my_py_pkg', 'symlink_install': False, 'test_result_base': None}
[0.386s] INFO:colcon.colcon_core.executor:Executing jobs using 'parallel' executor
[0.389s] DEBUG:colcon.colcon_parallel_executor.executor.parallel:run_until_complete
[0.389s] INFO:colcon.colcon_ros.task.ament_python.build:Building ROS package in '/home/manoj/ros2_ws/src/my_py_pkg' with build type 'ament_python'
[0.389s] Level 1:colcon.colcon_core.shell:create_environment_hook('my_py_pkg', 'ament_prefix_path')
[0.393s] INFO:colcon.colcon_core.plugin_system:Skipping extension 'colcon_core.shell.bat': Not used on non-Windows systems
[0.393s] INFO:colcon.colcon_core.shell:Creating environment hook '/home/manoj/ros2_ws/install/my_py_pkg/share/my_py_pkg/hook/ament_prefix_path.ps1'
[0.393s] INFO:colcon.colcon_core.shell:Creating environment descriptor '/home/manoj/ros2_ws/install/my_py_pkg/share/my_py_pkg/hook/ament_prefix_path.dsv'
[0.394s] INFO:colcon.colcon_core.shell:Creating environment hook '/home/manoj/ros2_ws/install/my_py_pkg/share/my_py_pkg/hook/ament_prefix_path.sh'
[0.395s] INFO:colcon.colcon_core.shell:Skip shell extension 'powershell' for command environment: Not usable outside of PowerShell
[0.395s] DEBUG:colcon.colcon_core.shell:Skip shell extension 'dsv' for command environment
[0.616s] INFO:colcon.colcon_core.task.python.build:Building Python package in '/home/manoj/ros2_ws/src/my_py_pkg'
[0.617s] INFO:colcon.colcon_core.shell:Skip shell extension 'powershell' for command environment: Not usable outside of PowerShell
[0.617s] DEBUG:colcon.colcon_core.shell:Skip shell extension 'dsv' for command environment
[0.934s] DEBUG:colcon.colcon_core.event_handler.log_command:Invoking command in '/home/manoj/ros2_ws/build/my_py_pkg': PYTHONPATH=/home/manoj/ros2_ws/build/my_py_pkg/prefix_override:/home/manoj/ros2_ws/install/my_py_pkg/lib/python3.10/site-packages:${PYTHONPATH} /usr/bin/python3 setup.py develop --uninstall --editable --build-directory /home/manoj/ros2_ws/build/my_py_pkg/build
[1.333s] DEBUG:colcon.colcon_core.event_handler.log_command:Invoked command in '/home/manoj/ros2_ws/build/my_py_pkg' returned '0': PYTHONPATH=/home/manoj/ros2_ws/build/my_py_pkg/prefix_override:/home/manoj/ros2_ws/install/my_py_pkg/lib/python3.10/site-packages:${PYTHONPATH} /usr/bin/python3 setup.py develop --uninstall --editable --build-directory /home/manoj/ros2_ws/build/my_py_pkg/build
[1.335s] DEBUG:colcon.colcon_core.event_handler.log_command:Invoking command in '/home/manoj/ros2_ws/src/my_py_pkg': PYTHONPATH=/home/manoj/ros2_ws/build/my_py_pkg/prefix_override:/home/manoj/ros2_ws/install/my_py_pkg/lib/python3.10/site-packages:${PYTHONPATH} /usr/bin/python3 setup.py egg_info --egg-base ../../build/my_py_pkg build --build-base /home/manoj/ros2_ws/build/my_py_pkg/build install --record /home/manoj/ros2_ws/build/my_py_pkg/install.log --single-version-externally-managed
[1.590s] DEBUG:colcon.colcon_core.event_handler.log_command:Invoked command in '/home/manoj/ros2_ws/src/my_py_pkg' returned '0': PYTHONPATH=/home/manoj/ros2_ws/build/my_py_pkg/prefix_override:/home/manoj/ros2_ws/install/my_py_pkg/lib/python3.10/site-packages:${PYTHONPATH} /usr/bin/python3 setup.py egg_info --egg-base ../../build/my_py_pkg build --build-base /home/manoj/ros2_ws/build/my_py_pkg/build install --record /home/manoj/ros2_ws/build/my_py_pkg/install.log --single-version-externally-managed
[1.597s] Level 1:colcon.colcon_core.environment:checking '/home/manoj/ros2_ws/install/my_py_pkg' for CMake module files
[1.598s] Level 1:colcon.colcon_core.environment:checking '/home/manoj/ros2_ws/install/my_py_pkg' for CMake config files
[1.599s] Level 1:colcon.colcon_core.environment:checking '/home/manoj/ros2_ws/install/my_py_pkg/lib'
[1.599s] Level 1:colcon.colcon_core.environment:checking '/home/manoj/ros2_ws/install/my_py_pkg/bin'
[1.600s] Level 1:colcon.colcon_core.environment:checking '/home/manoj/ros2_ws/install/my_py_pkg/lib/pkgconfig/my_py_pkg.pc'
[1.600s] Level 1:colcon.colcon_core.environment:checking '/home/manoj/ros2_ws/install/my_py_pkg/lib/python3.10/site-packages'
[1.600s] Level 1:colcon.colcon_core.shell:create_environment_hook('my_py_pkg', 'pythonpath')
[1.603s] INFO:colcon.colcon_core.shell:Creating environment hook '/home/manoj/ros2_ws/install/my_py_pkg/share/my_py_pkg/hook/pythonpath.ps1'
[1.603s] INFO:colcon.colcon_core.shell:Creating environment descriptor '/home/manoj/ros2_ws/install/my_py_pkg/share/my_py_pkg/hook/pythonpath.dsv'
[1.604s] INFO:colcon.colcon_core.shell:Creating environment hook '/home/manoj/ros2_ws/install/my_py_pkg/share/my_py_pkg/hook/pythonpath.sh'
[1.605s] Level 1:colcon.colcon_core.environment:checking '/home/manoj/ros2_ws/install/my_py_pkg/bin'
[1.605s] Level 1:colcon.colcon_core.environment:create_environment_scripts_only(my_py_pkg)
[1.607s] INFO:colcon.colcon_core.shell:Creating package script '/home/manoj/ros2_ws/install/my_py_pkg/share/my_py_pkg/package.ps1'
[1.609s] INFO:colcon.colcon_core.shell:Creating package descriptor '/home/manoj/ros2_ws/install/my_py_pkg/share/my_py_pkg/package.dsv'
[1.610s] INFO:colcon.colcon_core.shell:Creating package script '/home/manoj/ros2_ws/install/my_py_pkg/share/my_py_pkg/package.sh'
[1.611s] INFO:colcon.colcon_core.shell:Creating package script '/home/manoj/ros2_ws/install/my_py_pkg/share/my_py_pkg/package.bash'
[1.613s] INFO:colcon.colcon_core.shell:Creating package script '/home/manoj/ros2_ws/install/my_py_pkg/share/my_py_pkg/package.zsh'
[1.614s] Level 1:colcon.colcon_core.environment:create_file_with_runtime_dependencies(/home/manoj/ros2_ws/install/my_py_pkg/share/colcon-core/packages/my_py_pkg)
[1.614s] DEBUG:colcon.colcon_parallel_executor.executor.parallel:closing loop
[1.615s] DEBUG:colcon.colcon_parallel_executor.executor.parallel:loop closed
[1.615s] DEBUG:colcon.colcon_parallel_executor.executor.parallel:run_until_complete finished with '0'
[1.615s] DEBUG:colcon.colcon_core.event_reactor:joining thread
[1.623s] INFO:colcon.colcon_core.plugin_system:Skipping extension 'colcon_notification.desktop_notification.terminal_notifier': Not used on non-Darwin systems
[1.623s] INFO:colcon.colcon_core.plugin_system:Skipping extension 'colcon_notification.desktop_notification.win32': Not used on non-Windows systems
[1.623s] INFO:colcon.colcon_notification.desktop_notification:Sending desktop notification using 'notify2'
[1.641s] DEBUG:colcon.colcon_core.event_reactor:joined thread
[1.642s] INFO:colcon.colcon_core.shell:Creating prefix script '/home/manoj/ros2_ws/install/local_setup.ps1'
[1.643s] INFO:colcon.colcon_core.shell:Creating prefix util module '/home/manoj/ros2_ws/install/_local_setup_util_ps1.py'
[1.644s] INFO:colcon.colcon_core.shell:Creating prefix chain script '/home/manoj/ros2_ws/install/setup.ps1'
[1.645s] INFO:colcon.colcon_core.shell:Creating prefix script '/home/manoj/ros2_ws/install/local_setup.sh'
[1.646s] INFO:colcon.colcon_core.shell:Creating prefix util module '/home/manoj/ros2_ws/install/_local_setup_util_sh.py'
[1.647s] INFO:colcon.colcon_core.shell:Creating prefix chain script '/home/manoj/ros2_ws/install/setup.sh'
[1.648s] INFO:colcon.colcon_core.shell:Creating prefix script '/home/manoj/ros2_ws/install/local_setup.bash'
[1.648s] INFO:colcon.colcon_core.shell:Creating prefix chain script '/home/manoj/ros2_ws/install/setup.bash'
[1.650s] INFO:colcon.colcon_core.shell:Creating prefix script '/home/manoj/ros2_ws/install/local_setup.zsh'
[1.650s] INFO:colcon.colcon_core.shell:Creating prefix chain script '/home/manoj/ros2_ws/install/setup.zsh'
