[0.554s] Invoking command in '/home/manoj/ros2_ws/src/my_py_pkg': PYTHONPATH=/home/manoj/ros2_ws/build/my_py_pkg/prefix_override:/home/manoj/ros2_ws/install/my_py_pkg/lib/python3.10/site-packages:${PYTHONPATH} /usr/bin/python3 setup.py egg_info --egg-base ../../build/my_py_pkg build --build-base /home/manoj/ros2_ws/build/my_py_pkg/build install --record /home/manoj/ros2_ws/build/my_py_pkg/install.log --single-version-externally-managed
[0.756s] running egg_info
[0.756s] writing ../../build/my_py_pkg/my_py_pkg.egg-info/PKG-INFO
[0.756s] writing dependency_links to ../../build/my_py_pkg/my_py_pkg.egg-info/dependency_links.txt
[0.756s] writing entry points to ../../build/my_py_pkg/my_py_pkg.egg-info/entry_points.txt
[0.757s] writing requirements to ../../build/my_py_pkg/my_py_pkg.egg-info/requires.txt
[0.757s] writing top-level names to ../../build/my_py_pkg/my_py_pkg.egg-info/top_level.txt
[0.759s] reading manifest file '../../build/my_py_pkg/my_py_pkg.egg-info/SOURCES.txt'
[0.760s] writing manifest file '../../build/my_py_pkg/my_py_pkg.egg-info/SOURCES.txt'
[0.760s] running build
[0.760s] running build_py
[0.760s] copying my_py_pkg/robot_news_station.py -> /home/manoj/ros2_ws/build/my_py_pkg/build/lib/my_py_pkg
[0.760s] copying my_py_pkg/my_first_node.py -> /home/manoj/ros2_ws/build/my_py_pkg/build/lib/my_py_pkg
[0.760s] running install
[0.761s] running install_lib
[0.761s] copying /home/manoj/ros2_ws/build/my_py_pkg/build/lib/my_py_pkg/robot_news_station.py -> /home/manoj/ros2_ws/install/my_py_pkg/lib/python3.10/site-packages/my_py_pkg
[0.761s] copying /home/manoj/ros2_ws/build/my_py_pkg/build/lib/my_py_pkg/my_first_node.py -> /home/manoj/ros2_ws/install/my_py_pkg/lib/python3.10/site-packages/my_py_pkg
[0.761s] byte-compiling /home/manoj/ros2_ws/install/my_py_pkg/lib/python3.10/site-packages/my_py_pkg/robot_news_station.py to robot_news_station.cpython-310.pyc
[0.762s] byte-compiling /home/manoj/ros2_ws/install/my_py_pkg/lib/python3.10/site-packages/my_py_pkg/my_first_node.py to my_first_node.cpython-310.pyc
[0.762s] running install_data
[0.763s] copying package.xml -> /home/manoj/ros2_ws/install/my_py_pkg/share/my_py_pkg
[0.763s] running install_egg_info
[0.764s] removing '/home/manoj/ros2_ws/install/my_py_pkg/lib/python3.10/site-packages/my_py_pkg-0.0.0-py3.10.egg-info' (and everything under it)
[0.764s] Copying ../../build/my_py_pkg/my_py_pkg.egg-info to /home/manoj/ros2_ws/install/my_py_pkg/lib/python3.10/site-packages/my_py_pkg-0.0.0-py3.10.egg-info
[0.765s] running install_scripts
[0.779s] Installing py_node script to /home/manoj/ros2_ws/install/my_py_pkg/lib/my_py_pkg
[0.779s] Installing robot_news_station script to /home/manoj/ros2_ws/install/my_py_pkg/lib/my_py_pkg
[0.779s] writing list of installed files to '/home/manoj/ros2_ws/build/my_py_pkg/install.log'
[0.807s] Invoked command in '/home/manoj/ros2_ws/src/my_py_pkg' returned '0': PYTHONPATH=/home/manoj/ros2_ws/build/my_py_pkg/prefix_override:/home/manoj/ros2_ws/install/my_py_pkg/lib/python3.10/site-packages:${PYTHONPATH} /usr/bin/python3 setup.py egg_info --egg-base ../../build/my_py_pkg build --build-base /home/manoj/ros2_ws/build/my_py_pkg/build install --record /home/manoj/ros2_ws/build/my_py_pkg/install.log --single-version-externally-managed
