[0.567s] Invoking command in '/home/manoj/ros2_ws/build/my_py_pkg': PYTHONPATH=/home/manoj/ros2_ws/build/my_py_pkg/prefix_override:/home/manoj/ros2_ws/install/my_py_pkg/lib/python3.10/site-packages:${PYTHONPATH} /usr/bin/python3 setup.py develop --editable --build-directory /home/manoj/ros2_ws/build/my_py_pkg/build --no-deps install_data
[0.784s] running develop
[0.925s] running egg_info
[0.926s] writing my_py_pkg.egg-info/PKG-INFO
[0.926s] writing dependency_links to my_py_pkg.egg-info/dependency_links.txt
[0.926s] writing entry points to my_py_pkg.egg-info/entry_points.txt
[0.926s] writing requirements to my_py_pkg.egg-info/requires.txt
[0.926s] writing top-level names to my_py_pkg.egg-info/top_level.txt
[0.928s] reading manifest file 'my_py_pkg.egg-info/SOURCES.txt'
[0.930s] writing manifest file 'my_py_pkg.egg-info/SOURCES.txt'
[0.931s] running build_ext
[0.931s] Creating /home/manoj/ros2_ws/install/my_py_pkg/lib/python3.10/site-packages/my-py-pkg.egg-link (link to .)
[0.931s] Installing add_two_ints_no_oop script to /home/manoj/ros2_ws/install/my_py_pkg/lib/my_py_pkg
[0.931s] Installing add_two_ints_server script to /home/manoj/ros2_ws/install/my_py_pkg/lib/my_py_pkg
[0.932s] Installing number_publisher script to /home/manoj/ros2_ws/install/my_py_pkg/lib/my_py_pkg
[0.932s] Installing py_node script to /home/manoj/ros2_ws/install/my_py_pkg/lib/my_py_pkg
[0.932s] Installing robot_news_station script to /home/manoj/ros2_ws/install/my_py_pkg/lib/my_py_pkg
[0.932s] Installing robot_news_subscriber script to /home/manoj/ros2_ws/install/my_py_pkg/lib/my_py_pkg
[0.932s] 
[0.932s] Installed /home/manoj/ros2_ws/build/my_py_pkg
[0.933s] running install_data
[0.970s] Invoked command in '/home/manoj/ros2_ws/build/my_py_pkg' returned '0': PYTHONPATH=/home/manoj/ros2_ws/build/my_py_pkg/prefix_override:/home/manoj/ros2_ws/install/my_py_pkg/lib/python3.10/site-packages:${PYTHONPATH} /usr/bin/python3 setup.py develop --editable --build-directory /home/manoj/ros2_ws/build/my_py_pkg/build --no-deps install_data
