[0.012s] Invoking command in '/home/manoj/ros2_ws/build/my_robot_interfaces': CMAKE_PREFIX_PATH=${CMAKE_PREFIX_PATH}:/home/manoj/ros2_ws/install/my_py_pkg:/opt/ros/humble /usr/bin/cmake --build /home/manoj/ros2_ws/build/my_robot_interfaces -- -j16 -l16
[0.042s] [35m[1mConsolidate compiler generated dependencies of target my_robot_interfaces__rosidl_generator_c[0m
[0.048s] [  2%] Built target my_robot_interfaces__cpp
[0.052s] [ 12%] Built target my_robot_interfaces__rosidl_generator_c
[0.056s] [ 12%] Built target ament_cmake_python_copy_my_robot_interfaces
[0.056s] [35m[1mConsolidate compiler generated dependencies of target my_robot_interfaces__rosidl_typesupport_cpp[0m
[0.056s] [35m[1mConsolidate compiler generated dependencies of target my_robot_interfaces__rosidl_typesupport_fastrtps_cpp[0m
[0.056s] [35m[1mConsolidate compiler generated dependencies of target my_robot_interfaces__rosidl_typesupport_introspection_cpp[0m
[0.060s] [35m[1mConsolidate compiler generated dependencies of target my_robot_interfaces__rosidl_typesupport_c[0m
[0.060s] [35m[1mConsolidate compiler generated dependencies of target my_robot_interfaces__rosidl_typesupport_introspection_c[0m
[0.060s] [35m[1mConsolidate compiler generated dependencies of target my_robot_interfaces__rosidl_typesupport_fastrtps_c[0m
[0.067s] [ 43%] Built target my_robot_interfaces__rosidl_typesupport_cpp
[0.067s] [ 43%] Built target my_robot_interfaces__rosidl_typesupport_fastrtps_cpp
[0.068s] [ 43%] Built target my_robot_interfaces__rosidl_typesupport_introspection_cpp
[0.068s] [ 53%] Built target my_robot_interfaces__rosidl_typesupport_c
[0.069s] [ 64%] Built target my_robot_interfaces__rosidl_typesupport_introspection_c
[0.071s] [ 74%] Built target my_robot_interfaces__rosidl_typesupport_fastrtps_c
[0.087s] [ 74%] Built target my_robot_interfaces
[0.104s] [ 76%] Built target my_robot_interfaces__py
[0.112s] [35m[1mConsolidate compiler generated dependencies of target my_robot_interfaces__rosidl_generator_py[0m
[0.123s] [ 84%] Built target my_robot_interfaces__rosidl_generator_py
[0.132s] [35m[1mConsolidate compiler generated dependencies of target my_robot_interfaces__rosidl_typesupport_introspection_c__pyext[0m
[0.132s] [35m[1mConsolidate compiler generated dependencies of target my_robot_interfaces__rosidl_typesupport_fastrtps_c__pyext[0m
[0.132s] [35m[1mConsolidate compiler generated dependencies of target my_robot_interfaces__rosidl_typesupport_c__pyext[0m
[0.142s] [100%] Built target my_robot_interfaces__rosidl_typesupport_c__pyext
[0.142s] [100%] Built target my_robot_interfaces__rosidl_typesupport_introspection_c__pyext
[0.142s] [100%] Built target my_robot_interfaces__rosidl_typesupport_fastrtps_c__pyext
[0.274s] running egg_info
[0.274s] writing my_robot_interfaces.egg-info/PKG-INFO
[0.274s] writing dependency_links to my_robot_interfaces.egg-info/dependency_links.txt
[0.274s] writing top-level names to my_robot_interfaces.egg-info/top_level.txt
[0.277s] reading manifest file 'my_robot_interfaces.egg-info/SOURCES.txt'
[0.277s] writing manifest file 'my_robot_interfaces.egg-info/SOURCES.txt'
[0.302s] [100%] Built target ament_cmake_python_build_my_robot_interfaces_egg
[0.311s] Invoked command in '/home/manoj/ros2_ws/build/my_robot_interfaces' returned '0': CMAKE_PREFIX_PATH=${CMAKE_PREFIX_PATH}:/home/manoj/ros2_ws/install/my_py_pkg:/opt/ros/humble /usr/bin/cmake --build /home/manoj/ros2_ws/build/my_robot_interfaces -- -j16 -l16
[0.370s] Invoking command in '/home/manoj/ros2_ws/build/my_robot_interfaces': CMAKE_PREFIX_PATH=${CMAKE_PREFIX_PATH}:/home/manoj/ros2_ws/install/my_py_pkg:/opt/ros/humble /usr/bin/cmake --install /home/manoj/ros2_ws/build/my_robot_interfaces
[0.376s] -- Install configuration: ""
[0.376s] -- Up-to-date: /home/manoj/ros2_ws/install/my_robot_interfaces/share/ament_index/resource_index/rosidl_interfaces/my_robot_interfaces
[0.377s] -- Up-to-date: /home/manoj/ros2_ws/install/my_robot_interfaces/include/my_robot_interfaces/my_robot_interfaces
[0.377s] -- Up-to-date: /home/manoj/ros2_ws/install/my_robot_interfaces/include/my_robot_interfaces/my_robot_interfaces/msg
[0.377s] -- Up-to-date: /home/manoj/ros2_ws/install/my_robot_interfaces/include/my_robot_interfaces/my_robot_interfaces/msg/detail
[0.377s] -- Up-to-date: /home/manoj/ros2_ws/install/my_robot_interfaces/include/my_robot_interfaces/my_robot_interfaces/msg/detail/led_array_states__functions.h
[0.377s] -- Up-to-date: /home/manoj/ros2_ws/install/my_robot_interfaces/include/my_robot_interfaces/my_robot_interfaces/msg/detail/led_array_states__functions.c
[0.377s] -- Up-to-date: /home/manoj/ros2_ws/install/my_robot_interfaces/include/my_robot_interfaces/my_robot_interfaces/msg/detail/led_array_states__type_support.h
[0.377s] -- Up-to-date: /home/manoj/ros2_ws/install/my_robot_interfaces/include/my_robot_interfaces/my_robot_interfaces/msg/detail/led_array_states__struct.h
[0.377s] -- Up-to-date: /home/manoj/ros2_ws/install/my_robot_interfaces/include/my_robot_interfaces/my_robot_interfaces/msg/rosidl_generator_c__visibility_control.h
[0.377s] -- Up-to-date: /home/manoj/ros2_ws/install/my_robot_interfaces/include/my_robot_interfaces/my_robot_interfaces/msg/led_array_states.h
[0.378s] -- Up-to-date: /home/manoj/ros2_ws/install/my_robot_interfaces/include/my_robot_interfaces/my_robot_interfaces/srv
[0.378s] -- Up-to-date: /home/manoj/ros2_ws/install/my_robot_interfaces/include/my_robot_interfaces/my_robot_interfaces/srv/detail
[0.378s] -- Up-to-date: /home/manoj/ros2_ws/install/my_robot_interfaces/include/my_robot_interfaces/my_robot_interfaces/srv/detail/turn_on_led__type_support.h
[0.378s] -- Up-to-date: /home/manoj/ros2_ws/install/my_robot_interfaces/include/my_robot_interfaces/my_robot_interfaces/srv/detail/turn_on_led__functions.h
[0.378s] -- Up-to-date: /home/manoj/ros2_ws/install/my_robot_interfaces/include/my_robot_interfaces/my_robot_interfaces/srv/detail/turn_on_led__functions.c
[0.378s] -- Up-to-date: /home/manoj/ros2_ws/install/my_robot_interfaces/include/my_robot_interfaces/my_robot_interfaces/srv/detail/turn_on_led__struct.h
[0.378s] -- Up-to-date: /home/manoj/ros2_ws/install/my_robot_interfaces/include/my_robot_interfaces/my_robot_interfaces/srv/turn_on_led.h
[0.378s] -- Up-to-date: /home/manoj/ros2_ws/install/my_robot_interfaces/share/my_robot_interfaces/environment/library_path.sh
[0.378s] -- Up-to-date: /home/manoj/ros2_ws/install/my_robot_interfaces/share/my_robot_interfaces/environment/library_path.dsv
[0.378s] -- Up-to-date: /home/manoj/ros2_ws/install/my_robot_interfaces/lib/libmy_robot_interfaces__rosidl_generator_c.so
[0.378s] -- Up-to-date: /home/manoj/ros2_ws/install/my_robot_interfaces/include/my_robot_interfaces/my_robot_interfaces
[0.378s] -- Up-to-date: /home/manoj/ros2_ws/install/my_robot_interfaces/include/my_robot_interfaces/my_robot_interfaces/msg
[0.378s] -- Up-to-date: /home/manoj/ros2_ws/install/my_robot_interfaces/include/my_robot_interfaces/my_robot_interfaces/msg/detail
[0.378s] -- Up-to-date: /home/manoj/ros2_ws/install/my_robot_interfaces/include/my_robot_interfaces/my_robot_interfaces/msg/detail/led_array_states__rosidl_typesupport_fastrtps_c.h
[0.378s] -- Up-to-date: /home/manoj/ros2_ws/install/my_robot_interfaces/include/my_robot_interfaces/my_robot_interfaces/msg/rosidl_typesupport_fastrtps_c__visibility_control.h
[0.378s] -- Up-to-date: /home/manoj/ros2_ws/install/my_robot_interfaces/include/my_robot_interfaces/my_robot_interfaces/srv
[0.379s] -- Up-to-date: /home/manoj/ros2_ws/install/my_robot_interfaces/include/my_robot_interfaces/my_robot_interfaces/srv/detail
[0.379s] -- Up-to-date: /home/manoj/ros2_ws/install/my_robot_interfaces/include/my_robot_interfaces/my_robot_interfaces/srv/detail/turn_on_led__rosidl_typesupport_fastrtps_c.h
[0.379s] -- Up-to-date: /home/manoj/ros2_ws/install/my_robot_interfaces/lib/libmy_robot_interfaces__rosidl_typesupport_fastrtps_c.so
[0.379s] -- Up-to-date: /home/manoj/ros2_ws/install/my_robot_interfaces/include/my_robot_interfaces/my_robot_interfaces
[0.379s] -- Up-to-date: /home/manoj/ros2_ws/install/my_robot_interfaces/include/my_robot_interfaces/my_robot_interfaces/msg
[0.379s] -- Up-to-date: /home/manoj/ros2_ws/install/my_robot_interfaces/include/my_robot_interfaces/my_robot_interfaces/msg/detail
[0.379s] -- Up-to-date: /home/manoj/ros2_ws/install/my_robot_interfaces/include/my_robot_interfaces/my_robot_interfaces/msg/detail/led_array_states__type_support.c
[0.379s] -- Up-to-date: /home/manoj/ros2_ws/install/my_robot_interfaces/include/my_robot_interfaces/my_robot_interfaces/msg/detail/led_array_states__rosidl_typesupport_introspection_c.h
[0.379s] -- Up-to-date: /home/manoj/ros2_ws/install/my_robot_interfaces/include/my_robot_interfaces/my_robot_interfaces/msg/rosidl_typesupport_introspection_c__visibility_control.h
[0.379s] -- Up-to-date: /home/manoj/ros2_ws/install/my_robot_interfaces/include/my_robot_interfaces/my_robot_interfaces/srv
[0.379s] -- Up-to-date: /home/manoj/ros2_ws/install/my_robot_interfaces/include/my_robot_interfaces/my_robot_interfaces/srv/detail
[0.379s] -- Up-to-date: /home/manoj/ros2_ws/install/my_robot_interfaces/include/my_robot_interfaces/my_robot_interfaces/srv/detail/turn_on_led__rosidl_typesupport_introspection_c.h
[0.379s] -- Up-to-date: /home/manoj/ros2_ws/install/my_robot_interfaces/include/my_robot_interfaces/my_robot_interfaces/srv/detail/turn_on_led__type_support.c
[0.379s] -- Up-to-date: /home/manoj/ros2_ws/install/my_robot_interfaces/lib/libmy_robot_interfaces__rosidl_typesupport_introspection_c.so
[0.379s] -- Up-to-date: /home/manoj/ros2_ws/install/my_robot_interfaces/lib/libmy_robot_interfaces__rosidl_typesupport_c.so
[0.379s] -- Up-to-date: /home/manoj/ros2_ws/install/my_robot_interfaces/include/my_robot_interfaces/my_robot_interfaces
[0.379s] -- Up-to-date: /home/manoj/ros2_ws/install/my_robot_interfaces/include/my_robot_interfaces/my_robot_interfaces/msg
[0.380s] -- Up-to-date: /home/manoj/ros2_ws/install/my_robot_interfaces/include/my_robot_interfaces/my_robot_interfaces/msg/led_array_states.hpp
[0.380s] -- Up-to-date: /home/manoj/ros2_ws/install/my_robot_interfaces/include/my_robot_interfaces/my_robot_interfaces/msg/detail
[0.380s] -- Up-to-date: /home/manoj/ros2_ws/install/my_robot_interfaces/include/my_robot_interfaces/my_robot_interfaces/msg/detail/led_array_states__builder.hpp
[0.380s] -- Up-to-date: /home/manoj/ros2_ws/install/my_robot_interfaces/include/my_robot_interfaces/my_robot_interfaces/msg/detail/led_array_states__traits.hpp
[0.380s] -- Up-to-date: /home/manoj/ros2_ws/install/my_robot_interfaces/include/my_robot_interfaces/my_robot_interfaces/msg/detail/led_array_states__struct.hpp
[0.380s] -- Up-to-date: /home/manoj/ros2_ws/install/my_robot_interfaces/include/my_robot_interfaces/my_robot_interfaces/srv
[0.380s] -- Up-to-date: /home/manoj/ros2_ws/install/my_robot_interfaces/include/my_robot_interfaces/my_robot_interfaces/srv/detail
[0.380s] -- Up-to-date: /home/manoj/ros2_ws/install/my_robot_interfaces/include/my_robot_interfaces/my_robot_interfaces/srv/detail/turn_on_led__traits.hpp
[0.380s] -- Up-to-date: /home/manoj/ros2_ws/install/my_robot_interfaces/include/my_robot_interfaces/my_robot_interfaces/srv/detail/turn_on_led__builder.hpp
[0.380s] -- Up-to-date: /home/manoj/ros2_ws/install/my_robot_interfaces/include/my_robot_interfaces/my_robot_interfaces/srv/detail/turn_on_led__struct.hpp
[0.380s] -- Up-to-date: /home/manoj/ros2_ws/install/my_robot_interfaces/include/my_robot_interfaces/my_robot_interfaces/srv/turn_on_led.hpp
[0.380s] -- Up-to-date: /home/manoj/ros2_ws/install/my_robot_interfaces/include/my_robot_interfaces/my_robot_interfaces
[0.380s] -- Up-to-date: /home/manoj/ros2_ws/install/my_robot_interfaces/include/my_robot_interfaces/my_robot_interfaces/msg
[0.380s] -- Up-to-date: /home/manoj/ros2_ws/install/my_robot_interfaces/include/my_robot_interfaces/my_robot_interfaces/msg/detail
[0.380s] -- Up-to-date: /home/manoj/ros2_ws/install/my_robot_interfaces/include/my_robot_interfaces/my_robot_interfaces/msg/detail/dds_fastrtps
[0.380s] -- Up-to-date: /home/manoj/ros2_ws/install/my_robot_interfaces/include/my_robot_interfaces/my_robot_interfaces/msg/detail/led_array_states__rosidl_typesupport_fastrtps_cpp.hpp
[0.380s] -- Up-to-date: /home/manoj/ros2_ws/install/my_robot_interfaces/include/my_robot_interfaces/my_robot_interfaces/msg/rosidl_typesupport_fastrtps_cpp__visibility_control.h
[0.380s] -- Up-to-date: /home/manoj/ros2_ws/install/my_robot_interfaces/include/my_robot_interfaces/my_robot_interfaces/srv
[0.381s] -- Up-to-date: /home/manoj/ros2_ws/install/my_robot_interfaces/include/my_robot_interfaces/my_robot_interfaces/srv/detail
[0.381s] -- Up-to-date: /home/manoj/ros2_ws/install/my_robot_interfaces/include/my_robot_interfaces/my_robot_interfaces/srv/detail/turn_on_led__rosidl_typesupport_fastrtps_cpp.hpp
[0.381s] -- Up-to-date: /home/manoj/ros2_ws/install/my_robot_interfaces/include/my_robot_interfaces/my_robot_interfaces/srv/detail/dds_fastrtps
[0.381s] -- Up-to-date: /home/manoj/ros2_ws/install/my_robot_interfaces/lib/libmy_robot_interfaces__rosidl_typesupport_fastrtps_cpp.so
[0.381s] -- Up-to-date: /home/manoj/ros2_ws/install/my_robot_interfaces/include/my_robot_interfaces/my_robot_interfaces
[0.381s] -- Up-to-date: /home/manoj/ros2_ws/install/my_robot_interfaces/include/my_robot_interfaces/my_robot_interfaces/msg
[0.381s] -- Up-to-date: /home/manoj/ros2_ws/install/my_robot_interfaces/include/my_robot_interfaces/my_robot_interfaces/msg/detail
[0.381s] -- Up-to-date: /home/manoj/ros2_ws/install/my_robot_interfaces/include/my_robot_interfaces/my_robot_interfaces/msg/detail/led_array_states__type_support.cpp
[0.381s] -- Up-to-date: /home/manoj/ros2_ws/install/my_robot_interfaces/include/my_robot_interfaces/my_robot_interfaces/msg/detail/led_array_states__rosidl_typesupport_introspection_cpp.hpp
[0.381s] -- Up-to-date: /home/manoj/ros2_ws/install/my_robot_interfaces/include/my_robot_interfaces/my_robot_interfaces/srv
[0.381s] -- Up-to-date: /home/manoj/ros2_ws/install/my_robot_interfaces/include/my_robot_interfaces/my_robot_interfaces/srv/detail
[0.381s] -- Up-to-date: /home/manoj/ros2_ws/install/my_robot_interfaces/include/my_robot_interfaces/my_robot_interfaces/srv/detail/turn_on_led__type_support.cpp
[0.381s] -- Up-to-date: /home/manoj/ros2_ws/install/my_robot_interfaces/include/my_robot_interfaces/my_robot_interfaces/srv/detail/turn_on_led__rosidl_typesupport_introspection_cpp.hpp
[0.381s] -- Up-to-date: /home/manoj/ros2_ws/install/my_robot_interfaces/lib/libmy_robot_interfaces__rosidl_typesupport_introspection_cpp.so
[0.381s] -- Up-to-date: /home/manoj/ros2_ws/install/my_robot_interfaces/lib/libmy_robot_interfaces__rosidl_typesupport_cpp.so
[0.381s] -- Up-to-date: /home/manoj/ros2_ws/install/my_robot_interfaces/share/my_robot_interfaces/environment/pythonpath.sh
[0.381s] -- Up-to-date: /home/manoj/ros2_ws/install/my_robot_interfaces/share/my_robot_interfaces/environment/pythonpath.dsv
[0.381s] -- Up-to-date: /home/manoj/ros2_ws/install/my_robot_interfaces/local/lib/python3.10/dist-packages/my_robot_interfaces-0.0.0-py3.10.egg-info
[0.381s] -- Installing: /home/manoj/ros2_ws/install/my_robot_interfaces/local/lib/python3.10/dist-packages/my_robot_interfaces-0.0.0-py3.10.egg-info/SOURCES.txt
[0.382s] -- Installing: /home/manoj/ros2_ws/install/my_robot_interfaces/local/lib/python3.10/dist-packages/my_robot_interfaces-0.0.0-py3.10.egg-info/top_level.txt
[0.382s] -- Installing: /home/manoj/ros2_ws/install/my_robot_interfaces/local/lib/python3.10/dist-packages/my_robot_interfaces-0.0.0-py3.10.egg-info/dependency_links.txt
[0.382s] -- Installing: /home/manoj/ros2_ws/install/my_robot_interfaces/local/lib/python3.10/dist-packages/my_robot_interfaces-0.0.0-py3.10.egg-info/PKG-INFO
[0.382s] -- Up-to-date: /home/manoj/ros2_ws/install/my_robot_interfaces/local/lib/python3.10/dist-packages/my_robot_interfaces
[0.382s] -- Up-to-date: /home/manoj/ros2_ws/install/my_robot_interfaces/local/lib/python3.10/dist-packages/my_robot_interfaces/my_robot_interfaces_s__rosidl_typesupport_introspection_c.cpython-310-x86_64-linux-gnu.so
[0.382s] -- Up-to-date: /home/manoj/ros2_ws/install/my_robot_interfaces/local/lib/python3.10/dist-packages/my_robot_interfaces/_my_robot_interfaces_s.ep.rosidl_typesupport_introspection_c.c
[0.382s] -- Up-to-date: /home/manoj/ros2_ws/install/my_robot_interfaces/local/lib/python3.10/dist-packages/my_robot_interfaces/_my_robot_interfaces_s.ep.rosidl_typesupport_c.c
[0.382s] -- Up-to-date: /home/manoj/ros2_ws/install/my_robot_interfaces/local/lib/python3.10/dist-packages/my_robot_interfaces/__init__.py
[0.382s] -- Up-to-date: /home/manoj/ros2_ws/install/my_robot_interfaces/local/lib/python3.10/dist-packages/my_robot_interfaces/msg
[0.382s] -- Up-to-date: /home/manoj/ros2_ws/install/my_robot_interfaces/local/lib/python3.10/dist-packages/my_robot_interfaces/msg/_led_array_states_s.c
[0.382s] -- Up-to-date: /home/manoj/ros2_ws/install/my_robot_interfaces/local/lib/python3.10/dist-packages/my_robot_interfaces/msg/_led_array_states.py
[0.382s] -- Up-to-date: /home/manoj/ros2_ws/install/my_robot_interfaces/local/lib/python3.10/dist-packages/my_robot_interfaces/msg/__init__.py
[0.382s] -- Up-to-date: /home/manoj/ros2_ws/install/my_robot_interfaces/local/lib/python3.10/dist-packages/my_robot_interfaces/my_robot_interfaces_s__rosidl_typesupport_fastrtps_c.cpython-310-x86_64-linux-gnu.so
[0.382s] -- Up-to-date: /home/manoj/ros2_ws/install/my_robot_interfaces/local/lib/python3.10/dist-packages/my_robot_interfaces/_my_robot_interfaces_s.ep.rosidl_typesupport_fastrtps_c.c
[0.382s] -- Up-to-date: /home/manoj/ros2_ws/install/my_robot_interfaces/local/lib/python3.10/dist-packages/my_robot_interfaces/my_robot_interfaces_s__rosidl_typesupport_c.cpython-310-x86_64-linux-gnu.so
[0.382s] -- Up-to-date: /home/manoj/ros2_ws/install/my_robot_interfaces/local/lib/python3.10/dist-packages/my_robot_interfaces/libmy_robot_interfaces__rosidl_generator_py.so
[0.382s] -- Up-to-date: /home/manoj/ros2_ws/install/my_robot_interfaces/local/lib/python3.10/dist-packages/my_robot_interfaces/srv
[0.382s] -- Up-to-date: /home/manoj/ros2_ws/install/my_robot_interfaces/local/lib/python3.10/dist-packages/my_robot_interfaces/srv/_turn_on_led_s.c
[0.383s] -- Up-to-date: /home/manoj/ros2_ws/install/my_robot_interfaces/local/lib/python3.10/dist-packages/my_robot_interfaces/srv/_turn_on_led.py
[0.383s] -- Up-to-date: /home/manoj/ros2_ws/install/my_robot_interfaces/local/lib/python3.10/dist-packages/my_robot_interfaces/srv/__init__.py
[0.403s] Listing '/home/manoj/ros2_ws/install/my_robot_interfaces/local/lib/python3.10/dist-packages/my_robot_interfaces'...
[0.403s] Listing '/home/manoj/ros2_ws/install/my_robot_interfaces/local/lib/python3.10/dist-packages/my_robot_interfaces/msg'...
[0.403s] Listing '/home/manoj/ros2_ws/install/my_robot_interfaces/local/lib/python3.10/dist-packages/my_robot_interfaces/srv'...
[0.406s] -- Up-to-date: /home/manoj/ros2_ws/install/my_robot_interfaces/local/lib/python3.10/dist-packages/my_robot_interfaces/my_robot_interfaces_s__rosidl_typesupport_fastrtps_c.cpython-310-x86_64-linux-gnu.so
[0.407s] -- Up-to-date: /home/manoj/ros2_ws/install/my_robot_interfaces/local/lib/python3.10/dist-packages/my_robot_interfaces/my_robot_interfaces_s__rosidl_typesupport_introspection_c.cpython-310-x86_64-linux-gnu.so
[0.407s] -- Up-to-date: /home/manoj/ros2_ws/install/my_robot_interfaces/local/lib/python3.10/dist-packages/my_robot_interfaces/my_robot_interfaces_s__rosidl_typesupport_c.cpython-310-x86_64-linux-gnu.so
[0.407s] -- Up-to-date: /home/manoj/ros2_ws/install/my_robot_interfaces/lib/libmy_robot_interfaces__rosidl_generator_py.so
[0.407s] -- Up-to-date: /home/manoj/ros2_ws/install/my_robot_interfaces/share/my_robot_interfaces/msg/LedArrayStates.idl
[0.407s] -- Up-to-date: /home/manoj/ros2_ws/install/my_robot_interfaces/share/my_robot_interfaces/srv/TurnOnLed.idl
[0.407s] -- Up-to-date: /home/manoj/ros2_ws/install/my_robot_interfaces/share/my_robot_interfaces/msg/LedArrayStates.msg
[0.407s] -- Up-to-date: /home/manoj/ros2_ws/install/my_robot_interfaces/share/my_robot_interfaces/srv/TurnOnLed.srv
[0.407s] -- Up-to-date: /home/manoj/ros2_ws/install/my_robot_interfaces/share/my_robot_interfaces/srv/TurnOnLed_Request.msg
[0.407s] -- Up-to-date: /home/manoj/ros2_ws/install/my_robot_interfaces/share/my_robot_interfaces/srv/TurnOnLed_Response.msg
[0.407s] -- Up-to-date: /home/manoj/ros2_ws/install/my_robot_interfaces/share/ament_index/resource_index/package_run_dependencies/my_robot_interfaces
[0.408s] -- Up-to-date: /home/manoj/ros2_ws/install/my_robot_interfaces/share/ament_index/resource_index/parent_prefix_path/my_robot_interfaces
[0.408s] -- Up-to-date: /home/manoj/ros2_ws/install/my_robot_interfaces/share/my_robot_interfaces/environment/ament_prefix_path.sh
[0.408s] -- Up-to-date: /home/manoj/ros2_ws/install/my_robot_interfaces/share/my_robot_interfaces/environment/ament_prefix_path.dsv
[0.408s] -- Up-to-date: /home/manoj/ros2_ws/install/my_robot_interfaces/share/my_robot_interfaces/environment/path.sh
[0.408s] -- Up-to-date: /home/manoj/ros2_ws/install/my_robot_interfaces/share/my_robot_interfaces/environment/path.dsv
[0.408s] -- Up-to-date: /home/manoj/ros2_ws/install/my_robot_interfaces/share/my_robot_interfaces/local_setup.bash
[0.408s] -- Up-to-date: /home/manoj/ros2_ws/install/my_robot_interfaces/share/my_robot_interfaces/local_setup.sh
[0.408s] -- Up-to-date: /home/manoj/ros2_ws/install/my_robot_interfaces/share/my_robot_interfaces/local_setup.zsh
[0.408s] -- Up-to-date: /home/manoj/ros2_ws/install/my_robot_interfaces/share/my_robot_interfaces/local_setup.dsv
[0.408s] -- Installing: /home/manoj/ros2_ws/install/my_robot_interfaces/share/my_robot_interfaces/package.dsv
[0.408s] -- Up-to-date: /home/manoj/ros2_ws/install/my_robot_interfaces/share/ament_index/resource_index/packages/my_robot_interfaces
[0.408s] -- Up-to-date: /home/manoj/ros2_ws/install/my_robot_interfaces/share/my_robot_interfaces/cmake/export_my_robot_interfaces__rosidl_generator_cExport.cmake
[0.408s] -- Up-to-date: /home/manoj/ros2_ws/install/my_robot_interfaces/share/my_robot_interfaces/cmake/export_my_robot_interfaces__rosidl_generator_cExport-noconfig.cmake
[0.408s] -- Up-to-date: /home/manoj/ros2_ws/install/my_robot_interfaces/share/my_robot_interfaces/cmake/export_my_robot_interfaces__rosidl_typesupport_fastrtps_cExport.cmake
[0.409s] -- Up-to-date: /home/manoj/ros2_ws/install/my_robot_interfaces/share/my_robot_interfaces/cmake/export_my_robot_interfaces__rosidl_typesupport_fastrtps_cExport-noconfig.cmake
[0.409s] -- Up-to-date: /home/manoj/ros2_ws/install/my_robot_interfaces/share/my_robot_interfaces/cmake/my_robot_interfaces__rosidl_typesupport_introspection_cExport.cmake
[0.409s] -- Up-to-date: /home/manoj/ros2_ws/install/my_robot_interfaces/share/my_robot_interfaces/cmake/my_robot_interfaces__rosidl_typesupport_introspection_cExport-noconfig.cmake
[0.409s] -- Up-to-date: /home/manoj/ros2_ws/install/my_robot_interfaces/share/my_robot_interfaces/cmake/my_robot_interfaces__rosidl_typesupport_cExport.cmake
[0.409s] -- Up-to-date: /home/manoj/ros2_ws/install/my_robot_interfaces/share/my_robot_interfaces/cmake/my_robot_interfaces__rosidl_typesupport_cExport-noconfig.cmake
[0.409s] -- Up-to-date: /home/manoj/ros2_ws/install/my_robot_interfaces/share/my_robot_interfaces/cmake/export_my_robot_interfaces__rosidl_generator_cppExport.cmake
[0.409s] -- Up-to-date: /home/manoj/ros2_ws/install/my_robot_interfaces/share/my_robot_interfaces/cmake/export_my_robot_interfaces__rosidl_typesupport_fastrtps_cppExport.cmake
[0.409s] -- Up-to-date: /home/manoj/ros2_ws/install/my_robot_interfaces/share/my_robot_interfaces/cmake/export_my_robot_interfaces__rosidl_typesupport_fastrtps_cppExport-noconfig.cmake
[0.409s] -- Up-to-date: /home/manoj/ros2_ws/install/my_robot_interfaces/share/my_robot_interfaces/cmake/my_robot_interfaces__rosidl_typesupport_introspection_cppExport.cmake
[0.409s] -- Up-to-date: /home/manoj/ros2_ws/install/my_robot_interfaces/share/my_robot_interfaces/cmake/my_robot_interfaces__rosidl_typesupport_introspection_cppExport-noconfig.cmake
[0.409s] -- Up-to-date: /home/manoj/ros2_ws/install/my_robot_interfaces/share/my_robot_interfaces/cmake/my_robot_interfaces__rosidl_typesupport_cppExport.cmake
[0.409s] -- Up-to-date: /home/manoj/ros2_ws/install/my_robot_interfaces/share/my_robot_interfaces/cmake/my_robot_interfaces__rosidl_typesupport_cppExport-noconfig.cmake
[0.409s] -- Up-to-date: /home/manoj/ros2_ws/install/my_robot_interfaces/share/my_robot_interfaces/cmake/export_my_robot_interfaces__rosidl_generator_pyExport.cmake
[0.409s] -- Up-to-date: /home/manoj/ros2_ws/install/my_robot_interfaces/share/my_robot_interfaces/cmake/export_my_robot_interfaces__rosidl_generator_pyExport-noconfig.cmake
[0.409s] -- Up-to-date: /home/manoj/ros2_ws/install/my_robot_interfaces/share/my_robot_interfaces/cmake/rosidl_cmake-extras.cmake
[0.409s] -- Up-to-date: /home/manoj/ros2_ws/install/my_robot_interfaces/share/my_robot_interfaces/cmake/ament_cmake_export_include_directories-extras.cmake
[0.409s] -- Up-to-date: /home/manoj/ros2_ws/install/my_robot_interfaces/share/my_robot_interfaces/cmake/ament_cmake_export_libraries-extras.cmake
[0.409s] -- Up-to-date: /home/manoj/ros2_ws/install/my_robot_interfaces/share/my_robot_interfaces/cmake/ament_cmake_export_targets-extras.cmake
[0.409s] -- Up-to-date: /home/manoj/ros2_ws/install/my_robot_interfaces/share/my_robot_interfaces/cmake/rosidl_cmake_export_typesupport_targets-extras.cmake
[0.409s] -- Up-to-date: /home/manoj/ros2_ws/install/my_robot_interfaces/share/my_robot_interfaces/cmake/ament_cmake_export_dependencies-extras.cmake
[0.410s] -- Up-to-date: /home/manoj/ros2_ws/install/my_robot_interfaces/share/my_robot_interfaces/cmake/rosidl_cmake_export_typesupport_libraries-extras.cmake
[0.410s] -- Up-to-date: /home/manoj/ros2_ws/install/my_robot_interfaces/share/my_robot_interfaces/cmake/my_robot_interfacesConfig.cmake
[0.410s] -- Up-to-date: /home/manoj/ros2_ws/install/my_robot_interfaces/share/my_robot_interfaces/cmake/my_robot_interfacesConfig-version.cmake
[0.410s] -- Up-to-date: /home/manoj/ros2_ws/install/my_robot_interfaces/share/my_robot_interfaces/package.xml
[0.411s] Invoked command in '/home/manoj/ros2_ws/build/my_robot_interfaces' returned '0': CMAKE_PREFIX_PATH=${CMAKE_PREFIX_PATH}:/home/manoj/ros2_ws/install/my_py_pkg:/opt/ros/humble /usr/bin/cmake --install /home/manoj/ros2_ws/build/my_robot_interfaces
