[0.531s] Invoking command in '/home/manoj/ros2_ws/build/my_py_pkg': PYTHONPATH=/home/manoj/ros2_ws/build/my_py_pkg/prefix_override:/home/manoj/ros2_ws/install/my_py_pkg/lib/python3.10/site-packages:${PYTHONPATH} /usr/bin/python3 setup.py develop --editable --build-directory /home/manoj/ros2_ws/build/my_py_pkg/build --no-deps install_data
[0.744s] running develop
[0.882s] running egg_info
[0.882s] writing my_py_pkg.egg-info/PKG-INFO
[0.883s] writing dependency_links to my_py_pkg.egg-info/dependency_links.txt
[0.883s] writing entry points to my_py_pkg.egg-info/entry_points.txt
[0.883s] writing requirements to my_py_pkg.egg-info/requires.txt
[0.883s] writing top-level names to my_py_pkg.egg-info/top_level.txt
[0.884s] reading manifest file 'my_py_pkg.egg-info/SOURCES.txt'
[0.885s] writing manifest file 'my_py_pkg.egg-info/SOURCES.txt'
[0.886s] running build_ext
[0.886s] Creating /home/manoj/ros2_ws/install/my_py_pkg/lib/python3.10/site-packages/my-py-pkg.egg-link (link to .)
[0.887s] Installing number_publisher script to /home/manoj/ros2_ws/install/my_py_pkg/lib/my_py_pkg
[0.887s] Installing py_node script to /home/manoj/ros2_ws/install/my_py_pkg/lib/my_py_pkg
[0.887s] Installing robot_news_station script to /home/manoj/ros2_ws/install/my_py_pkg/lib/my_py_pkg
[0.887s] Installing robot_news_subscriber script to /home/manoj/ros2_ws/install/my_py_pkg/lib/my_py_pkg
[0.887s] 
[0.888s] Installed /home/manoj/ros2_ws/build/my_py_pkg
[0.888s] running install_data
[0.925s] Invoked command in '/home/manoj/ros2_ws/build/my_py_pkg' returned '0': PYTHONPATH=/home/manoj/ros2_ws/build/my_py_pkg/prefix_override:/home/manoj/ros2_ws/install/my_py_pkg/lib/python3.10/site-packages:${PYTHONPATH} /usr/bin/python3 setup.py develop --editable --build-directory /home/manoj/ros2_ws/build/my_py_pkg/build --no-deps install_data
