[0.013s] Invoking command in '/home/manoj/ros2_ws/build/my_robot_interfaces': CMAKE_PREFIX_PATH=${CMAKE_PREFIX_PATH}:/home/manoj/ros2_ws/install/turtle_hunt_py_pkg:/home/manoj/ros2_ws/install/my_py_pkg:/opt/ros/humble /usr/bin/cmake --build /home/manoj/ros2_ws/build/my_robot_interfaces -- -j16 -l16
[0.051s] -- Found ament_cmake: 1.3.8 (/opt/ros/humble/share/ament_cmake/cmake)
[0.190s] -- Found Python3: /usr/bin/python3 (found version "3.10.12") found components: Interpreter 
[0.299s] -- Found rosidl_default_generators: 1.2.0 (/opt/ros/humble/share/rosidl_default_generators/cmake)
[0.302s] -- Using all available rosidl_typesupport_c: rosidl_typesupport_fastrtps_c;rosidl_typesupport_introspection_c
[0.305s] -- Found rosidl_adapter: 3.1.5 (/opt/ros/humble/share/rosidl_adapter/cmake)
[0.341s] -- Using all available rosidl_typesupport_cpp: rosidl_typesupport_fastrtps_cpp;rosidl_typesupport_introspection_cpp
[0.609s] -- Found ament_cmake_ros: 0.10.0 (/opt/ros/humble/share/ament_cmake_ros/cmake)
[0.775s] -- Using all available rosidl_typesupport_c: rosidl_typesupport_fastrtps_c;rosidl_typesupport_introspection_c
[0.992s] -- Using all available rosidl_typesupport_cpp: rosidl_typesupport_fastrtps_cpp;rosidl_typesupport_introspection_cpp
[1.014s] -- Found python_cmake_module: 0.10.0 (/opt/ros/humble/share/python_cmake_module/cmake)
[1.037s] -- Using PYTHON_EXECUTABLE: /usr/bin/python3
[1.037s] -- Using PYTHON_INCLUDE_DIRS: /usr/include/python3.10
[1.037s] -- Using PYTHON_LIBRARIES: /usr/lib/x86_64-linux-gnu/libpython3.10.so
[1.053s] -- Configuring done
[1.088s] -- Generating done
[1.091s] -- Build files have been written to: /home/manoj/ros2_ws/build/my_robot_interfaces
[1.118s] [  1%] [34m[1mGenerating C code for ROS interfaces[0m
[1.129s] [  3%] [34m[1mGenerating C++ code for ROS interfaces[0m
[1.140s] [  3%] Built target ament_cmake_python_copy_my_robot_interfaces
[1.396s] running egg_info
[1.397s] writing my_robot_interfaces.egg-info/PKG-INFO
[1.397s] writing dependency_links to my_robot_interfaces.egg-info/dependency_links.txt
[1.397s] writing top-level names to my_robot_interfaces.egg-info/top_level.txt
[1.402s] reading manifest file 'my_robot_interfaces.egg-info/SOURCES.txt'
[1.402s] writing manifest file 'my_robot_interfaces.egg-info/SOURCES.txt'
[1.434s] [  3%] Built target ament_cmake_python_build_my_robot_interfaces_egg
[1.461s] [  3%] Built target my_robot_interfaces__cpp
[1.474s] [  5%] [34m[1mGenerating C++ type support dispatch for ROS interfaces[0m
[1.474s] [  9%] [34m[1mGenerating C++ type support for eProsima Fast-RTPS[0m
[1.475s] [  9%] [34m[1mGenerating C++ introspection for ROS interfaces[0m
[1.496s] [35m[1mConsolidate compiler generated dependencies of target my_robot_interfaces__rosidl_generator_c[0m
[1.514s] [ 12%] [32mBuilding C object CMakeFiles/my_robot_interfaces__rosidl_generator_c.dir/rosidl_generator_c/my_robot_interfaces/msg/detail/turtle_point_dist__functions.c.o[0m
[1.514s] [ 12%] [32mBuilding C object CMakeFiles/my_robot_interfaces__rosidl_generator_c.dir/rosidl_generator_c/my_robot_interfaces/msg/detail/led_array_states__functions.c.o[0m
[1.514s] [ 14%] [32mBuilding C object CMakeFiles/my_robot_interfaces__rosidl_generator_c.dir/rosidl_generator_c/my_robot_interfaces/msg/detail/turtle_position_array__functions.c.o[0m
[1.515s] [ 16%] [32mBuilding C object CMakeFiles/my_robot_interfaces__rosidl_generator_c.dir/rosidl_generator_c/my_robot_interfaces/srv/detail/turn_on_led__functions.c.o[0m
[1.601s] [ 18%] [32m[1mLinking C shared library libmy_robot_interfaces__rosidl_generator_c.so[0m
[1.646s] [ 18%] Built target my_robot_interfaces__rosidl_generator_c
[1.656s] [ 21%] [34m[1mGenerating C type support dispatch for ROS interfaces[0m
[1.656s] [ 21%] [34m[1mGenerating C type support for eProsima Fast-RTPS[0m
[1.657s] [ 23%] [34m[1mGenerating C introspection for ROS interfaces[0m
[1.748s] [35m[1mConsolidate compiler generated dependencies of target my_robot_interfaces__rosidl_typesupport_cpp[0m
[1.774s] [ 25%] [32mBuilding CXX object CMakeFiles/my_robot_interfaces__rosidl_typesupport_cpp.dir/rosidl_typesupport_cpp/my_robot_interfaces/srv/turn_on_led__type_support.cpp.o[0m
[1.774s] [ 29%] [32mBuilding CXX object CMakeFiles/my_robot_interfaces__rosidl_typesupport_cpp.dir/rosidl_typesupport_cpp/my_robot_interfaces/msg/turtle_point_dist__type_support.cpp.o[0m
[1.774s] [ 29%] [32mBuilding CXX object CMakeFiles/my_robot_interfaces__rosidl_typesupport_cpp.dir/rosidl_typesupport_cpp/my_robot_interfaces/msg/led_array_states__type_support.cpp.o[0m
[1.775s] [ 30%] [32mBuilding CXX object CMakeFiles/my_robot_interfaces__rosidl_typesupport_cpp.dir/rosidl_typesupport_cpp/my_robot_interfaces/msg/turtle_position_array__type_support.cpp.o[0m
[1.782s] [35m[1mConsolidate compiler generated dependencies of target my_robot_interfaces__rosidl_typesupport_introspection_cpp[0m
[1.803s] [ 34%] [32mBuilding CXX object CMakeFiles/my_robot_interfaces__rosidl_typesupport_introspection_cpp.dir/rosidl_typesupport_introspection_cpp/my_robot_interfaces/msg/detail/turtle_point_dist__type_support.cpp.o[0m
[1.804s] [ 34%] [32mBuilding CXX object CMakeFiles/my_robot_interfaces__rosidl_typesupport_introspection_cpp.dir/rosidl_typesupport_introspection_cpp/my_robot_interfaces/msg/detail/turtle_position_array__type_support.cpp.o[0m
[1.805s] [ 36%] [32mBuilding CXX object CMakeFiles/my_robot_interfaces__rosidl_typesupport_introspection_cpp.dir/rosidl_typesupport_introspection_cpp/my_robot_interfaces/msg/detail/led_array_states__type_support.cpp.o[0m
[1.805s] [ 38%] [32mBuilding CXX object CMakeFiles/my_robot_interfaces__rosidl_typesupport_introspection_cpp.dir/rosidl_typesupport_introspection_cpp/my_robot_interfaces/srv/detail/turn_on_led__type_support.cpp.o[0m
[1.837s] [35m[1mConsolidate compiler generated dependencies of target my_robot_interfaces__rosidl_typesupport_fastrtps_cpp[0m
[1.860s] [ 40%] [32mBuilding CXX object CMakeFiles/my_robot_interfaces__rosidl_typesupport_fastrtps_cpp.dir/rosidl_typesupport_fastrtps_cpp/my_robot_interfaces/msg/detail/dds_fastrtps/led_array_states__type_support.cpp.o[0m
[1.862s] [ 41%] [32mBuilding CXX object CMakeFiles/my_robot_interfaces__rosidl_typesupport_fastrtps_cpp.dir/rosidl_typesupport_fastrtps_cpp/my_robot_interfaces/msg/detail/dds_fastrtps/turtle_position_array__type_support.cpp.o[0m
[1.862s] [ 43%] [32mBuilding CXX object CMakeFiles/my_robot_interfaces__rosidl_typesupport_fastrtps_cpp.dir/rosidl_typesupport_fastrtps_cpp/my_robot_interfaces/msg/detail/dds_fastrtps/turtle_point_dist__type_support.cpp.o[0m
[1.864s] [ 45%] [32mBuilding CXX object CMakeFiles/my_robot_interfaces__rosidl_typesupport_fastrtps_cpp.dir/rosidl_typesupport_fastrtps_cpp/my_robot_interfaces/srv/detail/dds_fastrtps/turn_on_led__type_support.cpp.o[0m
[2.098s] [35m[1mConsolidate compiler generated dependencies of target my_robot_interfaces__rosidl_typesupport_c[0m
[2.129s] [ 47%] [32mBuilding CXX object CMakeFiles/my_robot_interfaces__rosidl_typesupport_c.dir/rosidl_typesupport_c/my_robot_interfaces/msg/led_array_states__type_support.cpp.o[0m
[2.165s] [ 49%] [32mBuilding CXX object CMakeFiles/my_robot_interfaces__rosidl_typesupport_c.dir/rosidl_typesupport_c/my_robot_interfaces/msg/turtle_point_dist__type_support.cpp.o[0m
[2.217s] [ 50%] [32mBuilding CXX object CMakeFiles/my_robot_interfaces__rosidl_typesupport_c.dir/rosidl_typesupport_c/my_robot_interfaces/msg/turtle_position_array__type_support.cpp.o[0m
[2.224s] [ 52%] [32m[1mLinking CXX shared library libmy_robot_interfaces__rosidl_typesupport_cpp.so[0m
[2.227s] [ 54%] [32mBuilding CXX object CMakeFiles/my_robot_interfaces__rosidl_typesupport_c.dir/rosidl_typesupport_c/my_robot_interfaces/srv/turn_on_led__type_support.cpp.o[0m
[2.245s] [35m[1mConsolidate compiler generated dependencies of target my_robot_interfaces__rosidl_typesupport_fastrtps_c[0m
[2.246s] [35m[1mConsolidate compiler generated dependencies of target my_robot_interfaces__rosidl_typesupport_introspection_c[0m
[2.270s] [ 56%] [32mBuilding C object CMakeFiles/my_robot_interfaces__rosidl_typesupport_introspection_c.dir/rosidl_typesupport_introspection_c/my_robot_interfaces/msg/detail/turtle_position_array__type_support.c.o[0m
[2.270s] [ 60%] [32mBuilding C object CMakeFiles/my_robot_interfaces__rosidl_typesupport_introspection_c.dir/rosidl_typesupport_introspection_c/my_robot_interfaces/msg/detail/turtle_point_dist__type_support.c.o[0m
[2.271s] [ 60%] [32mBuilding C object CMakeFiles/my_robot_interfaces__rosidl_typesupport_introspection_c.dir/rosidl_typesupport_introspection_c/my_robot_interfaces/srv/detail/turn_on_led__type_support.c.o[0m
[2.278s] [ 63%] [32m[1mLinking CXX shared library libmy_robot_interfaces__rosidl_typesupport_c.so[0m
[2.278s] [ 63%] [32mBuilding C object CMakeFiles/my_robot_interfaces__rosidl_typesupport_introspection_c.dir/rosidl_typesupport_introspection_c/my_robot_interfaces/msg/detail/led_array_states__type_support.c.o[0m
[2.287s] [ 65%] [32mBuilding CXX object CMakeFiles/my_robot_interfaces__rosidl_typesupport_fastrtps_c.dir/rosidl_typesupport_fastrtps_c/my_robot_interfaces/msg/detail/led_array_states__type_support_c.cpp.o[0m
[2.303s] [ 67%] [32mBuilding CXX object CMakeFiles/my_robot_interfaces__rosidl_typesupport_fastrtps_c.dir/rosidl_typesupport_fastrtps_c/my_robot_interfaces/msg/detail/turtle_point_dist__type_support_c.cpp.o[0m
[2.327s] [ 67%] Built target my_robot_interfaces__rosidl_typesupport_cpp
[2.353s] [ 69%] [32mBuilding CXX object CMakeFiles/my_robot_interfaces__rosidl_typesupport_fastrtps_c.dir/rosidl_typesupport_fastrtps_c/my_robot_interfaces/msg/detail/turtle_position_array__type_support_c.cpp.o[0m
[2.361s] [ 70%] [32mBuilding CXX object CMakeFiles/my_robot_interfaces__rosidl_typesupport_fastrtps_c.dir/rosidl_typesupport_fastrtps_c/my_robot_interfaces/srv/detail/turn_on_led__type_support_c.cpp.o[0m
[2.371s] [ 70%] Built target my_robot_interfaces__rosidl_typesupport_c
[2.374s] [ 72%] [32m[1mLinking C shared library libmy_robot_interfaces__rosidl_typesupport_introspection_c.so[0m
[2.436s] [ 72%] Built target my_robot_interfaces__rosidl_typesupport_introspection_c
[2.474s] [ 74%] [32m[1mLinking CXX shared library libmy_robot_interfaces__rosidl_typesupport_introspection_cpp.so[0m
[2.528s] [ 76%] [32m[1mLinking CXX shared library libmy_robot_interfaces__rosidl_typesupport_fastrtps_cpp.so[0m
[2.614s] [ 76%] Built target my_robot_interfaces__rosidl_typesupport_introspection_cpp
[2.654s] [ 76%] Built target my_robot_interfaces__rosidl_typesupport_fastrtps_cpp
[2.728s] [ 78%] [32m[1mLinking CXX shared library libmy_robot_interfaces__rosidl_typesupport_fastrtps_c.so[0m
[2.831s] [ 78%] Built target my_robot_interfaces__rosidl_typesupport_fastrtps_c
[2.853s] [ 78%] Built target my_robot_interfaces
[2.876s] [ 80%] Built target my_robot_interfaces__py
[2.889s] [35m[1mConsolidate compiler generated dependencies of target my_robot_interfaces__rosidl_generator_py[0m
[2.910s] [ 85%] [32mBuilding C object CMakeFiles/my_robot_interfaces__rosidl_generator_py.dir/rosidl_generator_py/my_robot_interfaces/msg/_turtle_position_array_s.c.o[0m
[2.910s] [ 85%] [32mBuilding C object CMakeFiles/my_robot_interfaces__rosidl_generator_py.dir/rosidl_generator_py/my_robot_interfaces/msg/_turtle_point_dist_s.c.o[0m
[2.910s] [ 85%] [32mBuilding C object CMakeFiles/my_robot_interfaces__rosidl_generator_py.dir/rosidl_generator_py/my_robot_interfaces/msg/_led_array_states_s.c.o[0m
[2.911s] [ 87%] [32mBuilding C object CMakeFiles/my_robot_interfaces__rosidl_generator_py.dir/rosidl_generator_py/my_robot_interfaces/srv/_turn_on_led_s.c.o[0m
[3.036s] [ 89%] [32m[1mLinking C shared library rosidl_generator_py/my_robot_interfaces/libmy_robot_interfaces__rosidl_generator_py.so[0m
[3.084s] [ 89%] Built target my_robot_interfaces__rosidl_generator_py
[3.095s] [35m[1mConsolidate compiler generated dependencies of target my_robot_interfaces__rosidl_typesupport_introspection_c__pyext[0m
[3.095s] [35m[1mConsolidate compiler generated dependencies of target my_robot_interfaces__rosidl_typesupport_c__pyext[0m
[3.095s] [35m[1mConsolidate compiler generated dependencies of target my_robot_interfaces__rosidl_typesupport_fastrtps_c__pyext[0m
[3.110s] [ 94%] [32mBuilding C object CMakeFiles/my_robot_interfaces__rosidl_typesupport_introspection_c__pyext.dir/rosidl_generator_py/my_robot_interfaces/_my_robot_interfaces_s.ep.rosidl_typesupport_introspection_c.c.o[0m
[3.110s] [ 94%] [32mBuilding C object CMakeFiles/my_robot_interfaces__rosidl_typesupport_c__pyext.dir/rosidl_generator_py/my_robot_interfaces/_my_robot_interfaces_s.ep.rosidl_typesupport_c.c.o[0m
[3.110s] [ 94%] [32mBuilding C object CMakeFiles/my_robot_interfaces__rosidl_typesupport_fastrtps_c__pyext.dir/rosidl_generator_py/my_robot_interfaces/_my_robot_interfaces_s.ep.rosidl_typesupport_fastrtps_c.c.o[0m
[3.206s] [ 96%] [32m[1mLinking C shared library rosidl_generator_py/my_robot_interfaces/my_robot_interfaces_s__rosidl_typesupport_c.cpython-310-x86_64-linux-gnu.so[0m
[3.211s] [ 98%] [32m[1mLinking C shared library rosidl_generator_py/my_robot_interfaces/my_robot_interfaces_s__rosidl_typesupport_introspection_c.cpython-310-x86_64-linux-gnu.so[0m
[3.213s] [100%] [32m[1mLinking C shared library rosidl_generator_py/my_robot_interfaces/my_robot_interfaces_s__rosidl_typesupport_fastrtps_c.cpython-310-x86_64-linux-gnu.so[0m
[3.242s] [100%] Built target my_robot_interfaces__rosidl_typesupport_c__pyext
[3.245s] [100%] Built target my_robot_interfaces__rosidl_typesupport_introspection_c__pyext
[3.249s] [100%] Built target my_robot_interfaces__rosidl_typesupport_fastrtps_c__pyext
[3.263s] Invoked command in '/home/manoj/ros2_ws/build/my_robot_interfaces' returned '0': CMAKE_PREFIX_PATH=${CMAKE_PREFIX_PATH}:/home/manoj/ros2_ws/install/turtle_hunt_py_pkg:/home/manoj/ros2_ws/install/my_py_pkg:/opt/ros/humble /usr/bin/cmake --build /home/manoj/ros2_ws/build/my_robot_interfaces -- -j16 -l16
[3.397s] Invoking command in '/home/manoj/ros2_ws/build/my_robot_interfaces': CMAKE_PREFIX_PATH=${CMAKE_PREFIX_PATH}:/home/manoj/ros2_ws/install/turtle_hunt_py_pkg:/home/manoj/ros2_ws/install/my_py_pkg:/opt/ros/humble /usr/bin/cmake --install /home/manoj/ros2_ws/build/my_robot_interfaces
[3.404s] -- Install configuration: ""
[3.404s] -- Up-to-date: /home/manoj/ros2_ws/install/my_robot_interfaces/share/ament_index/resource_index/rosidl_interfaces/my_robot_interfaces
[3.404s] -- Up-to-date: /home/manoj/ros2_ws/install/my_robot_interfaces/include/my_robot_interfaces/my_robot_interfaces
[3.405s] -- Up-to-date: /home/manoj/ros2_ws/install/my_robot_interfaces/include/my_robot_interfaces/my_robot_interfaces/msg
[3.405s] -- Up-to-date: /home/manoj/ros2_ws/install/my_robot_interfaces/include/my_robot_interfaces/my_robot_interfaces/msg/detail
[3.405s] -- Installing: /home/manoj/ros2_ws/install/my_robot_interfaces/include/my_robot_interfaces/my_robot_interfaces/msg/detail/led_array_states__functions.h
[3.405s] -- Installing: /home/manoj/ros2_ws/install/my_robot_interfaces/include/my_robot_interfaces/my_robot_interfaces/msg/detail/led_array_states__functions.c
[3.405s] -- Installing: /home/manoj/ros2_ws/install/my_robot_interfaces/include/my_robot_interfaces/my_robot_interfaces/msg/detail/turtle_position_array__functions.c
[3.405s] -- Installing: /home/manoj/ros2_ws/install/my_robot_interfaces/include/my_robot_interfaces/my_robot_interfaces/msg/detail/turtle_position_array__struct.h
[3.405s] -- Installing: /home/manoj/ros2_ws/install/my_robot_interfaces/include/my_robot_interfaces/my_robot_interfaces/msg/detail/turtle_point_dist__functions.c
[3.405s] -- Installing: /home/manoj/ros2_ws/install/my_robot_interfaces/include/my_robot_interfaces/my_robot_interfaces/msg/detail/led_array_states__type_support.h
[3.405s] -- Installing: /home/manoj/ros2_ws/install/my_robot_interfaces/include/my_robot_interfaces/my_robot_interfaces/msg/detail/turtle_position_array__type_support.h
[3.405s] -- Installing: /home/manoj/ros2_ws/install/my_robot_interfaces/include/my_robot_interfaces/my_robot_interfaces/msg/detail/turtle_point_dist__struct.h
[3.405s] -- Installing: /home/manoj/ros2_ws/install/my_robot_interfaces/include/my_robot_interfaces/my_robot_interfaces/msg/detail/led_array_states__struct.h
[3.406s] -- Installing: /home/manoj/ros2_ws/install/my_robot_interfaces/include/my_robot_interfaces/my_robot_interfaces/msg/detail/turtle_point_dist__functions.h
[3.406s] -- Installing: /home/manoj/ros2_ws/install/my_robot_interfaces/include/my_robot_interfaces/my_robot_interfaces/msg/detail/turtle_position_array__functions.h
[3.406s] -- Installing: /home/manoj/ros2_ws/install/my_robot_interfaces/include/my_robot_interfaces/my_robot_interfaces/msg/detail/turtle_point_dist__type_support.h
[3.406s] -- Up-to-date: /home/manoj/ros2_ws/install/my_robot_interfaces/include/my_robot_interfaces/my_robot_interfaces/msg/rosidl_generator_c__visibility_control.h
[3.406s] -- Installing: /home/manoj/ros2_ws/install/my_robot_interfaces/include/my_robot_interfaces/my_robot_interfaces/msg/turtle_point_dist.h
[3.406s] -- Installing: /home/manoj/ros2_ws/install/my_robot_interfaces/include/my_robot_interfaces/my_robot_interfaces/msg/led_array_states.h
[3.406s] -- Installing: /home/manoj/ros2_ws/install/my_robot_interfaces/include/my_robot_interfaces/my_robot_interfaces/msg/turtle_position_array.h
[3.407s] -- Up-to-date: /home/manoj/ros2_ws/install/my_robot_interfaces/include/my_robot_interfaces/my_robot_interfaces/srv
[3.407s] -- Up-to-date: /home/manoj/ros2_ws/install/my_robot_interfaces/include/my_robot_interfaces/my_robot_interfaces/srv/detail
[3.407s] -- Installing: /home/manoj/ros2_ws/install/my_robot_interfaces/include/my_robot_interfaces/my_robot_interfaces/srv/detail/turn_on_led__type_support.h
[3.407s] -- Installing: /home/manoj/ros2_ws/install/my_robot_interfaces/include/my_robot_interfaces/my_robot_interfaces/srv/detail/turn_on_led__functions.h
[3.407s] -- Installing: /home/manoj/ros2_ws/install/my_robot_interfaces/include/my_robot_interfaces/my_robot_interfaces/srv/detail/turn_on_led__functions.c
[3.407s] -- Installing: /home/manoj/ros2_ws/install/my_robot_interfaces/include/my_robot_interfaces/my_robot_interfaces/srv/detail/turn_on_led__struct.h
[3.408s] -- Installing: /home/manoj/ros2_ws/install/my_robot_interfaces/include/my_robot_interfaces/my_robot_interfaces/srv/turn_on_led.h
[3.408s] -- Up-to-date: /home/manoj/ros2_ws/install/my_robot_interfaces/share/my_robot_interfaces/environment/library_path.sh
[3.408s] -- Installing: /home/manoj/ros2_ws/install/my_robot_interfaces/share/my_robot_interfaces/environment/library_path.dsv
[3.409s] -- Installing: /home/manoj/ros2_ws/install/my_robot_interfaces/lib/libmy_robot_interfaces__rosidl_generator_c.so
[3.409s] -- Set runtime path of "/home/manoj/ros2_ws/install/my_robot_interfaces/lib/libmy_robot_interfaces__rosidl_generator_c.so" to ""
[3.409s] -- Up-to-date: /home/manoj/ros2_ws/install/my_robot_interfaces/include/my_robot_interfaces/my_robot_interfaces
[3.409s] -- Up-to-date: /home/manoj/ros2_ws/install/my_robot_interfaces/include/my_robot_interfaces/my_robot_interfaces/msg
[3.409s] -- Up-to-date: /home/manoj/ros2_ws/install/my_robot_interfaces/include/my_robot_interfaces/my_robot_interfaces/msg/detail
[3.409s] -- Installing: /home/manoj/ros2_ws/install/my_robot_interfaces/include/my_robot_interfaces/my_robot_interfaces/msg/detail/turtle_position_array__rosidl_typesupport_fastrtps_c.h
[3.410s] -- Installing: /home/manoj/ros2_ws/install/my_robot_interfaces/include/my_robot_interfaces/my_robot_interfaces/msg/detail/led_array_states__rosidl_typesupport_fastrtps_c.h
[3.410s] -- Installing: /home/manoj/ros2_ws/install/my_robot_interfaces/include/my_robot_interfaces/my_robot_interfaces/msg/detail/turtle_point_dist__rosidl_typesupport_fastrtps_c.h
[3.410s] -- Up-to-date: /home/manoj/ros2_ws/install/my_robot_interfaces/include/my_robot_interfaces/my_robot_interfaces/msg/rosidl_typesupport_fastrtps_c__visibility_control.h
[3.410s] -- Up-to-date: /home/manoj/ros2_ws/install/my_robot_interfaces/include/my_robot_interfaces/my_robot_interfaces/srv
[3.410s] -- Up-to-date: /home/manoj/ros2_ws/install/my_robot_interfaces/include/my_robot_interfaces/my_robot_interfaces/srv/detail
[3.410s] -- Installing: /home/manoj/ros2_ws/install/my_robot_interfaces/include/my_robot_interfaces/my_robot_interfaces/srv/detail/turn_on_led__rosidl_typesupport_fastrtps_c.h
[3.411s] -- Installing: /home/manoj/ros2_ws/install/my_robot_interfaces/lib/libmy_robot_interfaces__rosidl_typesupport_fastrtps_c.so
[3.411s] -- Set runtime path of "/home/manoj/ros2_ws/install/my_robot_interfaces/lib/libmy_robot_interfaces__rosidl_typesupport_fastrtps_c.so" to ""
[3.411s] -- Up-to-date: /home/manoj/ros2_ws/install/my_robot_interfaces/include/my_robot_interfaces/my_robot_interfaces
[3.411s] -- Up-to-date: /home/manoj/ros2_ws/install/my_robot_interfaces/include/my_robot_interfaces/my_robot_interfaces/msg
[3.411s] -- Up-to-date: /home/manoj/ros2_ws/install/my_robot_interfaces/include/my_robot_interfaces/my_robot_interfaces/msg/detail
[3.411s] -- Installing: /home/manoj/ros2_ws/install/my_robot_interfaces/include/my_robot_interfaces/my_robot_interfaces/msg/detail/turtle_point_dist__type_support.c
[3.411s] -- Installing: /home/manoj/ros2_ws/install/my_robot_interfaces/include/my_robot_interfaces/my_robot_interfaces/msg/detail/turtle_point_dist__rosidl_typesupport_introspection_c.h
[3.411s] -- Installing: /home/manoj/ros2_ws/install/my_robot_interfaces/include/my_robot_interfaces/my_robot_interfaces/msg/detail/led_array_states__type_support.c
[3.412s] -- Installing: /home/manoj/ros2_ws/install/my_robot_interfaces/include/my_robot_interfaces/my_robot_interfaces/msg/detail/turtle_position_array__rosidl_typesupport_introspection_c.h
[3.412s] -- Installing: /home/manoj/ros2_ws/install/my_robot_interfaces/include/my_robot_interfaces/my_robot_interfaces/msg/detail/led_array_states__rosidl_typesupport_introspection_c.h
[3.412s] -- Installing: /home/manoj/ros2_ws/install/my_robot_interfaces/include/my_robot_interfaces/my_robot_interfaces/msg/detail/turtle_position_array__type_support.c
[3.412s] -- Up-to-date: /home/manoj/ros2_ws/install/my_robot_interfaces/include/my_robot_interfaces/my_robot_interfaces/msg/rosidl_typesupport_introspection_c__visibility_control.h
[3.412s] -- Up-to-date: /home/manoj/ros2_ws/install/my_robot_interfaces/include/my_robot_interfaces/my_robot_interfaces/srv
[3.412s] -- Up-to-date: /home/manoj/ros2_ws/install/my_robot_interfaces/include/my_robot_interfaces/my_robot_interfaces/srv/detail
[3.412s] -- Installing: /home/manoj/ros2_ws/install/my_robot_interfaces/include/my_robot_interfaces/my_robot_interfaces/srv/detail/turn_on_led__rosidl_typesupport_introspection_c.h
[3.412s] -- Installing: /home/manoj/ros2_ws/install/my_robot_interfaces/include/my_robot_interfaces/my_robot_interfaces/srv/detail/turn_on_led__type_support.c
[3.413s] -- Installing: /home/manoj/ros2_ws/install/my_robot_interfaces/lib/libmy_robot_interfaces__rosidl_typesupport_introspection_c.so
[3.413s] -- Set runtime path of "/home/manoj/ros2_ws/install/my_robot_interfaces/lib/libmy_robot_interfaces__rosidl_typesupport_introspection_c.so" to ""
[3.414s] -- Installing: /home/manoj/ros2_ws/install/my_robot_interfaces/lib/libmy_robot_interfaces__rosidl_typesupport_c.so
[3.414s] -- Set runtime path of "/home/manoj/ros2_ws/install/my_robot_interfaces/lib/libmy_robot_interfaces__rosidl_typesupport_c.so" to ""
[3.414s] -- Up-to-date: /home/manoj/ros2_ws/install/my_robot_interfaces/include/my_robot_interfaces/my_robot_interfaces
[3.414s] -- Up-to-date: /home/manoj/ros2_ws/install/my_robot_interfaces/include/my_robot_interfaces/my_robot_interfaces/msg
[3.415s] -- Installing: /home/manoj/ros2_ws/install/my_robot_interfaces/include/my_robot_interfaces/my_robot_interfaces/msg/led_array_states.hpp
[3.415s] -- Up-to-date: /home/manoj/ros2_ws/install/my_robot_interfaces/include/my_robot_interfaces/my_robot_interfaces/msg/detail
[3.415s] -- Installing: /home/manoj/ros2_ws/install/my_robot_interfaces/include/my_robot_interfaces/my_robot_interfaces/msg/detail/turtle_point_dist__traits.hpp
[3.415s] -- Installing: /home/manoj/ros2_ws/install/my_robot_interfaces/include/my_robot_interfaces/my_robot_interfaces/msg/detail/led_array_states__builder.hpp
[3.415s] -- Installing: /home/manoj/ros2_ws/install/my_robot_interfaces/include/my_robot_interfaces/my_robot_interfaces/msg/detail/turtle_position_array__builder.hpp
[3.415s] -- Installing: /home/manoj/ros2_ws/install/my_robot_interfaces/include/my_robot_interfaces/my_robot_interfaces/msg/detail/led_array_states__traits.hpp
[3.415s] -- Installing: /home/manoj/ros2_ws/install/my_robot_interfaces/include/my_robot_interfaces/my_robot_interfaces/msg/detail/turtle_position_array__traits.hpp
[3.415s] -- Installing: /home/manoj/ros2_ws/install/my_robot_interfaces/include/my_robot_interfaces/my_robot_interfaces/msg/detail/led_array_states__struct.hpp
[3.416s] -- Installing: /home/manoj/ros2_ws/install/my_robot_interfaces/include/my_robot_interfaces/my_robot_interfaces/msg/detail/turtle_point_dist__builder.hpp
[3.416s] -- Installing: /home/manoj/ros2_ws/install/my_robot_interfaces/include/my_robot_interfaces/my_robot_interfaces/msg/detail/turtle_point_dist__struct.hpp
[3.416s] -- Installing: /home/manoj/ros2_ws/install/my_robot_interfaces/include/my_robot_interfaces/my_robot_interfaces/msg/detail/turtle_position_array__struct.hpp
[3.416s] -- Installing: /home/manoj/ros2_ws/install/my_robot_interfaces/include/my_robot_interfaces/my_robot_interfaces/msg/turtle_point_dist.hpp
[3.416s] -- Installing: /home/manoj/ros2_ws/install/my_robot_interfaces/include/my_robot_interfaces/my_robot_interfaces/msg/turtle_position_array.hpp
[3.416s] -- Up-to-date: /home/manoj/ros2_ws/install/my_robot_interfaces/include/my_robot_interfaces/my_robot_interfaces/srv
[3.416s] -- Up-to-date: /home/manoj/ros2_ws/install/my_robot_interfaces/include/my_robot_interfaces/my_robot_interfaces/srv/detail
[3.416s] -- Installing: /home/manoj/ros2_ws/install/my_robot_interfaces/include/my_robot_interfaces/my_robot_interfaces/srv/detail/turn_on_led__traits.hpp
[3.417s] -- Installing: /home/manoj/ros2_ws/install/my_robot_interfaces/include/my_robot_interfaces/my_robot_interfaces/srv/detail/turn_on_led__builder.hpp
[3.417s] -- Installing: /home/manoj/ros2_ws/install/my_robot_interfaces/include/my_robot_interfaces/my_robot_interfaces/srv/detail/turn_on_led__struct.hpp
[3.417s] -- Installing: /home/manoj/ros2_ws/install/my_robot_interfaces/include/my_robot_interfaces/my_robot_interfaces/srv/turn_on_led.hpp
[3.417s] -- Up-to-date: /home/manoj/ros2_ws/install/my_robot_interfaces/include/my_robot_interfaces/my_robot_interfaces
[3.417s] -- Up-to-date: /home/manoj/ros2_ws/install/my_robot_interfaces/include/my_robot_interfaces/my_robot_interfaces/msg
[3.417s] -- Up-to-date: /home/manoj/ros2_ws/install/my_robot_interfaces/include/my_robot_interfaces/my_robot_interfaces/msg/detail
[3.417s] -- Up-to-date: /home/manoj/ros2_ws/install/my_robot_interfaces/include/my_robot_interfaces/my_robot_interfaces/msg/detail/dds_fastrtps
[3.417s] -- Installing: /home/manoj/ros2_ws/install/my_robot_interfaces/include/my_robot_interfaces/my_robot_interfaces/msg/detail/turtle_point_dist__rosidl_typesupport_fastrtps_cpp.hpp
[3.417s] -- Installing: /home/manoj/ros2_ws/install/my_robot_interfaces/include/my_robot_interfaces/my_robot_interfaces/msg/detail/led_array_states__rosidl_typesupport_fastrtps_cpp.hpp
[3.418s] -- Installing: /home/manoj/ros2_ws/install/my_robot_interfaces/include/my_robot_interfaces/my_robot_interfaces/msg/detail/turtle_position_array__rosidl_typesupport_fastrtps_cpp.hpp
[3.418s] -- Up-to-date: /home/manoj/ros2_ws/install/my_robot_interfaces/include/my_robot_interfaces/my_robot_interfaces/msg/rosidl_typesupport_fastrtps_cpp__visibility_control.h
[3.418s] -- Up-to-date: /home/manoj/ros2_ws/install/my_robot_interfaces/include/my_robot_interfaces/my_robot_interfaces/srv
[3.418s] -- Up-to-date: /home/manoj/ros2_ws/install/my_robot_interfaces/include/my_robot_interfaces/my_robot_interfaces/srv/detail
[3.418s] -- Installing: /home/manoj/ros2_ws/install/my_robot_interfaces/include/my_robot_interfaces/my_robot_interfaces/srv/detail/turn_on_led__rosidl_typesupport_fastrtps_cpp.hpp
[3.418s] -- Up-to-date: /home/manoj/ros2_ws/install/my_robot_interfaces/include/my_robot_interfaces/my_robot_interfaces/srv/detail/dds_fastrtps
[3.418s] -- Installing: /home/manoj/ros2_ws/install/my_robot_interfaces/lib/libmy_robot_interfaces__rosidl_typesupport_fastrtps_cpp.so
[3.419s] -- Set runtime path of "/home/manoj/ros2_ws/install/my_robot_interfaces/lib/libmy_robot_interfaces__rosidl_typesupport_fastrtps_cpp.so" to ""
[3.419s] -- Up-to-date: /home/manoj/ros2_ws/install/my_robot_interfaces/include/my_robot_interfaces/my_robot_interfaces
[3.419s] -- Up-to-date: /home/manoj/ros2_ws/install/my_robot_interfaces/include/my_robot_interfaces/my_robot_interfaces/msg
[3.419s] -- Up-to-date: /home/manoj/ros2_ws/install/my_robot_interfaces/include/my_robot_interfaces/my_robot_interfaces/msg/detail
[3.419s] -- Installing: /home/manoj/ros2_ws/install/my_robot_interfaces/include/my_robot_interfaces/my_robot_interfaces/msg/detail/turtle_point_dist__type_support.cpp
[3.419s] -- Installing: /home/manoj/ros2_ws/install/my_robot_interfaces/include/my_robot_interfaces/my_robot_interfaces/msg/detail/turtle_position_array__type_support.cpp
[3.419s] -- Installing: /home/manoj/ros2_ws/install/my_robot_interfaces/include/my_robot_interfaces/my_robot_interfaces/msg/detail/turtle_position_array__rosidl_typesupport_introspection_cpp.hpp
[3.420s] -- Installing: /home/manoj/ros2_ws/install/my_robot_interfaces/include/my_robot_interfaces/my_robot_interfaces/msg/detail/turtle_point_dist__rosidl_typesupport_introspection_cpp.hpp
[3.420s] -- Installing: /home/manoj/ros2_ws/install/my_robot_interfaces/include/my_robot_interfaces/my_robot_interfaces/msg/detail/led_array_states__type_support.cpp
[3.420s] -- Installing: /home/manoj/ros2_ws/install/my_robot_interfaces/include/my_robot_interfaces/my_robot_interfaces/msg/detail/led_array_states__rosidl_typesupport_introspection_cpp.hpp
[3.420s] -- Up-to-date: /home/manoj/ros2_ws/install/my_robot_interfaces/include/my_robot_interfaces/my_robot_interfaces/srv
[3.420s] -- Up-to-date: /home/manoj/ros2_ws/install/my_robot_interfaces/include/my_robot_interfaces/my_robot_interfaces/srv/detail
[3.420s] -- Installing: /home/manoj/ros2_ws/install/my_robot_interfaces/include/my_robot_interfaces/my_robot_interfaces/srv/detail/turn_on_led__type_support.cpp
[3.420s] -- Installing: /home/manoj/ros2_ws/install/my_robot_interfaces/include/my_robot_interfaces/my_robot_interfaces/srv/detail/turn_on_led__rosidl_typesupport_introspection_cpp.hpp
[3.421s] -- Installing: /home/manoj/ros2_ws/install/my_robot_interfaces/lib/libmy_robot_interfaces__rosidl_typesupport_introspection_cpp.so
[3.422s] -- Set runtime path of "/home/manoj/ros2_ws/install/my_robot_interfaces/lib/libmy_robot_interfaces__rosidl_typesupport_introspection_cpp.so" to ""
[3.422s] -- Installing: /home/manoj/ros2_ws/install/my_robot_interfaces/lib/libmy_robot_interfaces__rosidl_typesupport_cpp.so
[3.422s] -- Set runtime path of "/home/manoj/ros2_ws/install/my_robot_interfaces/lib/libmy_robot_interfaces__rosidl_typesupport_cpp.so" to ""
[3.422s] -- Up-to-date: /home/manoj/ros2_ws/install/my_robot_interfaces/share/my_robot_interfaces/environment/pythonpath.sh
[3.423s] -- Installing: /home/manoj/ros2_ws/install/my_robot_interfaces/share/my_robot_interfaces/environment/pythonpath.dsv
[3.423s] -- Up-to-date: /home/manoj/ros2_ws/install/my_robot_interfaces/local/lib/python3.10/dist-packages/my_robot_interfaces-0.0.0-py3.10.egg-info
[3.423s] -- Installing: /home/manoj/ros2_ws/install/my_robot_interfaces/local/lib/python3.10/dist-packages/my_robot_interfaces-0.0.0-py3.10.egg-info/SOURCES.txt
[3.423s] -- Installing: /home/manoj/ros2_ws/install/my_robot_interfaces/local/lib/python3.10/dist-packages/my_robot_interfaces-0.0.0-py3.10.egg-info/top_level.txt
[3.423s] -- Installing: /home/manoj/ros2_ws/install/my_robot_interfaces/local/lib/python3.10/dist-packages/my_robot_interfaces-0.0.0-py3.10.egg-info/dependency_links.txt
[3.423s] -- Installing: /home/manoj/ros2_ws/install/my_robot_interfaces/local/lib/python3.10/dist-packages/my_robot_interfaces-0.0.0-py3.10.egg-info/PKG-INFO
[3.423s] -- Up-to-date: /home/manoj/ros2_ws/install/my_robot_interfaces/local/lib/python3.10/dist-packages/my_robot_interfaces
[3.423s] -- Installing: /home/manoj/ros2_ws/install/my_robot_interfaces/local/lib/python3.10/dist-packages/my_robot_interfaces/my_robot_interfaces_s__rosidl_typesupport_introspection_c.cpython-310-x86_64-linux-gnu.so
[3.424s] -- Up-to-date: /home/manoj/ros2_ws/install/my_robot_interfaces/local/lib/python3.10/dist-packages/my_robot_interfaces/_my_robot_interfaces_s.ep.rosidl_typesupport_introspection_c.c
[3.424s] -- Up-to-date: /home/manoj/ros2_ws/install/my_robot_interfaces/local/lib/python3.10/dist-packages/my_robot_interfaces/_my_robot_interfaces_s.ep.rosidl_typesupport_c.c
[3.424s] -- Installing: /home/manoj/ros2_ws/install/my_robot_interfaces/local/lib/python3.10/dist-packages/my_robot_interfaces/__init__.py
[3.424s] -- Up-to-date: /home/manoj/ros2_ws/install/my_robot_interfaces/local/lib/python3.10/dist-packages/my_robot_interfaces/msg
[3.424s] -- Up-to-date: /home/manoj/ros2_ws/install/my_robot_interfaces/local/lib/python3.10/dist-packages/my_robot_interfaces/msg/_led_array_states_s.c
[3.424s] -- Up-to-date: /home/manoj/ros2_ws/install/my_robot_interfaces/local/lib/python3.10/dist-packages/my_robot_interfaces/msg/_turtle_position_array.py
[3.424s] -- Up-to-date: /home/manoj/ros2_ws/install/my_robot_interfaces/local/lib/python3.10/dist-packages/my_robot_interfaces/msg/_led_array_states.py
[3.424s] -- Up-to-date: /home/manoj/ros2_ws/install/my_robot_interfaces/local/lib/python3.10/dist-packages/my_robot_interfaces/msg/_turtle_position_array_s.c
[3.424s] -- Up-to-date: /home/manoj/ros2_ws/install/my_robot_interfaces/local/lib/python3.10/dist-packages/my_robot_interfaces/msg/__init__.py
[3.424s] -- Up-to-date: /home/manoj/ros2_ws/install/my_robot_interfaces/local/lib/python3.10/dist-packages/my_robot_interfaces/msg/_turtle_point_dist_s.c
[3.424s] -- Up-to-date: /home/manoj/ros2_ws/install/my_robot_interfaces/local/lib/python3.10/dist-packages/my_robot_interfaces/msg/_turtle_point_dist.py
[3.424s] -- Installing: /home/manoj/ros2_ws/install/my_robot_interfaces/local/lib/python3.10/dist-packages/my_robot_interfaces/my_robot_interfaces_s__rosidl_typesupport_fastrtps_c.cpython-310-x86_64-linux-gnu.so
[3.424s] -- Up-to-date: /home/manoj/ros2_ws/install/my_robot_interfaces/local/lib/python3.10/dist-packages/my_robot_interfaces/_my_robot_interfaces_s.ep.rosidl_typesupport_fastrtps_c.c
[3.424s] -- Installing: /home/manoj/ros2_ws/install/my_robot_interfaces/local/lib/python3.10/dist-packages/my_robot_interfaces/my_robot_interfaces_s__rosidl_typesupport_c.cpython-310-x86_64-linux-gnu.so
[3.425s] -- Installing: /home/manoj/ros2_ws/install/my_robot_interfaces/local/lib/python3.10/dist-packages/my_robot_interfaces/libmy_robot_interfaces__rosidl_generator_py.so
[3.425s] -- Up-to-date: /home/manoj/ros2_ws/install/my_robot_interfaces/local/lib/python3.10/dist-packages/my_robot_interfaces/srv
[3.425s] -- Up-to-date: /home/manoj/ros2_ws/install/my_robot_interfaces/local/lib/python3.10/dist-packages/my_robot_interfaces/srv/_turn_on_led_s.c
[3.425s] -- Up-to-date: /home/manoj/ros2_ws/install/my_robot_interfaces/local/lib/python3.10/dist-packages/my_robot_interfaces/srv/_turn_on_led.py
[3.425s] -- Up-to-date: /home/manoj/ros2_ws/install/my_robot_interfaces/local/lib/python3.10/dist-packages/my_robot_interfaces/srv/__init__.py
[3.453s] Listing '/home/manoj/ros2_ws/install/my_robot_interfaces/local/lib/python3.10/dist-packages/my_robot_interfaces'...
[3.453s] Compiling '/home/manoj/ros2_ws/install/my_robot_interfaces/local/lib/python3.10/dist-packages/my_robot_interfaces/__init__.py'...
[3.454s] Listing '/home/manoj/ros2_ws/install/my_robot_interfaces/local/lib/python3.10/dist-packages/my_robot_interfaces/msg'...
[3.454s] Listing '/home/manoj/ros2_ws/install/my_robot_interfaces/local/lib/python3.10/dist-packages/my_robot_interfaces/srv'...
[3.458s] -- Installing: /home/manoj/ros2_ws/install/my_robot_interfaces/local/lib/python3.10/dist-packages/my_robot_interfaces/my_robot_interfaces_s__rosidl_typesupport_fastrtps_c.cpython-310-x86_64-linux-gnu.so
[3.459s] -- Set runtime path of "/home/manoj/ros2_ws/install/my_robot_interfaces/local/lib/python3.10/dist-packages/my_robot_interfaces/my_robot_interfaces_s__rosidl_typesupport_fastrtps_c.cpython-310-x86_64-linux-gnu.so" to ""
[3.459s] -- Installing: /home/manoj/ros2_ws/install/my_robot_interfaces/local/lib/python3.10/dist-packages/my_robot_interfaces/my_robot_interfaces_s__rosidl_typesupport_introspection_c.cpython-310-x86_64-linux-gnu.so
[3.459s] -- Set runtime path of "/home/manoj/ros2_ws/install/my_robot_interfaces/local/lib/python3.10/dist-packages/my_robot_interfaces/my_robot_interfaces_s__rosidl_typesupport_introspection_c.cpython-310-x86_64-linux-gnu.so" to ""
[3.459s] -- Installing: /home/manoj/ros2_ws/install/my_robot_interfaces/local/lib/python3.10/dist-packages/my_robot_interfaces/my_robot_interfaces_s__rosidl_typesupport_c.cpython-310-x86_64-linux-gnu.so
[3.460s] -- Set runtime path of "/home/manoj/ros2_ws/install/my_robot_interfaces/local/lib/python3.10/dist-packages/my_robot_interfaces/my_robot_interfaces_s__rosidl_typesupport_c.cpython-310-x86_64-linux-gnu.so" to ""
[3.460s] -- Installing: /home/manoj/ros2_ws/install/my_robot_interfaces/lib/libmy_robot_interfaces__rosidl_generator_py.so
[3.461s] -- Set runtime path of "/home/manoj/ros2_ws/install/my_robot_interfaces/lib/libmy_robot_interfaces__rosidl_generator_py.so" to ""
[3.461s] -- Up-to-date: /home/manoj/ros2_ws/install/my_robot_interfaces/share/my_robot_interfaces/msg/LedArrayStates.idl
[3.461s] -- Up-to-date: /home/manoj/ros2_ws/install/my_robot_interfaces/share/my_robot_interfaces/msg/TurtlePointDist.idl
[3.461s] -- Up-to-date: /home/manoj/ros2_ws/install/my_robot_interfaces/share/my_robot_interfaces/msg/TurtlePositionArray.idl
[3.461s] -- Up-to-date: /home/manoj/ros2_ws/install/my_robot_interfaces/share/my_robot_interfaces/srv/TurnOnLed.idl
[3.461s] -- Up-to-date: /home/manoj/ros2_ws/install/my_robot_interfaces/share/my_robot_interfaces/msg/LedArrayStates.msg
[3.461s] -- Up-to-date: /home/manoj/ros2_ws/install/my_robot_interfaces/share/my_robot_interfaces/msg/TurtlePointDist.msg
[3.461s] -- Up-to-date: /home/manoj/ros2_ws/install/my_robot_interfaces/share/my_robot_interfaces/msg/TurtlePositionArray.msg
[3.461s] -- Up-to-date: /home/manoj/ros2_ws/install/my_robot_interfaces/share/my_robot_interfaces/srv/TurnOnLed.srv
[3.461s] -- Up-to-date: /home/manoj/ros2_ws/install/my_robot_interfaces/share/my_robot_interfaces/srv/TurnOnLed_Request.msg
[3.461s] -- Up-to-date: /home/manoj/ros2_ws/install/my_robot_interfaces/share/my_robot_interfaces/srv/TurnOnLed_Response.msg
[3.462s] -- Up-to-date: /home/manoj/ros2_ws/install/my_robot_interfaces/share/ament_index/resource_index/package_run_dependencies/my_robot_interfaces
[3.462s] -- Up-to-date: /home/manoj/ros2_ws/install/my_robot_interfaces/share/ament_index/resource_index/parent_prefix_path/my_robot_interfaces
[3.462s] -- Installing: /home/manoj/ros2_ws/install/my_robot_interfaces/share/my_robot_interfaces/environment/ament_prefix_path.sh
[3.462s] -- Installing: /home/manoj/ros2_ws/install/my_robot_interfaces/share/my_robot_interfaces/environment/ament_prefix_path.dsv
[3.462s] -- Installing: /home/manoj/ros2_ws/install/my_robot_interfaces/share/my_robot_interfaces/environment/path.sh
[3.462s] -- Installing: /home/manoj/ros2_ws/install/my_robot_interfaces/share/my_robot_interfaces/environment/path.dsv
[3.462s] -- Up-to-date: /home/manoj/ros2_ws/install/my_robot_interfaces/share/my_robot_interfaces/local_setup.bash
[3.462s] -- Up-to-date: /home/manoj/ros2_ws/install/my_robot_interfaces/share/my_robot_interfaces/local_setup.sh
[3.462s] -- Up-to-date: /home/manoj/ros2_ws/install/my_robot_interfaces/share/my_robot_interfaces/local_setup.zsh
[3.462s] -- Installing: /home/manoj/ros2_ws/install/my_robot_interfaces/share/my_robot_interfaces/local_setup.dsv
[3.462s] -- Installing: /home/manoj/ros2_ws/install/my_robot_interfaces/share/my_robot_interfaces/package.dsv
[3.462s] -- Up-to-date: /home/manoj/ros2_ws/install/my_robot_interfaces/share/ament_index/resource_index/packages/my_robot_interfaces
[3.463s] -- Up-to-date: /home/manoj/ros2_ws/install/my_robot_interfaces/share/my_robot_interfaces/cmake/export_my_robot_interfaces__rosidl_generator_cExport.cmake
[3.463s] -- Up-to-date: /home/manoj/ros2_ws/install/my_robot_interfaces/share/my_robot_interfaces/cmake/export_my_robot_interfaces__rosidl_generator_cExport-noconfig.cmake
[3.463s] -- Up-to-date: /home/manoj/ros2_ws/install/my_robot_interfaces/share/my_robot_interfaces/cmake/export_my_robot_interfaces__rosidl_typesupport_fastrtps_cExport.cmake
[3.463s] -- Up-to-date: /home/manoj/ros2_ws/install/my_robot_interfaces/share/my_robot_interfaces/cmake/export_my_robot_interfaces__rosidl_typesupport_fastrtps_cExport-noconfig.cmake
[3.463s] -- Up-to-date: /home/manoj/ros2_ws/install/my_robot_interfaces/share/my_robot_interfaces/cmake/my_robot_interfaces__rosidl_typesupport_introspection_cExport.cmake
[3.463s] -- Up-to-date: /home/manoj/ros2_ws/install/my_robot_interfaces/share/my_robot_interfaces/cmake/my_robot_interfaces__rosidl_typesupport_introspection_cExport-noconfig.cmake
[3.463s] -- Up-to-date: /home/manoj/ros2_ws/install/my_robot_interfaces/share/my_robot_interfaces/cmake/my_robot_interfaces__rosidl_typesupport_cExport.cmake
[3.463s] -- Up-to-date: /home/manoj/ros2_ws/install/my_robot_interfaces/share/my_robot_interfaces/cmake/my_robot_interfaces__rosidl_typesupport_cExport-noconfig.cmake
[3.463s] -- Up-to-date: /home/manoj/ros2_ws/install/my_robot_interfaces/share/my_robot_interfaces/cmake/export_my_robot_interfaces__rosidl_generator_cppExport.cmake
[3.463s] -- Up-to-date: /home/manoj/ros2_ws/install/my_robot_interfaces/share/my_robot_interfaces/cmake/export_my_robot_interfaces__rosidl_typesupport_fastrtps_cppExport.cmake
[3.463s] -- Up-to-date: /home/manoj/ros2_ws/install/my_robot_interfaces/share/my_robot_interfaces/cmake/export_my_robot_interfaces__rosidl_typesupport_fastrtps_cppExport-noconfig.cmake
[3.463s] -- Up-to-date: /home/manoj/ros2_ws/install/my_robot_interfaces/share/my_robot_interfaces/cmake/my_robot_interfaces__rosidl_typesupport_introspection_cppExport.cmake
[3.463s] -- Up-to-date: /home/manoj/ros2_ws/install/my_robot_interfaces/share/my_robot_interfaces/cmake/my_robot_interfaces__rosidl_typesupport_introspection_cppExport-noconfig.cmake
[3.464s] -- Up-to-date: /home/manoj/ros2_ws/install/my_robot_interfaces/share/my_robot_interfaces/cmake/my_robot_interfaces__rosidl_typesupport_cppExport.cmake
[3.464s] -- Up-to-date: /home/manoj/ros2_ws/install/my_robot_interfaces/share/my_robot_interfaces/cmake/my_robot_interfaces__rosidl_typesupport_cppExport-noconfig.cmake
[3.464s] -- Up-to-date: /home/manoj/ros2_ws/install/my_robot_interfaces/share/my_robot_interfaces/cmake/export_my_robot_interfaces__rosidl_generator_pyExport.cmake
[3.464s] -- Up-to-date: /home/manoj/ros2_ws/install/my_robot_interfaces/share/my_robot_interfaces/cmake/export_my_robot_interfaces__rosidl_generator_pyExport-noconfig.cmake
[3.464s] -- Up-to-date: /home/manoj/ros2_ws/install/my_robot_interfaces/share/my_robot_interfaces/cmake/rosidl_cmake-extras.cmake
[3.464s] -- Up-to-date: /home/manoj/ros2_ws/install/my_robot_interfaces/share/my_robot_interfaces/cmake/ament_cmake_export_include_directories-extras.cmake
[3.464s] -- Up-to-date: /home/manoj/ros2_ws/install/my_robot_interfaces/share/my_robot_interfaces/cmake/ament_cmake_export_libraries-extras.cmake
[3.464s] -- Up-to-date: /home/manoj/ros2_ws/install/my_robot_interfaces/share/my_robot_interfaces/cmake/ament_cmake_export_targets-extras.cmake
[3.464s] -- Up-to-date: /home/manoj/ros2_ws/install/my_robot_interfaces/share/my_robot_interfaces/cmake/rosidl_cmake_export_typesupport_targets-extras.cmake
[3.464s] -- Up-to-date: /home/manoj/ros2_ws/install/my_robot_interfaces/share/my_robot_interfaces/cmake/ament_cmake_export_dependencies-extras.cmake
[3.464s] -- Up-to-date: /home/manoj/ros2_ws/install/my_robot_interfaces/share/my_robot_interfaces/cmake/rosidl_cmake_export_typesupport_libraries-extras.cmake
[3.464s] -- Up-to-date: /home/manoj/ros2_ws/install/my_robot_interfaces/share/my_robot_interfaces/cmake/my_robot_interfacesConfig.cmake
[3.464s] -- Up-to-date: /home/manoj/ros2_ws/install/my_robot_interfaces/share/my_robot_interfaces/cmake/my_robot_interfacesConfig-version.cmake
[3.464s] -- Up-to-date: /home/manoj/ros2_ws/install/my_robot_interfaces/share/my_robot_interfaces/package.xml
[3.467s] Invoked command in '/home/manoj/ros2_ws/build/my_robot_interfaces' returned '0': CMAKE_PREFIX_PATH=${CMAKE_PREFIX_PATH}:/home/manoj/ros2_ws/install/turtle_hunt_py_pkg:/home/manoj/ros2_ws/install/my_py_pkg:/opt/ros/humble /usr/bin/cmake --install /home/manoj/ros2_ws/build/my_robot_interfaces
