[0.012s] Invoking command in '/home/manoj/ros2_ws/build/my_cpp_pkg': CMAKE_PREFIX_PATH=${CMAKE_PREFIX_PATH}:/home/manoj/ros2_ws/install/my_py_pkg:/opt/ros/humble /usr/bin/cmake --build /home/manoj/ros2_ws/build/my_cpp_pkg -- -j16 -l16
[0.047s] [35m[1mConsolidate compiler generated dependencies of target add_two_ints_client[0m
[0.055s] [ 64%] Built target smartphone
[0.055s] [ 64%] Built target add_two_ints_client_no_oop
[0.055s] [ 64%] Built target robot_news_station
[0.055s] [ 64%] [32mBuilding CXX object CMakeFiles/number_counter.dir/src/number_counter.cpp.o[0m
[0.055s] [ 64%] Built target cpp_node
[0.057s] [ 78%] Built target add_two_ints_server
[0.063s] [ 85%] [32mBuilding CXX object CMakeFiles/add_two_ints_client.dir/src/add_two_ints_client.cpp.o[0m
[0.197s] [01m[K/home/manoj/ros2_ws/src/my_cpp_pkg/src/number_counter.cpp:3:10:[m[K [01;31m[Kfatal error: [m[Kexample_interfaces/srv/set_bool.hpp: No such file or directory
[0.197s]     3 | #include [01;31m[K"example_interfaces/srv/set_bool.hpp"[m[K
[0.197s]       |          [01;31m[K^~~~~~~~~~~~~~~~~~~~~~~~~~~~~~~~~~~~~[m[K
[0.197s] compilation terminated.
[0.200s] gmake[2]: *** [CMakeFiles/number_counter.dir/build.make:76: CMakeFiles/number_counter.dir/src/number_counter.cpp.o] Error 1
[0.200s] gmake[1]: *** [CMakeFiles/Makefile2:227: CMakeFiles/number_counter.dir/all] Error 2
[0.200s] gmake[1]: *** Waiting for unfinished jobs....
[2.630s] [ 92%] [32m[1mLinking CXX executable add_two_ints_client[0m
[2.762s] [ 92%] Built target add_two_ints_client
[2.762s] gmake: *** [Makefile:146: all] Error 2
[2.765s] Invoked command in '/home/manoj/ros2_ws/build/my_cpp_pkg' returned '2': CMAKE_PREFIX_PATH=${CMAKE_PREFIX_PATH}:/home/manoj/ros2_ws/install/my_py_pkg:/opt/ros/humble /usr/bin/cmake --build /home/manoj/ros2_ws/build/my_cpp_pkg -- -j16 -l16
