[0.012s] Invoking command in '/home/manoj/ros2_ws/build/my_cpp_pkg': CMAKE_PREFIX_PATH=${CMAKE_PREFIX_PATH}:/home/manoj/ros2_ws/install/my_py_pkg:/opt/ros/humble /usr/bin/cmake --build /home/manoj/ros2_ws/build/my_cpp_pkg -- -j16 -l16
[0.045s] [35m[1mConsolidate compiler generated dependencies of target number_counter[0m
[0.046s] [35m[1mConsolidate compiler generated dependencies of target add_two_ints_server[0m
[0.054s] [ 30%] Built target robot_news_station
[0.055s] [ 40%] Built target cpp_node
[0.055s] [ 60%] Built target smartphone
[0.059s] [ 80%] Built target number_counter
[0.062s] [ 90%] [32mBuilding CXX object CMakeFiles/add_two_ints_server.dir/src/add_two_ints_server.cpp.o[0m
[1.708s] In file included from [01m[K/opt/ros/humble/include/rclcpp/rclcpp/logging.hpp:24[m[K,
[1.709s]                  from [01m[K/opt/ros/humble/include/rclcpp/rclcpp/client.hpp:40[m[K,
[1.709s]                  from [01m[K/opt/ros/humble/include/rclcpp/rclcpp/callback_group.hpp:24[m[K,
[1.709s]                  from [01m[K/opt/ros/humble/include/rclcpp/rclcpp/any_executable.hpp:20[m[K,
[1.709s]                  from [01m[K/opt/ros/humble/include/rclcpp/rclcpp/memory_strategy.hpp:25[m[K,
[1.709s]                  from [01m[K/opt/ros/humble/include/rclcpp/rclcpp/memory_strategies.hpp:18[m[K,
[1.709s]                  from [01m[K/opt/ros/humble/include/rclcpp/rclcpp/executor_options.hpp:20[m[K,
[1.709s]                  from [01m[K/opt/ros/humble/include/rclcpp/rclcpp/executor.hpp:37[m[K,
[1.710s]                  from [01m[K/opt/ros/humble/include/rclcpp/rclcpp/executors/multi_threaded_executor.hpp:25[m[K,
[1.710s]                  from [01m[K/opt/ros/humble/include/rclcpp/rclcpp/executors.hpp:21[m[K,
[1.710s]                  from [01m[K/opt/ros/humble/include/rclcpp/rclcpp/rclcpp.hpp:155[m[K,
[1.710s]                  from [01m[K/home/manoj/ros2_ws/src/my_cpp_pkg/src/add_two_ints_server.cpp:1[m[K:
[1.710s] [01m[K/home/manoj/ros2_ws/src/my_cpp_pkg/src/add_two_ints_server.cpp:[m[K In member function ‘[01m[Kvoid AddTwoIntsNode::callback_add_two_ints_server(example_interfaces::srv::AddTwoInts_Request_<std::allocator<void> >::SharedPtr, example_interfaces::srv::AddTwoInts_Response_<std::allocator<void> >::SharedPtr)[m[K’:
[1.710s] [01m[K/home/manoj/ros2_ws/src/my_cpp_pkg/src/add_two_ints_server.cpp:24:45:[m[K [01;35m[Kwarning: [m[Kformat ‘[01m[K%d[m[K’ expects argument of type ‘[01m[Kint[m[K’, but argument 5 has type ‘[01m[Kexample_interfaces::srv::AddTwoInts_Request_<std::allocator<void> >::_a_type[m[K’ {aka ‘[01m[Klong int[m[K’} [[01;35m[K]8;;https://gcc.gnu.org/onlinedocs/gcc/Warning-Options.html#index-Wformat=-Wformat=]8;;[m[K]
[1.710s]    24 |             RCLCPP_INFO(this->get_logger(), [01;35m[K"%d + %d = %ld"[m[K, [32m[Krequest->a[m[K, request->b, response->sum);
[1.711s]       |                                             [01;35m[K^~~~~~~~~~~~~~~[m[K  [32m[K~~~~~~~~~~[m[K
[1.711s]       |                                                                       [32m[K|[m[K
[1.711s]       |                                                                       [32m[Kexample_interfaces::srv::AddTwoInts_Request_<std::allocator<void> >::_a_type {aka long int}[m[K
[1.711s] [01m[K/home/manoj/ros2_ws/src/my_cpp_pkg/src/add_two_ints_server.cpp:24:47:[m[K [01;36m[Knote: [m[Kformat string is defined here
[1.711s]    24 |             RCLCPP_INFO(this->get_logger(), "[01;36m[K%d[m[K + %d = %ld", request->a, request->b, response->sum);
[1.711s]       |                                              [01;36m[K~^[m[K
[1.711s]       |                                               [01;36m[K|[m[K
[1.712s]       |                                               [01;36m[Kint[m[K
[1.712s]       |                                              [32m[K%ld[m[K
[1.712s] In file included from [01m[K/opt/ros/humble/include/rclcpp/rclcpp/logging.hpp:24[m[K,
[1.712s]                  from [01m[K/opt/ros/humble/include/rclcpp/rclcpp/client.hpp:40[m[K,
[1.712s]                  from [01m[K/opt/ros/humble/include/rclcpp/rclcpp/callback_group.hpp:24[m[K,
[1.712s]                  from [01m[K/opt/ros/humble/include/rclcpp/rclcpp/any_executable.hpp:20[m[K,
[1.712s]                  from [01m[K/opt/ros/humble/include/rclcpp/rclcpp/memory_strategy.hpp:25[m[K,
[1.713s]                  from [01m[K/opt/ros/humble/include/rclcpp/rclcpp/memory_strategies.hpp:18[m[K,
[1.713s]                  from [01m[K/opt/ros/humble/include/rclcpp/rclcpp/executor_options.hpp:20[m[K,
[1.713s]                  from [01m[K/opt/ros/humble/include/rclcpp/rclcpp/executor.hpp:37[m[K,
[1.713s]                  from [01m[K/opt/ros/humble/include/rclcpp/rclcpp/executors/multi_threaded_executor.hpp:25[m[K,
[1.713s]                  from [01m[K/opt/ros/humble/include/rclcpp/rclcpp/executors.hpp:21[m[K,
[1.713s]                  from [01m[K/opt/ros/humble/include/rclcpp/rclcpp/rclcpp.hpp:155[m[K,
[1.713s]                  from [01m[K/home/manoj/ros2_ws/src/my_cpp_pkg/src/add_two_ints_server.cpp:1[m[K:
[1.714s] [01m[K/home/manoj/ros2_ws/src/my_cpp_pkg/src/add_two_ints_server.cpp:24:45:[m[K [01;35m[Kwarning: [m[Kformat ‘[01m[K%d[m[K’ expects argument of type ‘[01m[Kint[m[K’, but argument 6 has type ‘[01m[Kexample_interfaces::srv::AddTwoInts_Request_<std::allocator<void> >::_b_type[m[K’ {aka ‘[01m[Klong int[m[K’} [[01;35m[K]8;;https://gcc.gnu.org/onlinedocs/gcc/Warning-Options.html#index-Wformat=-Wformat=]8;;[m[K]
[1.714s]    24 |             RCLCPP_INFO(this->get_logger(), [01;35m[K"%d + %d = %ld"[m[K, request->a, [32m[Krequest->b[m[K, response->sum);
[1.714s]       |                                             [01;35m[K^~~~~~~~~~~~~~~[m[K              [32m[K~~~~~~~~~~[m[K
[1.714s]       |                                                                                   [32m[K|[m[K
[1.714s]       |                                                                                   [32m[Kexample_interfaces::srv::AddTwoInts_Request_<std::allocator<void> >::_b_type {aka long int}[m[K
[1.714s] [01m[K/home/manoj/ros2_ws/src/my_cpp_pkg/src/add_two_ints_server.cpp:24:52:[m[K [01;36m[Knote: [m[Kformat string is defined here
[1.714s]    24 |             RCLCPP_INFO(this->get_logger(), "%d + [01;36m[K%d[m[K = %ld", request->a, request->b, response->sum);
[1.714s]       |                                                   [01;36m[K~^[m[K
[1.715s]       |                                                    [01;36m[K|[m[K
[1.715s]       |                                                    [01;36m[Kint[m[K
[1.715s]       |                                                   [32m[K%ld[m[K
[2.517s] [100%] [32m[1mLinking CXX executable add_two_ints_server[0m
[2.650s] [100%] Built target add_two_ints_server
[2.659s] Invoked command in '/home/manoj/ros2_ws/build/my_cpp_pkg' returned '0': CMAKE_PREFIX_PATH=${CMAKE_PREFIX_PATH}:/home/manoj/ros2_ws/install/my_py_pkg:/opt/ros/humble /usr/bin/cmake --build /home/manoj/ros2_ws/build/my_cpp_pkg -- -j16 -l16
[2.689s] Invoking command in '/home/manoj/ros2_ws/build/my_cpp_pkg': CMAKE_PREFIX_PATH=${CMAKE_PREFIX_PATH}:/home/manoj/ros2_ws/install/my_py_pkg:/opt/ros/humble /usr/bin/cmake --install /home/manoj/ros2_ws/build/my_cpp_pkg
[2.695s] -- Install configuration: ""
[2.695s] -- Up-to-date: /home/manoj/ros2_ws/install/my_cpp_pkg/lib/my_cpp_pkg/cpp_node
[2.695s] -- Up-to-date: /home/manoj/ros2_ws/install/my_cpp_pkg/lib/my_cpp_pkg/robot_news_station
[2.695s] -- Up-to-date: /home/manoj/ros2_ws/install/my_cpp_pkg/lib/my_cpp_pkg/smartphone
[2.695s] -- Up-to-date: /home/manoj/ros2_ws/install/my_cpp_pkg/lib/my_cpp_pkg/number_counter
[2.696s] -- Installing: /home/manoj/ros2_ws/install/my_cpp_pkg/lib/my_cpp_pkg/add_two_ints_server
[2.697s] -- Set runtime path of "/home/manoj/ros2_ws/install/my_cpp_pkg/lib/my_cpp_pkg/add_two_ints_server" to ""
[2.697s] -- Up-to-date: /home/manoj/ros2_ws/install/my_cpp_pkg/share/ament_index/resource_index/package_run_dependencies/my_cpp_pkg
[2.697s] -- Up-to-date: /home/manoj/ros2_ws/install/my_cpp_pkg/share/ament_index/resource_index/parent_prefix_path/my_cpp_pkg
[2.697s] -- Up-to-date: /home/manoj/ros2_ws/install/my_cpp_pkg/share/my_cpp_pkg/environment/ament_prefix_path.sh
[2.697s] -- Up-to-date: /home/manoj/ros2_ws/install/my_cpp_pkg/share/my_cpp_pkg/environment/ament_prefix_path.dsv
[2.697s] -- Up-to-date: /home/manoj/ros2_ws/install/my_cpp_pkg/share/my_cpp_pkg/environment/path.sh
[2.697s] -- Up-to-date: /home/manoj/ros2_ws/install/my_cpp_pkg/share/my_cpp_pkg/environment/path.dsv
[2.698s] -- Up-to-date: /home/manoj/ros2_ws/install/my_cpp_pkg/share/my_cpp_pkg/local_setup.bash
[2.698s] -- Up-to-date: /home/manoj/ros2_ws/install/my_cpp_pkg/share/my_cpp_pkg/local_setup.sh
[2.698s] -- Up-to-date: /home/manoj/ros2_ws/install/my_cpp_pkg/share/my_cpp_pkg/local_setup.zsh
[2.698s] -- Up-to-date: /home/manoj/ros2_ws/install/my_cpp_pkg/share/my_cpp_pkg/local_setup.dsv
[2.698s] -- Installing: /home/manoj/ros2_ws/install/my_cpp_pkg/share/my_cpp_pkg/package.dsv
[2.698s] -- Up-to-date: /home/manoj/ros2_ws/install/my_cpp_pkg/share/ament_index/resource_index/packages/my_cpp_pkg
[2.698s] -- Up-to-date: /home/manoj/ros2_ws/install/my_cpp_pkg/share/my_cpp_pkg/cmake/my_cpp_pkgConfig.cmake
[2.698s] -- Up-to-date: /home/manoj/ros2_ws/install/my_cpp_pkg/share/my_cpp_pkg/cmake/my_cpp_pkgConfig-version.cmake
[2.698s] -- Up-to-date: /home/manoj/ros2_ws/install/my_cpp_pkg/share/my_cpp_pkg/package.xml
[2.700s] Invoked command in '/home/manoj/ros2_ws/build/my_cpp_pkg' returned '0': CMAKE_PREFIX_PATH=${CMAKE_PREFIX_PATH}:/home/manoj/ros2_ws/install/my_py_pkg:/opt/ros/humble /usr/bin/cmake --install /home/manoj/ros2_ws/build/my_cpp_pkg
